This is pdfTeX, Version 3.141592653-2.6-1.40.22 (TeX Live 2021 Gentoo Linux) (preloaded format=pdflatex 2021.8.16)  24 SEP 2021 16:40
entering extended mode
 restricted \write18 enabled.
 file:line:error style messages enabled.
 %&-line parsing enabled.
**report.tex
(./report.tex
LaTeX2e <2020-10-01> patch level 4
L3 programming layer <2021-02-18>
(/usr/share/texmf-dist/tex/latex/base/article.cls
Document Class: article 2020/04/10 v1.4m Standard LaTeX document class
(/usr/share/texmf-dist/tex/latex/base/size10.clo
File: size10.clo 2020/04/10 v1.4m Standard LaTeX file (size option)
)
\c@part=\count179
\c@section=\count180
\c@subsection=\count181
\c@subsubsection=\count182
\c@paragraph=\count183
\c@subparagraph=\count184
\c@figure=\count185
\c@table=\count186
\abovecaptionskip=\skip47
\belowcaptionskip=\skip48
\bibindent=\dimen138
)
(/usr/share/texmf-dist/tex/latex/graphics/graphicx.sty
Package: graphicx 2020/09/09 v1.2b Enhanced LaTeX Graphics (DPC,SPQR)

(/usr/share/texmf-dist/tex/latex/graphics/keyval.sty
Package: keyval 2014/10/28 v1.15 key=value parser (DPC)
\KV@toks@=\toks15
)
(/usr/share/texmf-dist/tex/latex/graphics/graphics.sty
Package: graphics 2020/08/30 v1.4c Standard LaTeX Graphics (DPC,SPQR)

(/usr/share/texmf-dist/tex/latex/graphics/trig.sty
Package: trig 2016/01/03 v1.10 sin cos tan (DPC)
)
(/usr/share/texmf-dist/tex/latex/graphics-cfg/graphics.cfg
File: graphics.cfg 2016/06/04 v1.11 sample graphics configuration
)
Package graphics Info: Driver file: pdftex.def on input line 105.

(/usr/share/texmf-dist/tex/latex/graphics-def/pdftex.def
File: pdftex.def 2020/10/05 v1.2a Graphics/color driver for pdftex
))
\Gin@req@height=\dimen139
\Gin@req@width=\dimen140
)
(/usr/share/texmf-dist/tex/latex/l3backend/l3backend-pdftex.def
File: l3backend-pdftex.def 2021-03-18 L3 backend support: PDF output (pdfTeX)
\l__color_backend_stack_int=\count187
\l__pdf_internal_box=\box47
) (./report.aux)
\openout1 = `report.aux'.

LaTeX Font Info:    Checking defaults for OML/cmm/m/it on input line 8.
LaTeX Font Info:    ... okay on input line 8.
LaTeX Font Info:    Checking defaults for OMS/cmsy/m/n on input line 8.
LaTeX Font Info:    ... okay on input line 8.
LaTeX Font Info:    Checking defaults for OT1/cmr/m/n on input line 8.
LaTeX Font Info:    ... okay on input line 8.
LaTeX Font Info:    Checking defaults for T1/cmr/m/n on input line 8.
LaTeX Font Info:    ... okay on input line 8.
LaTeX Font Info:    Checking defaults for TS1/cmr/m/n on input line 8.
LaTeX Font Info:    ... okay on input line 8.
LaTeX Font Info:    Checking defaults for OMX/cmex/m/n on input line 8.
LaTeX Font Info:    ... okay on input line 8.
LaTeX Font Info:    Checking defaults for U/cmr/m/n on input line 8.
LaTeX Font Info:    ... okay on input line 8.
(/usr/share/texmf-dist/tex/context/base/mkii/supp-pdf.mkii
[Loading MPS to PDF converter (version 2006.09.02).]
\scratchcounter=\count188
\scratchdimen=\dimen141
\scratchbox=\box48
\nofMPsegments=\count189
\nofMParguments=\count190
\everyMPshowfont=\toks16
\MPscratchCnt=\count191
\MPscratchDim=\dimen142
\MPnumerator=\count192
\makeMPintoPDFobject=\count193
\everyMPtoPDFconversion=\toks17
) (/usr/share/texmf-dist/tex/latex/epstopdf-pkg/epstopdf-base.sty
Package: epstopdf-base 2020-01-24 v2.11 Base part for package epstopdf
Package epstopdf-base Info: Redefining graphics rule for `.eps' on input line 4
85.

(/usr/share/texmf-dist/tex/latex/latexconfig/epstopdf-sys.cfg
File: epstopdf-sys.cfg 2010/07/13 v1.3 Configuration of (r)epstopdf for TeX Liv
e
))
LaTeX Font Info:    External font `cmex10' loaded for size
(Font)              <12> on input line 10.
LaTeX Font Info:    External font `cmex10' loaded for size
(Font)              <8> on input line 10.
LaTeX Font Info:    External font `cmex10' loaded for size
(Font)              <6> on input line 10.
LaTeX Font Info:    External font `cmex10' loaded for size
(Font)              <7> on input line 14.
LaTeX Font Info:    External font `cmex10' loaded for size
(Font)              <5> on input line 14.
<./img//plot1.png, id=1, 607.26875pt x 341.275pt>
File: ./img//plot1.png Graphic file (type png)
<use ./img//plot1.png>
Package pdftex.def Info: ./img//plot1.png  used on input line 35.
(pdftex.def)             Requested size: 303.63364pt x 170.63707pt.
 [1

{/var/lib/texmf/fonts/map/pdftex/updmap/pdftex.map}]
<./img//plot2.png, id=17, 607.26875pt x 341.275pt>
File: ./img//plot2.png Graphic file (type png)
<use ./img//plot2.png>
Package pdftex.def Info: ./img//plot2.png  used on input line 45.
(pdftex.def)             Requested size: 303.63364pt x 170.63707pt.
 [2 <./img//plot1.png>]
<./img//plot3.png, id=25, 607.26875pt x 341.275pt>
File: ./img//plot3.png Graphic file (type png)
<use ./img//plot3.png>
Package pdftex.def Info: ./img//plot3.png  used on input line 46.
(pdftex.def)             Requested size: 303.63364pt x 170.63707pt.
<./img//plot4.png, id=26, 607.26875pt x 341.275pt>
File: ./img//plot4.png Graphic file (type png)
<use ./img//plot4.png>
Package pdftex.def Info: ./img//plot4.png  used on input line 47.
(pdftex.def)             Requested size: 303.63364pt x 170.63707pt.
 [3 <./img//plot2.png> <./img//plot3.png> <./img//plot4.png>]
Overfull \hbox (43.49661pt too wide) in paragraph at lines 99--99
[]  \OT1/cmtt/m/n/10 float a = 0.001, b = 4.0, h = 0.02, space = (b - a) / 22, 
x = a + space;[] 
 []


Overfull \hbox (111.74602pt too wide) in paragraph at lines 99--99
[]    \OT1/cmtt/m/n/10 outfile << x << " " << V(x) << " " << (V(x + h) - V(x)) 
/ h << " " << E(x) << endl;[] 
 []


Overfull \hbox (27.74675pt too wide) in paragraph at lines 99--99
[]\OT1/cmtt/m/n/10 [dwilk14@tigers ~/HW3]$ cp dwilk14_hw3p2.txt /home3/kristina
/phys2411/.[] 
 []

[4]
Overfull \hbox (85.49625pt too wide) in paragraph at lines 155--155
[]  \OT1/cmtt/m/n/10 return 1 / (3 * h) * (8 * (f( x + h/4) - f(x - h/4)) - f(x
 + h/2) + f(x - h/2));[] 
 []


Overfull \hbox (6.74693pt too wide) in paragraph at lines 155--155
[]  \OT1/cmtt/m/n/10 double h = 0.1, a = -1, b = 1, step = (b - a) / 22, x = a 
+ step;[] 
 []


Overfull \hbox (74.99634pt too wide) in paragraph at lines 155--155
[]    \OT1/cmtt/m/n/10 outfile << x << " " << p4(x) << " " << abs(FD(p4, x, h) 
- exact(x)) << " " \[] 
 []


Overfull \hbox (111.74602pt too wide) in paragraph at lines 155--155
[]        \OT1/cmtt/m/n/10 << abs(CD(p4, x, h) - exact(x)) << " " << abs(ED(p4,
 x, h) - exact(x)) << endl;[] 
 []

[5]
Overfull \hbox (27.74675pt too wide) in paragraph at lines 155--155
[]\OT1/cmtt/m/n/10 [dwilk14@tigers ~/HW3]$ cp dwilk14_hw3p4.txt /home3/kristina
/phys2411/.[] 
 []

[6] (./report.aux) ) 
Here is how much of TeX's memory you used:
 1214 strings out of 480954
 18001 string characters out of 5908242
 306013 words of memory out of 5000000
 18478 multiletter control sequences out of 15000+600000
 407545 words of font info for 41 fonts, out of 8000000 for 9000
 14 hyphenation exceptions out of 8191
 68i,6n,74p,622b,262s stack positions out of 5000i,500n,10000p,200000b,80000s
</usr/share/texmf-dist/fonts/type1/public/amsfonts/cm/cmbx1
2.pfb></usr/share/texmf-dist/fonts/type1/public/amsfonts/cm/cmex10.pfb></usr/sh
are/texmf-dist/fonts/type1/public/amsfonts/cm/cmmi10.pfb></usr/share/texmf-dist
/fonts/type1/public/amsfonts/cm/cmmi5.pfb></usr/share/texmf-dist/fonts/type1/pu
blic/amsfonts/cm/cmmi7.pfb></usr/share/texmf-dist/fonts/type1/public/amsfonts/c
m/cmr10.pfb></usr/share/texmf-dist/fonts/type1/public/amsfonts/cm/cmr12.pfb></u
sr/share/texmf-dist/fonts/type1/public/amsfonts/cm/cmr17.pfb></usr/share/texmf-
dist/fonts/type1/public/amsfonts/cm/cmr5.pfb></usr/share/texmf-dist/fonts/type1
/public/amsfonts/cm/cmr7.pfb></usr/share/texmf-dist/fonts/type1/public/amsfonts
/cm/cmsy10.pfb></usr/share/texmf-dist/fonts/type1/public/amsfonts/cm/cmsy7.pfb>
</usr/share/texmf-dist/fonts/type1/public/amsfonts/cm/cmtt10.pfb>
Output written on report.pdf (6 pages, 173706 bytes).
PDF statistics:
 84 PDF objects out of 1000 (max. 8388607)
 54 compressed objects within 1 object stream
 0 named destinations out of 1000 (max. 500000)
 21 words of extra memory for PDF output out of 10000 (max. 10000000)

