

*******************************************************************************
Thu Mar  9 20:08:40 2023


FIT:    data read from 'b1.dat' using 1:2
        format = x:z
        #datapoints = 7
        residuals are weighted equally (unit weight)

function used for fitting: f(x)
	f(x) = m*x + b
fitted parameters initialized with current variable values

iter      chisq       delta/lim  lambda   m             b            
   0 4.3468796891e+04   0.00e+00  5.60e+01    1.000000e+00   1.000000e+00
   5 6.1519707972e-03  -2.87e-01  5.60e-04    1.300927e-02   3.303354e-02

After 5 iterations the fit converged.
final sum of squares of residuals : 0.00615197
rel. change during last iteration : -2.86898e-06

degrees of freedom    (FIT_NDF)                        : 5
rms of residuals      (FIT_STDFIT) = sqrt(WSSR/ndf)    : 0.035077
variance of residuals (reduced chisquare) = WSSR/ndf   : 0.00123039

Final set of parameters            Asymptotic Standard Error
=======================            ==========================
m               = 0.0130093        +/- 0.0002464    (1.894%)
b               = 0.0330335        +/- 0.01949      (59.01%)

correlation matrix of the fit parameters:
                m      b      
m               1.000 
b              -0.733  1.000 


*******************************************************************************
Thu Mar  9 20:08:40 2023


FIT:    data read from 'b1.dat' using 1:3
        format = x:z
        #datapoints = 7
        residuals are weighted equally (unit weight)

function used for fitting: g(x)
	g(x) = n*x + c
fitted parameters initialized with current variable values

iter      chisq       delta/lim  lambda   n             c            
   0 4.3015688844e+04   0.00e+00  5.60e+01    1.000000e+00   1.000000e+00
   5 1.3664039069e-03  -2.99e-02  5.60e-04    1.065618e-02   8.450846e-01

After 5 iterations the fit converged.
final sum of squares of residuals : 0.0013664
rel. change during last iteration : -2.99089e-07

degrees of freedom    (FIT_NDF)                        : 5
rms of residuals      (FIT_STDFIT) = sqrt(WSSR/ndf)    : 0.0165312
variance of residuals (reduced chisquare) = WSSR/ndf   : 0.000273281

Final set of parameters            Asymptotic Standard Error
=======================            ==========================
n               = 0.0106562        +/- 0.0001161    (1.09%)
c               = 0.845085         +/- 0.009186     (1.087%)

correlation matrix of the fit parameters:
                n      c      
n               1.000 
c              -0.733  1.000 


*******************************************************************************
Thu Mar  9 20:09:21 2023


FIT:    data read from 'b1.dat' using 1:2
        format = x:z
        #datapoints = 7
        residuals are weighted equally (unit weight)

function used for fitting: f(x)
	f(x) = m*x + b
fitted parameters initialized with current variable values

iter      chisq       delta/lim  lambda   m             b            
   0 6.1519707972e-03   0.00e+00  7.28e-01    1.300927e-02   3.303354e-02
   1 6.1519707972e-03  -2.68e-10  7.28e-01    1.300927e-02   3.303354e-02

After 1 iterations the fit converged.
final sum of squares of residuals : 0.00615197
rel. change during last iteration : -2.6788e-15

degrees of freedom    (FIT_NDF)                        : 5
rms of residuals      (FIT_STDFIT) = sqrt(WSSR/ndf)    : 0.035077
variance of residuals (reduced chisquare) = WSSR/ndf   : 0.00123039

Final set of parameters            Asymptotic Standard Error
=======================            ==========================
m               = 0.0130093        +/- 0.0002464    (1.894%)
b               = 0.0330335        +/- 0.01949      (59.01%)

correlation matrix of the fit parameters:
                m      b      
m               1.000 
b              -0.733  1.000 


*******************************************************************************
Thu Mar  9 20:09:21 2023


FIT:    data read from 'b1.dat' using 1:3
        format = x:z
        #datapoints = 7
        residuals are weighted equally (unit weight)

function used for fitting: g(x)
	g(x) = n*x + c
fitted parameters initialized with current variable values

iter      chisq       delta/lim  lambda   n             c            
   0 1.3664039069e-03   0.00e+00  8.44e-01    1.065618e-02   8.450846e-01
   1 1.3664039069e-03  -3.33e-10  8.44e-02    1.065618e-02   8.450846e-01

After 1 iterations the fit converged.
final sum of squares of residuals : 0.0013664
rel. change during last iteration : -3.33258e-15

degrees of freedom    (FIT_NDF)                        : 5
rms of residuals      (FIT_STDFIT) = sqrt(WSSR/ndf)    : 0.0165312
variance of residuals (reduced chisquare) = WSSR/ndf   : 0.000273281

Final set of parameters            Asymptotic Standard Error
=======================            ==========================
n               = 0.0106562        +/- 0.0001161    (1.09%)
c               = 0.845085         +/- 0.009186     (1.087%)

correlation matrix of the fit parameters:
                n      c      
n               1.000 
c              -0.733  1.000 


*******************************************************************************
Thu Mar  9 20:09:43 2023


FIT:    data read from 'b1.dat' using 1:2
        format = x:z
        #datapoints = 7
        residuals are weighted equally (unit weight)

function used for fitting: f(x)
	f(x) = m*x + b
fitted parameters initialized with current variable values

iter      chisq       delta/lim  lambda   m             b            
   0 6.1519707972e-03   0.00e+00  7.28e-01    1.300927e-02   3.303354e-02
   1 6.1519707972e-03   0.00e+00  7.28e+01    1.300927e-02   3.303354e-02

After 1 iterations the fit converged.
final sum of squares of residuals : 0.00615197
rel. change during last iteration : 0

degrees of freedom    (FIT_NDF)                        : 5
rms of residuals      (FIT_STDFIT) = sqrt(WSSR/ndf)    : 0.035077
variance of residuals (reduced chisquare) = WSSR/ndf   : 0.00123039

Final set of parameters            Asymptotic Standard Error
=======================            ==========================
m               = 0.0130093        +/- 0.0002464    (1.894%)
b               = 0.0330335        +/- 0.01949      (59.01%)

correlation matrix of the fit parameters:
                m      b      
m               1.000 
b              -0.733  1.000 


*******************************************************************************
Thu Mar  9 20:09:43 2023


FIT:    data read from 'b1.dat' using 1:3
        format = x:z
        #datapoints = 7
        residuals are weighted equally (unit weight)

function used for fitting: g(x)
	g(x) = n*x + c
fitted parameters initialized with current variable values

iter      chisq       delta/lim  lambda   n             c            
   0 1.3664039069e-03   0.00e+00  8.44e-01    1.065618e-02   8.450846e-01
   1 1.3664039069e-03   0.00e+00  8.44e+02    1.065618e-02   8.450846e-01

After 1 iterations the fit converged.
final sum of squares of residuals : 0.0013664
rel. change during last iteration : 0

degrees of freedom    (FIT_NDF)                        : 5
rms of residuals      (FIT_STDFIT) = sqrt(WSSR/ndf)    : 0.0165312
variance of residuals (reduced chisquare) = WSSR/ndf   : 0.000273281

Final set of parameters            Asymptotic Standard Error
=======================            ==========================
n               = 0.0106562        +/- 0.0001161    (1.09%)
c               = 0.845085         +/- 0.009186     (1.087%)

correlation matrix of the fit parameters:
                n      c      
n               1.000 
c              -0.733  1.000 


*******************************************************************************
Thu Mar  9 20:12:36 2023


FIT:    data read from 'b1.dat' using 1:2
        format = x:z
        #datapoints = 7
        residuals are weighted equally (unit weight)

function used for fitting: f(x)
	f(x) = m*x + b
fitted parameters initialized with current variable values

iter      chisq       delta/lim  lambda   m             b            
   0 6.1519707972e-03   0.00e+00  7.28e-01    1.300927e-02   3.303354e-02
   1 6.1519707972e-03  -1.41e-11  7.28e+01    1.300927e-02   3.303354e-02

After 1 iterations the fit converged.
final sum of squares of residuals : 0.00615197
rel. change during last iteration : -1.40989e-16

degrees of freedom    (FIT_NDF)                        : 5
rms of residuals      (FIT_STDFIT) = sqrt(WSSR/ndf)    : 0.035077
variance of residuals (reduced chisquare) = WSSR/ndf   : 0.00123039

Final set of parameters            Asymptotic Standard Error
=======================            ==========================
m               = 0.0130093        +/- 0.0002464    (1.894%)
b               = 0.0330335        +/- 0.01949      (59.01%)

correlation matrix of the fit parameters:
                m      b      
m               1.000 
b              -0.733  1.000 


*******************************************************************************
Thu Mar  9 20:12:36 2023


FIT:    data read from 'b1.dat' using 1:3
        format = x:z
        #datapoints = 7
        residuals are weighted equally (unit weight)

function used for fitting: g(x)
	g(x) = n*x + c
fitted parameters initialized with current variable values

iter      chisq       delta/lim  lambda   n             c            
   0 1.3664039069e-03   0.00e+00  8.44e-01    1.065618e-02   8.450846e-01
   1 1.3664039069e-03   0.00e+00  8.44e+02    1.065618e-02   8.450846e-01

After 1 iterations the fit converged.
final sum of squares of residuals : 0.0013664
rel. change during last iteration : 0

degrees of freedom    (FIT_NDF)                        : 5
rms of residuals      (FIT_STDFIT) = sqrt(WSSR/ndf)    : 0.0165312
variance of residuals (reduced chisquare) = WSSR/ndf   : 0.000273281

Final set of parameters            Asymptotic Standard Error
=======================            ==========================
n               = 0.0106562        +/- 0.0001161    (1.09%)
c               = 0.845085         +/- 0.009186     (1.087%)

correlation matrix of the fit parameters:
                n      c      
n               1.000 
c              -0.733  1.000 


*******************************************************************************
Thu Mar  9 20:13:41 2023


FIT:    data read from 'b1.dat' using 1:2
        format = x:z
        #datapoints = 7
        residuals are weighted equally (unit weight)

function used for fitting: f(x)
	f(x) = m*x + b
fitted parameters initialized with current variable values

iter      chisq       delta/lim  lambda   m             b            
   0 6.1519707972e-03   0.00e+00  7.28e-01    1.300927e-02   3.303354e-02
   1 6.1519707972e-03  -1.41e-11  7.28e+01    1.300927e-02   3.303354e-02

After 1 iterations the fit converged.
final sum of squares of residuals : 0.00615197
rel. change during last iteration : -1.40989e-16

degrees of freedom    (FIT_NDF)                        : 5
rms of residuals      (FIT_STDFIT) = sqrt(WSSR/ndf)    : 0.035077
variance of residuals (reduced chisquare) = WSSR/ndf   : 0.00123039

Final set of parameters            Asymptotic Standard Error
=======================            ==========================
m               = 0.0130093        +/- 0.0002464    (1.894%)
b               = 0.0330335        +/- 0.01949      (59.01%)

correlation matrix of the fit parameters:
                m      b      
m               1.000 
b              -0.733  1.000 


*******************************************************************************
Thu Mar  9 20:13:41 2023


FIT:    data read from 'b1.dat' using 1:3
        format = x:z
        #datapoints = 7
        residuals are weighted equally (unit weight)

function used for fitting: g(x)
	g(x) = n*x + c
fitted parameters initialized with current variable values

iter      chisq       delta/lim  lambda   n             c            
   0 1.3664039069e-03   0.00e+00  8.44e-01    1.065618e-02   8.450846e-01
   1 1.3664039069e-03   0.00e+00  8.44e+02    1.065618e-02   8.450846e-01

After 1 iterations the fit converged.
final sum of squares of residuals : 0.0013664
rel. change during last iteration : 0

degrees of freedom    (FIT_NDF)                        : 5
rms of residuals      (FIT_STDFIT) = sqrt(WSSR/ndf)    : 0.0165312
variance of residuals (reduced chisquare) = WSSR/ndf   : 0.000273281

Final set of parameters            Asymptotic Standard Error
=======================            ==========================
n               = 0.0106562        +/- 0.0001161    (1.09%)
c               = 0.845085         +/- 0.009186     (1.087%)

correlation matrix of the fit parameters:
                n      c      
n               1.000 
c              -0.733  1.000 


*******************************************************************************
Thu Mar  9 20:14:24 2023


FIT:    data read from 'b1.dat' using 1:2
        format = x:z
        #datapoints = 7
        residuals are weighted equally (unit weight)

function used for fitting: f(x)
	f(x) = m*x + b
fitted parameters initialized with current variable values

iter      chisq       delta/lim  lambda   m             b            
   0 6.1519707972e-03   0.00e+00  7.28e-01    1.300927e-02   3.303354e-02
   1 6.1519707972e-03   0.00e+00  7.28e+02    1.300927e-02   3.303354e-02

After 1 iterations the fit converged.
final sum of squares of residuals : 0.00615197
rel. change during last iteration : 0

degrees of freedom    (FIT_NDF)                        : 5
rms of residuals      (FIT_STDFIT) = sqrt(WSSR/ndf)    : 0.035077
variance of residuals (reduced chisquare) = WSSR/ndf   : 0.00123039

Final set of parameters            Asymptotic Standard Error
=======================            ==========================
m               = 0.0130093        +/- 0.0002464    (1.894%)
b               = 0.0330335        +/- 0.01949      (59.01%)

correlation matrix of the fit parameters:
                m      b      
m               1.000 
b              -0.733  1.000 


*******************************************************************************
Thu Mar  9 20:14:24 2023


FIT:    data read from 'b1.dat' using 1:3
        format = x:z
        #datapoints = 7
        residuals are weighted equally (unit weight)

function used for fitting: g(x)
	g(x) = n*x + c
fitted parameters initialized with current variable values

iter      chisq       delta/lim  lambda   n             c            
   0 1.3664039069e-03   0.00e+00  8.44e-01    1.065618e-02   8.450846e-01
   1 1.3664039069e-03   0.00e+00  8.44e+02    1.065618e-02   8.450846e-01

After 1 iterations the fit converged.
final sum of squares of residuals : 0.0013664
rel. change during last iteration : 0

degrees of freedom    (FIT_NDF)                        : 5
rms of residuals      (FIT_STDFIT) = sqrt(WSSR/ndf)    : 0.0165312
variance of residuals (reduced chisquare) = WSSR/ndf   : 0.000273281

Final set of parameters            Asymptotic Standard Error
=======================            ==========================
n               = 0.0106562        +/- 0.0001161    (1.09%)
c               = 0.845085         +/- 0.009186     (1.087%)

correlation matrix of the fit parameters:
                n      c      
n               1.000 
c              -0.733  1.000 


*******************************************************************************
Thu Mar  9 20:15:07 2023


FIT:    data read from 'b1.dat' using 1:2
        format = x:z
        #datapoints = 7
        residuals are weighted equally (unit weight)

function used for fitting: f(x)
	f(x) = m*x + b
fitted parameters initialized with current variable values

iter      chisq       delta/lim  lambda   m             b            
   0 6.1519707972e-03   0.00e+00  7.28e-01    1.300927e-02   3.303354e-02
   1 6.1519707972e-03   0.00e+00  7.28e+02    1.300927e-02   3.303354e-02

After 1 iterations the fit converged.
final sum of squares of residuals : 0.00615197
rel. change during last iteration : 0

degrees of freedom    (FIT_NDF)                        : 5
rms of residuals      (FIT_STDFIT) = sqrt(WSSR/ndf)    : 0.035077
variance of residuals (reduced chisquare) = WSSR/ndf   : 0.00123039

Final set of parameters            Asymptotic Standard Error
=======================            ==========================
m               = 0.0130093        +/- 0.0002464    (1.894%)
b               = 0.0330335        +/- 0.01949      (59.01%)

correlation matrix of the fit parameters:
                m      b      
m               1.000 
b              -0.733  1.000 


*******************************************************************************
Thu Mar  9 20:15:07 2023


FIT:    data read from 'b1.dat' using 1:3
        format = x:z
        #datapoints = 7
        residuals are weighted equally (unit weight)

function used for fitting: g(x)
	g(x) = n*x + c
fitted parameters initialized with current variable values

iter      chisq       delta/lim  lambda   n             c            
   0 1.3664039069e-03   0.00e+00  8.44e-01    1.065618e-02   8.450846e-01
   1 1.3664039069e-03   0.00e+00  8.44e+02    1.065618e-02   8.450846e-01

After 1 iterations the fit converged.
final sum of squares of residuals : 0.0013664
rel. change during last iteration : 0

degrees of freedom    (FIT_NDF)                        : 5
rms of residuals      (FIT_STDFIT) = sqrt(WSSR/ndf)    : 0.0165312
variance of residuals (reduced chisquare) = WSSR/ndf   : 0.000273281

Final set of parameters            Asymptotic Standard Error
=======================            ==========================
n               = 0.0106562        +/- 0.0001161    (1.09%)
c               = 0.845085         +/- 0.009186     (1.087%)

correlation matrix of the fit parameters:
                n      c      
n               1.000 
c              -0.733  1.000 


*******************************************************************************
Thu Mar  9 20:17:52 2023


FIT:    data read from 'b1.dat' using 1:2
        format = x:z
        #datapoints = 7
        residuals are weighted equally (unit weight)

function used for fitting: f(x)
	f(x) = m*x + b
fitted parameters initialized with current variable values

iter      chisq       delta/lim  lambda   m             b            
   0 6.1519707972e-03   0.00e+00  7.28e-01    1.300927e-02   3.303354e-02
   1 6.1519707972e-03   0.00e+00  7.28e+02    1.300927e-02   3.303354e-02

After 1 iterations the fit converged.
final sum of squares of residuals : 0.00615197
rel. change during last iteration : 0

degrees of freedom    (FIT_NDF)                        : 5
rms of residuals      (FIT_STDFIT) = sqrt(WSSR/ndf)    : 0.035077
variance of residuals (reduced chisquare) = WSSR/ndf   : 0.00123039

Final set of parameters            Asymptotic Standard Error
=======================            ==========================
m               = 0.0130093        +/- 0.0002464    (1.894%)
b               = 0.0330335        +/- 0.01949      (59.01%)

correlation matrix of the fit parameters:
                m      b      
m               1.000 
b              -0.733  1.000 


*******************************************************************************
Thu Mar  9 20:17:52 2023


FIT:    data read from 'b1.dat' using 1:3
        format = x:z
        #datapoints = 7
        residuals are weighted equally (unit weight)

function used for fitting: g(x)
	g(x) = n*x + c
fitted parameters initialized with current variable values

iter      chisq       delta/lim  lambda   n             c            
   0 1.3664039069e-03   0.00e+00  8.44e-01    1.065618e-02   8.450846e-01
   1 1.3664039069e-03   0.00e+00  8.44e+02    1.065618e-02   8.450846e-01

After 1 iterations the fit converged.
final sum of squares of residuals : 0.0013664
rel. change during last iteration : 0

degrees of freedom    (FIT_NDF)                        : 5
rms of residuals      (FIT_STDFIT) = sqrt(WSSR/ndf)    : 0.0165312
variance of residuals (reduced chisquare) = WSSR/ndf   : 0.000273281

Final set of parameters            Asymptotic Standard Error
=======================            ==========================
n               = 0.0106562        +/- 0.0001161    (1.09%)
c               = 0.845085         +/- 0.009186     (1.087%)

correlation matrix of the fit parameters:
                n      c      
n               1.000 
c              -0.733  1.000 


*******************************************************************************
Thu Mar  9 20:21:59 2023


FIT:    data read from 'b1.dat' using 1:2
        format = x:z
        #datapoints = 7
        residuals are weighted equally (unit weight)

function used for fitting: f(x)
	f(x) = m*x + b
fitted parameters initialized with current variable values

iter      chisq       delta/lim  lambda   m             b            
   0 6.1519707972e-03   0.00e+00  7.28e-01    1.300927e-02   3.303354e-02
   1 6.1519707972e-03   0.00e+00  7.28e+02    1.300927e-02   3.303354e-02

After 1 iterations the fit converged.
final sum of squares of residuals : 0.00615197
rel. change during last iteration : 0

degrees of freedom    (FIT_NDF)                        : 5
rms of residuals      (FIT_STDFIT) = sqrt(WSSR/ndf)    : 0.035077
variance of residuals (reduced chisquare) = WSSR/ndf   : 0.00123039

Final set of parameters            Asymptotic Standard Error
=======================            ==========================
m               = 0.0130093        +/- 0.0002464    (1.894%)
b               = 0.0330335        +/- 0.01949      (59.01%)

correlation matrix of the fit parameters:
                m      b      
m               1.000 
b              -0.733  1.000 


*******************************************************************************
Thu Mar  9 20:21:59 2023


FIT:    data read from 'b1.dat' using 1:3
        format = x:z
        #datapoints = 7
        residuals are weighted equally (unit weight)

function used for fitting: g(x)
	g(x) = n*x + c
fitted parameters initialized with current variable values

iter      chisq       delta/lim  lambda   n             c            
   0 1.3664039069e-03   0.00e+00  8.44e-01    1.065618e-02   8.450846e-01
   1 1.3664039069e-03   0.00e+00  8.44e+02    1.065618e-02   8.450846e-01

After 1 iterations the fit converged.
final sum of squares of residuals : 0.0013664
rel. change during last iteration : 0

degrees of freedom    (FIT_NDF)                        : 5
rms of residuals      (FIT_STDFIT) = sqrt(WSSR/ndf)    : 0.0165312
variance of residuals (reduced chisquare) = WSSR/ndf   : 0.000273281

Final set of parameters            Asymptotic Standard Error
=======================            ==========================
n               = 0.0106562        +/- 0.0001161    (1.09%)
c               = 0.845085         +/- 0.009186     (1.087%)

correlation matrix of the fit parameters:
                n      c      
n               1.000 
c              -0.733  1.000 


*******************************************************************************
Thu Mar  9 20:22:52 2023


FIT:    data read from 'b1.dat' using 1:2
        format = x:z
        #datapoints = 7
        residuals are weighted equally (unit weight)

function used for fitting: f(x)
	f(x) = m*x + b
fitted parameters initialized with current variable values

iter      chisq       delta/lim  lambda   m             b            
   0 6.1519707972e-03   0.00e+00  7.28e-01    1.300927e-02   3.303354e-02
   1 6.1519707972e-03   0.00e+00  7.28e+02    1.300927e-02   3.303354e-02

After 1 iterations the fit converged.
final sum of squares of residuals : 0.00615197
rel. change during last iteration : 0

degrees of freedom    (FIT_NDF)                        : 5
rms of residuals      (FIT_STDFIT) = sqrt(WSSR/ndf)    : 0.035077
variance of residuals (reduced chisquare) = WSSR/ndf   : 0.00123039

Final set of parameters            Asymptotic Standard Error
=======================            ==========================
m               = 0.0130093        +/- 0.0002464    (1.894%)
b               = 0.0330335        +/- 0.01949      (59.01%)

correlation matrix of the fit parameters:
                m      b      
m               1.000 
b              -0.733  1.000 


*******************************************************************************
Thu Mar  9 20:22:52 2023


FIT:    data read from 'b1.dat' using 1:3
        format = x:z
        #datapoints = 7
        residuals are weighted equally (unit weight)

function used for fitting: g(x)
	g(x) = n*x + c
fitted parameters initialized with current variable values

iter      chisq       delta/lim  lambda   n             c            
   0 1.3664039069e-03   0.00e+00  8.44e-01    1.065618e-02   8.450846e-01
   1 1.3664039069e-03   0.00e+00  8.44e+02    1.065618e-02   8.450846e-01

After 1 iterations the fit converged.
final sum of squares of residuals : 0.0013664
rel. change during last iteration : 0

degrees of freedom    (FIT_NDF)                        : 5
rms of residuals      (FIT_STDFIT) = sqrt(WSSR/ndf)    : 0.0165312
variance of residuals (reduced chisquare) = WSSR/ndf   : 0.000273281

Final set of parameters            Asymptotic Standard Error
=======================            ==========================
n               = 0.0106562        +/- 0.0001161    (1.09%)
c               = 0.845085         +/- 0.009186     (1.087%)

correlation matrix of the fit parameters:
                n      c      
n               1.000 
c              -0.733  1.000 


*******************************************************************************
Thu Mar  9 20:23:47 2023


FIT:    data read from 'b1.dat' using 1:2
        format = x:z
        #datapoints = 7
        residuals are weighted equally (unit weight)

function used for fitting: f(x)
	f(x) = m*x + b
fitted parameters initialized with current variable values

iter      chisq       delta/lim  lambda   m             b            
   0 6.1519707972e-03   0.00e+00  7.28e-01    1.300927e-02   3.303354e-02
   1 6.1519707972e-03   0.00e+00  7.28e+02    1.300927e-02   3.303354e-02

After 1 iterations the fit converged.
final sum of squares of residuals : 0.00615197
rel. change during last iteration : 0

degrees of freedom    (FIT_NDF)                        : 5
rms of residuals      (FIT_STDFIT) = sqrt(WSSR/ndf)    : 0.035077
variance of residuals (reduced chisquare) = WSSR/ndf   : 0.00123039

Final set of parameters            Asymptotic Standard Error
=======================            ==========================
m               = 0.0130093        +/- 0.0002464    (1.894%)
b               = 0.0330335        +/- 0.01949      (59.01%)

correlation matrix of the fit parameters:
                m      b      
m               1.000 
b              -0.733  1.000 


*******************************************************************************
Thu Mar  9 20:23:47 2023


FIT:    data read from 'b1.dat' using 1:3
        format = x:z
        #datapoints = 7
        residuals are weighted equally (unit weight)

function used for fitting: g(x)
	g(x) = n*x + c
fitted parameters initialized with current variable values

iter      chisq       delta/lim  lambda   n             c            
   0 1.3664039069e-03   0.00e+00  8.44e-01    1.065618e-02   8.450846e-01
   1 1.3664039069e-03   0.00e+00  8.44e+02    1.065618e-02   8.450846e-01

After 1 iterations the fit converged.
final sum of squares of residuals : 0.0013664
rel. change during last iteration : 0

degrees of freedom    (FIT_NDF)                        : 5
rms of residuals      (FIT_STDFIT) = sqrt(WSSR/ndf)    : 0.0165312
variance of residuals (reduced chisquare) = WSSR/ndf   : 0.000273281

Final set of parameters            Asymptotic Standard Error
=======================            ==========================
n               = 0.0106562        +/- 0.0001161    (1.09%)
c               = 0.845085         +/- 0.009186     (1.087%)

correlation matrix of the fit parameters:
                n      c      
n               1.000 
c              -0.733  1.000 


*******************************************************************************
Thu Mar  9 20:24:07 2023


FIT:    data read from 'b1.dat' using 1:2
        format = x:z
        #datapoints = 7
        residuals are weighted equally (unit weight)

function used for fitting: f(x)
	f(x) = m*x + b
fitted parameters initialized with current variable values

iter      chisq       delta/lim  lambda   m             b            
   0 6.1519707972e-03   0.00e+00  7.28e-01    1.300927e-02   3.303354e-02
   1 6.1519707972e-03   0.00e+00  7.28e+02    1.300927e-02   3.303354e-02

After 1 iterations the fit converged.
final sum of squares of residuals : 0.00615197
rel. change during last iteration : 0

degrees of freedom    (FIT_NDF)                        : 5
rms of residuals      (FIT_STDFIT) = sqrt(WSSR/ndf)    : 0.035077
variance of residuals (reduced chisquare) = WSSR/ndf   : 0.00123039

Final set of parameters            Asymptotic Standard Error
=======================            ==========================
m               = 0.0130093        +/- 0.0002464    (1.894%)
b               = 0.0330335        +/- 0.01949      (59.01%)

correlation matrix of the fit parameters:
                m      b      
m               1.000 
b              -0.733  1.000 


*******************************************************************************
Thu Mar  9 20:24:07 2023


FIT:    data read from 'b1.dat' using 1:3
        format = x:z
        #datapoints = 7
        residuals are weighted equally (unit weight)

function used for fitting: g(x)
	g(x) = n*x + c
fitted parameters initialized with current variable values

iter      chisq       delta/lim  lambda   n             c            
   0 1.3664039069e-03   0.00e+00  8.44e-01    1.065618e-02   8.450846e-01
   1 1.3664039069e-03   0.00e+00  8.44e+02    1.065618e-02   8.450846e-01

After 1 iterations the fit converged.
final sum of squares of residuals : 0.0013664
rel. change during last iteration : 0

degrees of freedom    (FIT_NDF)                        : 5
rms of residuals      (FIT_STDFIT) = sqrt(WSSR/ndf)    : 0.0165312
variance of residuals (reduced chisquare) = WSSR/ndf   : 0.000273281

Final set of parameters            Asymptotic Standard Error
=======================            ==========================
n               = 0.0106562        +/- 0.0001161    (1.09%)
c               = 0.845085         +/- 0.009186     (1.087%)

correlation matrix of the fit parameters:
                n      c      
n               1.000 
c              -0.733  1.000 
