This is pdfTeX, Version 3.141592653-2.6-1.40.22 (TeX Live 2021/GNU Guix) (preloaded format=pdflatex 2022.5.9)  3 MAY 2023 08:49
entering extended mode
 \write18 enabled.
 file:line:error style messages enabled.
 %&-line parsing enabled.
**presentation.tex
(./presentation.tex
LaTeX2e <2020-10-01> patch level 4
L3 programming layer <2021-02-18>
(/gnu/store/8aakdan6lbwdw0l0axkzy4613k4wibbq-texlive-texmf-20210325/share/texmf
-dist/tex/latex/beamer/beamer.cls
Document Class: beamer 2021/03/19 v3.62 A class for typesetting presentations

(/gnu/store/8aakdan6lbwdw0l0axkzy4613k4wibbq-texlive-texmf-20210325/share/texmf
-dist/tex/latex/beamer/beamerbasemodes.sty
(/gnu/store/8aakdan6lbwdw0l0axkzy4613k4wibbq-texlive-texmf-20210325/share/texmf
-dist/tex/latex/etoolbox/etoolbox.sty
Package: etoolbox 2020/10/05 v2.5k e-TeX tools for LaTeX (JAW)
\etb@tempcnta=\count179
)
\beamer@tempbox=\box47
\beamer@tempcount=\count180
\c@beamerpauses=\count181

(/gnu/store/8aakdan6lbwdw0l0axkzy4613k4wibbq-texlive-texmf-20210325/share/texmf
-dist/tex/latex/beamer/beamerbasedecode.sty
\beamer@slideinframe=\count182
\beamer@minimum=\count183
\beamer@decode@box=\box48
)
\beamer@commentbox=\box49
\beamer@modecount=\count184
)
(/gnu/store/8aakdan6lbwdw0l0axkzy4613k4wibbq-texlive-texmf-20210325/share/texmf
-dist/tex/generic/iftex/ifpdf.sty
Package: ifpdf 2019/10/25 v3.4 ifpdf legacy package. Use iftex instead.

(/gnu/store/8aakdan6lbwdw0l0axkzy4613k4wibbq-texlive-texmf-20210325/share/texmf
-dist/tex/generic/iftex/iftex.sty
Package: iftex 2020/03/06 v1.0d TeX engine tests
))
\headdp=\dimen138
\footheight=\dimen139
\sidebarheight=\dimen140
\beamer@tempdim=\dimen141
\beamer@finalheight=\dimen142
\beamer@animht=\dimen143
\beamer@animdp=\dimen144
\beamer@animwd=\dimen145
\beamer@leftmargin=\dimen146
\beamer@rightmargin=\dimen147
\beamer@leftsidebar=\dimen148
\beamer@rightsidebar=\dimen149
\beamer@boxsize=\dimen150
\beamer@vboxoffset=\dimen151
\beamer@descdefault=\dimen152
\beamer@descriptionwidth=\dimen153
\beamer@lastskip=\skip47
\beamer@areabox=\box50
\beamer@animcurrent=\box51
\beamer@animshowbox=\box52
\beamer@sectionbox=\box53
\beamer@logobox=\box54
\beamer@linebox=\box55
\beamer@sectioncount=\count185
\beamer@subsubsectionmax=\count186
\beamer@subsectionmax=\count187
\beamer@sectionmax=\count188
\beamer@totalheads=\count189
\beamer@headcounter=\count190
\beamer@partstartpage=\count191
\beamer@sectionstartpage=\count192
\beamer@subsectionstartpage=\count193
\beamer@animationtempa=\count194
\beamer@animationtempb=\count195
\beamer@xpos=\count196
\beamer@ypos=\count197
\beamer@ypos@offset=\count198
\beamer@showpartnumber=\count199
\beamer@currentsubsection=\count266
\beamer@coveringdepth=\count267
\beamer@sectionadjust=\count268
\beamer@tocsectionnumber=\count269

(/gnu/store/8aakdan6lbwdw0l0axkzy4613k4wibbq-texlive-texmf-20210325/share/texmf
-dist/tex/latex/beamer/beamerbaseoptions.sty
(/gnu/store/8aakdan6lbwdw0l0axkzy4613k4wibbq-texlive-texmf-20210325/share/texmf
-dist/tex/latex/graphics/keyval.sty
Package: keyval 2014/10/28 v1.15 key=value parser (DPC)
\KV@toks@=\toks15
))
\beamer@paperwidth=\skip48
\beamer@paperheight=\skip49

(/gnu/store/8aakdan6lbwdw0l0axkzy4613k4wibbq-texlive-texmf-20210325/share/texmf
-dist/tex/latex/geometry/geometry.sty
Package: geometry 2020/01/02 v5.9 Page Geometry

(/gnu/store/8aakdan6lbwdw0l0axkzy4613k4wibbq-texlive-texmf-20210325/share/texmf
-dist/tex/generic/iftex/ifvtex.sty
Package: ifvtex 2019/10/25 v1.7 ifvtex legacy package. Use iftex instead.
)
\Gm@cnth=\count270
\Gm@cntv=\count271
\c@Gm@tempcnt=\count272
\Gm@bindingoffset=\dimen154
\Gm@wd@mp=\dimen155
\Gm@odd@mp=\dimen156
\Gm@even@mp=\dimen157
\Gm@layoutwidth=\dimen158
\Gm@layoutheight=\dimen159
\Gm@layouthoffset=\dimen160
\Gm@layoutvoffset=\dimen161
\Gm@dimlist=\toks16
)
(/gnu/store/8aakdan6lbwdw0l0axkzy4613k4wibbq-texlive-texmf-20210325/share/texmf
-dist/tex/latex/base/size10.clo
File: size10.clo 2020/04/10 v1.4m Standard LaTeX file (size option)
)
(/gnu/store/8aakdan6lbwdw0l0axkzy4613k4wibbq-texlive-texmf-20210325/share/texmf
-dist/tex/latex/pgf/basiclayer/pgfcore.sty
(/gnu/store/8aakdan6lbwdw0l0axkzy4613k4wibbq-texlive-texmf-20210325/share/texmf
-dist/tex/latex/graphics/graphicx.sty
Package: graphicx 2020/09/09 v1.2b Enhanced LaTeX Graphics (DPC,SPQR)

(/gnu/store/8aakdan6lbwdw0l0axkzy4613k4wibbq-texlive-texmf-20210325/share/texmf
-dist/tex/latex/graphics/graphics.sty
Package: graphics 2020/08/30 v1.4c Standard LaTeX Graphics (DPC,SPQR)

(/gnu/store/8aakdan6lbwdw0l0axkzy4613k4wibbq-texlive-texmf-20210325/share/texmf
-dist/tex/latex/graphics/trig.sty
Package: trig 2016/01/03 v1.10 sin cos tan (DPC)
)
(/gnu/store/8aakdan6lbwdw0l0axkzy4613k4wibbq-texlive-texmf-20210325/share/texmf
-dist/tex/latex/graphics-cfg/graphics.cfg
File: graphics.cfg 2016/06/04 v1.11 sample graphics configuration
)
Package graphics Info: Driver file: pdftex.def on input line 105.

(/gnu/store/8aakdan6lbwdw0l0axkzy4613k4wibbq-texlive-texmf-20210325/share/texmf
-dist/tex/latex/graphics-def/pdftex.def
File: pdftex.def 2020/10/05 v1.2a Graphics/color driver for pdftex
))
\Gin@req@height=\dimen162
\Gin@req@width=\dimen163
)
(/gnu/store/8aakdan6lbwdw0l0axkzy4613k4wibbq-texlive-texmf-20210325/share/texmf
-dist/tex/latex/pgf/systemlayer/pgfsys.sty
(/gnu/store/8aakdan6lbwdw0l0axkzy4613k4wibbq-texlive-texmf-20210325/share/texmf
-dist/tex/latex/pgf/utilities/pgfrcs.sty
(/gnu/store/8aakdan6lbwdw0l0axkzy4613k4wibbq-texlive-texmf-20210325/share/texmf
-dist/tex/generic/pgf/utilities/pgfutil-common.tex
\pgfutil@everybye=\toks17
\pgfutil@tempdima=\dimen164
\pgfutil@tempdimb=\dimen165

(/gnu/store/8aakdan6lbwdw0l0axkzy4613k4wibbq-texlive-texmf-20210325/share/texmf
-dist/tex/generic/pgf/utilities/pgfutil-common-lists.tex))
(/gnu/store/8aakdan6lbwdw0l0axkzy4613k4wibbq-texlive-texmf-20210325/share/texmf
-dist/tex/generic/pgf/utilities/pgfutil-latex.def
\pgfutil@abb=\box56
)
(/gnu/store/8aakdan6lbwdw0l0axkzy4613k4wibbq-texlive-texmf-20210325/share/texmf
-dist/tex/generic/pgf/utilities/pgfrcs.code.tex
(/gnu/store/8aakdan6lbwdw0l0axkzy4613k4wibbq-texlive-texmf-20210325/share/texmf
-dist/tex/generic/pgf/pgf.revision.tex)
Package: pgfrcs 2020/12/27 v3.1.8b (3.1.8b)
))
(/gnu/store/8aakdan6lbwdw0l0axkzy4613k4wibbq-texlive-texmf-20210325/share/texmf
-dist/tex/generic/pgf/systemlayer/pgfsys.code.tex
Package: pgfsys 2020/12/27 v3.1.8b (3.1.8b)

(/gnu/store/8aakdan6lbwdw0l0axkzy4613k4wibbq-texlive-texmf-20210325/share/texmf
-dist/tex/generic/pgf/utilities/pgfkeys.code.tex
\pgfkeys@pathtoks=\toks18
\pgfkeys@temptoks=\toks19

(/gnu/store/8aakdan6lbwdw0l0axkzy4613k4wibbq-texlive-texmf-20210325/share/texmf
-dist/tex/generic/pgf/utilities/pgfkeysfiltered.code.tex
\pgfkeys@tmptoks=\toks20
))
\pgf@x=\dimen166
\pgf@y=\dimen167
\pgf@xa=\dimen168
\pgf@ya=\dimen169
\pgf@xb=\dimen170
\pgf@yb=\dimen171
\pgf@xc=\dimen172
\pgf@yc=\dimen173
\pgf@xd=\dimen174
\pgf@yd=\dimen175
\w@pgf@writea=\write3
\r@pgf@reada=\read2
\c@pgf@counta=\count273
\c@pgf@countb=\count274
\c@pgf@countc=\count275
\c@pgf@countd=\count276
\t@pgf@toka=\toks21
\t@pgf@tokb=\toks22
\t@pgf@tokc=\toks23
\pgf@sys@id@count=\count277

(/gnu/store/8aakdan6lbwdw0l0axkzy4613k4wibbq-texlive-texmf-20210325/share/texmf
-dist/tex/generic/pgf/systemlayer/pgf.cfg
File: pgf.cfg 2020/12/27 v3.1.8b (3.1.8b)
)
Driver file for pgf: pgfsys-pdftex.def

(/gnu/store/8aakdan6lbwdw0l0axkzy4613k4wibbq-texlive-texmf-20210325/share/texmf
-dist/tex/generic/pgf/systemlayer/pgfsys-pdftex.def
File: pgfsys-pdftex.def 2020/12/27 v3.1.8b (3.1.8b)

(/gnu/store/8aakdan6lbwdw0l0axkzy4613k4wibbq-texlive-texmf-20210325/share/texmf
-dist/tex/generic/pgf/systemlayer/pgfsys-common-pdf.def
File: pgfsys-common-pdf.def 2020/12/27 v3.1.8b (3.1.8b)
)))
(/gnu/store/8aakdan6lbwdw0l0axkzy4613k4wibbq-texlive-texmf-20210325/share/texmf
-dist/tex/generic/pgf/systemlayer/pgfsyssoftpath.code.tex
File: pgfsyssoftpath.code.tex 2020/12/27 v3.1.8b (3.1.8b)
\pgfsyssoftpath@smallbuffer@items=\count278
\pgfsyssoftpath@bigbuffer@items=\count279
)
(/gnu/store/8aakdan6lbwdw0l0axkzy4613k4wibbq-texlive-texmf-20210325/share/texmf
-dist/tex/generic/pgf/systemlayer/pgfsysprotocol.code.tex
File: pgfsysprotocol.code.tex 2020/12/27 v3.1.8b (3.1.8b)
))
(/gnu/store/8aakdan6lbwdw0l0axkzy4613k4wibbq-texlive-texmf-20210325/share/texmf
-dist/tex/latex/xcolor/xcolor.sty
Package: xcolor 2016/05/11 v2.12 LaTeX color extensions (UK)

(/gnu/store/8aakdan6lbwdw0l0axkzy4613k4wibbq-texlive-texmf-20210325/share/texmf
-dist/tex/latex/graphics-cfg/color.cfg
File: color.cfg 2016/01/02 v1.6 sample color configuration
)
Package xcolor Info: Driver file: pdftex.def on input line 225.
Package xcolor Info: Model `cmy' substituted by `cmy0' on input line 1348.
Package xcolor Info: Model `hsb' substituted by `rgb' on input line 1352.
Package xcolor Info: Model `RGB' extended on input line 1364.
Package xcolor Info: Model `HTML' substituted by `rgb' on input line 1366.
Package xcolor Info: Model `Hsb' substituted by `hsb' on input line 1367.
Package xcolor Info: Model `tHsb' substituted by `hsb' on input line 1368.
Package xcolor Info: Model `HSB' substituted by `hsb' on input line 1369.
Package xcolor Info: Model `Gray' substituted by `gray' on input line 1370.
Package xcolor Info: Model `wave' substituted by `hsb' on input line 1371.
)
(/gnu/store/8aakdan6lbwdw0l0axkzy4613k4wibbq-texlive-texmf-20210325/share/texmf
-dist/tex/generic/pgf/basiclayer/pgfcore.code.tex
Package: pgfcore 2020/12/27 v3.1.8b (3.1.8b)

(/gnu/store/8aakdan6lbwdw0l0axkzy4613k4wibbq-texlive-texmf-20210325/share/texmf
-dist/tex/generic/pgf/math/pgfmath.code.tex
(/gnu/store/8aakdan6lbwdw0l0axkzy4613k4wibbq-texlive-texmf-20210325/share/texmf
-dist/tex/generic/pgf/math/pgfmathcalc.code.tex
(/gnu/store/8aakdan6lbwdw0l0axkzy4613k4wibbq-texlive-texmf-20210325/share/texmf
-dist/tex/generic/pgf/math/pgfmathutil.code.tex)
(/gnu/store/8aakdan6lbwdw0l0axkzy4613k4wibbq-texlive-texmf-20210325/share/texmf
-dist/tex/generic/pgf/math/pgfmathparser.code.tex
\pgfmath@dimen=\dimen176
\pgfmath@count=\count280
\pgfmath@box=\box57
\pgfmath@toks=\toks24
\pgfmath@stack@operand=\toks25
\pgfmath@stack@operation=\toks26
)
(/gnu/store/8aakdan6lbwdw0l0axkzy4613k4wibbq-texlive-texmf-20210325/share/texmf
-dist/tex/generic/pgf/math/pgfmathfunctions.code.tex
(/gnu/store/8aakdan6lbwdw0l0axkzy4613k4wibbq-texlive-texmf-20210325/share/texmf
-dist/tex/generic/pgf/math/pgfmathfunctions.basic.code.tex)
(/gnu/store/8aakdan6lbwdw0l0axkzy4613k4wibbq-texlive-texmf-20210325/share/texmf
-dist/tex/generic/pgf/math/pgfmathfunctions.trigonometric.code.tex)
(/gnu/store/8aakdan6lbwdw0l0axkzy4613k4wibbq-texlive-texmf-20210325/share/texmf
-dist/tex/generic/pgf/math/pgfmathfunctions.random.code.tex)
(/gnu/store/8aakdan6lbwdw0l0axkzy4613k4wibbq-texlive-texmf-20210325/share/texmf
-dist/tex/generic/pgf/math/pgfmathfunctions.comparison.code.tex)
(/gnu/store/8aakdan6lbwdw0l0axkzy4613k4wibbq-texlive-texmf-20210325/share/texmf
-dist/tex/generic/pgf/math/pgfmathfunctions.base.code.tex)
(/gnu/store/8aakdan6lbwdw0l0axkzy4613k4wibbq-texlive-texmf-20210325/share/texmf
-dist/tex/generic/pgf/math/pgfmathfunctions.round.code.tex)
(/gnu/store/8aakdan6lbwdw0l0axkzy4613k4wibbq-texlive-texmf-20210325/share/texmf
-dist/tex/generic/pgf/math/pgfmathfunctions.misc.code.tex)
(/gnu/store/8aakdan6lbwdw0l0axkzy4613k4wibbq-texlive-texmf-20210325/share/texmf
-dist/tex/generic/pgf/math/pgfmathfunctions.integerarithmetics.code.tex)))
(/gnu/store/8aakdan6lbwdw0l0axkzy4613k4wibbq-texlive-texmf-20210325/share/texmf
-dist/tex/generic/pgf/math/pgfmathfloat.code.tex
\c@pgfmathroundto@lastzeros=\count281
))
(/gnu/store/8aakdan6lbwdw0l0axkzy4613k4wibbq-texlive-texmf-20210325/share/texmf
-dist/tex/generic/pgf/math/pgfint.code.tex)
(/gnu/store/8aakdan6lbwdw0l0axkzy4613k4wibbq-texlive-texmf-20210325/share/texmf
-dist/tex/generic/pgf/basiclayer/pgfcorepoints.code.tex
File: pgfcorepoints.code.tex 2020/12/27 v3.1.8b (3.1.8b)
\pgf@picminx=\dimen177
\pgf@picmaxx=\dimen178
\pgf@picminy=\dimen179
\pgf@picmaxy=\dimen180
\pgf@pathminx=\dimen181
\pgf@pathmaxx=\dimen182
\pgf@pathminy=\dimen183
\pgf@pathmaxy=\dimen184
\pgf@xx=\dimen185
\pgf@xy=\dimen186
\pgf@yx=\dimen187
\pgf@yy=\dimen188
\pgf@zx=\dimen189
\pgf@zy=\dimen190
)
(/gnu/store/8aakdan6lbwdw0l0axkzy4613k4wibbq-texlive-texmf-20210325/share/texmf
-dist/tex/generic/pgf/basiclayer/pgfcorepathconstruct.code.tex
File: pgfcorepathconstruct.code.tex 2020/12/27 v3.1.8b (3.1.8b)
\pgf@path@lastx=\dimen191
\pgf@path@lasty=\dimen192
)
(/gnu/store/8aakdan6lbwdw0l0axkzy4613k4wibbq-texlive-texmf-20210325/share/texmf
-dist/tex/generic/pgf/basiclayer/pgfcorepathusage.code.tex
File: pgfcorepathusage.code.tex 2020/12/27 v3.1.8b (3.1.8b)
\pgf@shorten@end@additional=\dimen193
\pgf@shorten@start@additional=\dimen194
)
(/gnu/store/8aakdan6lbwdw0l0axkzy4613k4wibbq-texlive-texmf-20210325/share/texmf
-dist/tex/generic/pgf/basiclayer/pgfcorescopes.code.tex
File: pgfcorescopes.code.tex 2020/12/27 v3.1.8b (3.1.8b)
\pgfpic=\box58
\pgf@hbox=\box59
\pgf@layerbox@main=\box60
\pgf@picture@serial@count=\count282
)
(/gnu/store/8aakdan6lbwdw0l0axkzy4613k4wibbq-texlive-texmf-20210325/share/texmf
-dist/tex/generic/pgf/basiclayer/pgfcoregraphicstate.code.tex
File: pgfcoregraphicstate.code.tex 2020/12/27 v3.1.8b (3.1.8b)
\pgflinewidth=\dimen195
)
(/gnu/store/8aakdan6lbwdw0l0axkzy4613k4wibbq-texlive-texmf-20210325/share/texmf
-dist/tex/generic/pgf/basiclayer/pgfcoretransformations.code.tex
File: pgfcoretransformations.code.tex 2020/12/27 v3.1.8b (3.1.8b)
\pgf@pt@x=\dimen196
\pgf@pt@y=\dimen197
\pgf@pt@temp=\dimen198
)
(/gnu/store/8aakdan6lbwdw0l0axkzy4613k4wibbq-texlive-texmf-20210325/share/texmf
-dist/tex/generic/pgf/basiclayer/pgfcorequick.code.tex
File: pgfcorequick.code.tex 2020/12/27 v3.1.8b (3.1.8b)
)
(/gnu/store/8aakdan6lbwdw0l0axkzy4613k4wibbq-texlive-texmf-20210325/share/texmf
-dist/tex/generic/pgf/basiclayer/pgfcoreobjects.code.tex
File: pgfcoreobjects.code.tex 2020/12/27 v3.1.8b (3.1.8b)
)
(/gnu/store/8aakdan6lbwdw0l0axkzy4613k4wibbq-texlive-texmf-20210325/share/texmf
-dist/tex/generic/pgf/basiclayer/pgfcorepathprocessing.code.tex
File: pgfcorepathprocessing.code.tex 2020/12/27 v3.1.8b (3.1.8b)
)
(/gnu/store/8aakdan6lbwdw0l0axkzy4613k4wibbq-texlive-texmf-20210325/share/texmf
-dist/tex/generic/pgf/basiclayer/pgfcorearrows.code.tex
File: pgfcorearrows.code.tex 2020/12/27 v3.1.8b (3.1.8b)
\pgfarrowsep=\dimen199
)
(/gnu/store/8aakdan6lbwdw0l0axkzy4613k4wibbq-texlive-texmf-20210325/share/texmf
-dist/tex/generic/pgf/basiclayer/pgfcoreshade.code.tex
File: pgfcoreshade.code.tex 2020/12/27 v3.1.8b (3.1.8b)
\pgf@max=\dimen256
\pgf@sys@shading@range@num=\count283
\pgf@shadingcount=\count284
)
(/gnu/store/8aakdan6lbwdw0l0axkzy4613k4wibbq-texlive-texmf-20210325/share/texmf
-dist/tex/generic/pgf/basiclayer/pgfcoreimage.code.tex
File: pgfcoreimage.code.tex 2020/12/27 v3.1.8b (3.1.8b)

(/gnu/store/8aakdan6lbwdw0l0axkzy4613k4wibbq-texlive-texmf-20210325/share/texmf
-dist/tex/generic/pgf/basiclayer/pgfcoreexternal.code.tex
File: pgfcoreexternal.code.tex 2020/12/27 v3.1.8b (3.1.8b)
\pgfexternal@startupbox=\box61
))
(/gnu/store/8aakdan6lbwdw0l0axkzy4613k4wibbq-texlive-texmf-20210325/share/texmf
-dist/tex/generic/pgf/basiclayer/pgfcorelayers.code.tex
File: pgfcorelayers.code.tex 2020/12/27 v3.1.8b (3.1.8b)
)
(/gnu/store/8aakdan6lbwdw0l0axkzy4613k4wibbq-texlive-texmf-20210325/share/texmf
-dist/tex/generic/pgf/basiclayer/pgfcoretransparency.code.tex
File: pgfcoretransparency.code.tex 2020/12/27 v3.1.8b (3.1.8b)
)
(/gnu/store/8aakdan6lbwdw0l0axkzy4613k4wibbq-texlive-texmf-20210325/share/texmf
-dist/tex/generic/pgf/basiclayer/pgfcorepatterns.code.tex
File: pgfcorepatterns.code.tex 2020/12/27 v3.1.8b (3.1.8b)
)
(/gnu/store/8aakdan6lbwdw0l0axkzy4613k4wibbq-texlive-texmf-20210325/share/texmf
-dist/tex/generic/pgf/basiclayer/pgfcorerdf.code.tex
File: pgfcorerdf.code.tex 2020/12/27 v3.1.8b (3.1.8b)
)))
(/gnu/store/8aakdan6lbwdw0l0axkzy4613k4wibbq-texlive-texmf-20210325/share/texmf
-dist/tex/latex/pgf/utilities/xxcolor.sty
Package: xxcolor 2003/10/24 ver 0.1
\XC@nummixins=\count285
\XC@countmixins=\count286
)
(/gnu/store/8aakdan6lbwdw0l0axkzy4613k4wibbq-texlive-texmf-20210325/share/texmf
-dist/tex/latex/base/atbegshi-ltx.sty
Package: atbegshi-ltx 2020/08/17 v1.0a Emulation of the original atbegshi packa
ge
with kernel methods
)
(/gnu/store/8aakdan6lbwdw0l0axkzy4613k4wibbq-texlive-texmf-20210325/share/texmf
-dist/tex/latex/hyperref/hyperref.sty
Package: hyperref 2021-02-27 v7.00k Hypertext links for LaTeX

(/gnu/store/8aakdan6lbwdw0l0axkzy4613k4wibbq-texlive-texmf-20210325/share/texmf
-dist/tex/generic/ltxcmds/ltxcmds.sty
Package: ltxcmds 2020-05-10 v1.25 LaTeX kernel commands for general use (HO)
)
(/gnu/store/8aakdan6lbwdw0l0axkzy4613k4wibbq-texlive-texmf-20210325/share/texmf
-dist/tex/generic/pdftexcmds/pdftexcmds.sty
Package: pdftexcmds 2020-06-27 v0.33 Utility functions of pdfTeX for LuaTeX (HO
)

(/gnu/store/8aakdan6lbwdw0l0axkzy4613k4wibbq-texlive-texmf-20210325/share/texmf
-dist/tex/generic/infwarerr/infwarerr.sty
Package: infwarerr 2019/12/03 v1.5 Providing info/warning/error messages (HO)
)
Package pdftexcmds Info: \pdf@primitive is available.
Package pdftexcmds Info: \pdf@ifprimitive is available.
Package pdftexcmds Info: \pdfdraftmode found.
)
(/gnu/store/8aakdan6lbwdw0l0axkzy4613k4wibbq-texlive-texmf-20210325/share/texmf
-dist/tex/generic/kvsetkeys/kvsetkeys.sty
Package: kvsetkeys 2019/12/15 v1.18 Key value parser (HO)
)
(/gnu/store/8aakdan6lbwdw0l0axkzy4613k4wibbq-texlive-texmf-20210325/share/texmf
-dist/tex/generic/kvdefinekeys/kvdefinekeys.sty
Package: kvdefinekeys 2019-12-19 v1.6 Define keys (HO)
)
(/gnu/store/8aakdan6lbwdw0l0axkzy4613k4wibbq-texlive-texmf-20210325/share/texmf
-dist/tex/generic/pdfescape/pdfescape.sty
Package: pdfescape 2019/12/09 v1.15 Implements pdfTeX's escape features (HO)
)
(/gnu/store/8aakdan6lbwdw0l0axkzy4613k4wibbq-texlive-texmf-20210325/share/texmf
-dist/tex/latex/hycolor/hycolor.sty
Package: hycolor 2020-01-27 v1.10 Color options for hyperref/bookmark (HO)
)
(/gnu/store/8aakdan6lbwdw0l0axkzy4613k4wibbq-texlive-texmf-20210325/share/texmf
-dist/tex/latex/letltxmacro/letltxmacro.sty
Package: letltxmacro 2019/12/03 v1.6 Let assignment for LaTeX macros (HO)
)
(/gnu/store/8aakdan6lbwdw0l0axkzy4613k4wibbq-texlive-texmf-20210325/share/texmf
-dist/tex/latex/auxhook/auxhook.sty
Package: auxhook 2019-12-17 v1.6 Hooks for auxiliary files (HO)
)
(/gnu/store/8aakdan6lbwdw0l0axkzy4613k4wibbq-texlive-texmf-20210325/share/texmf
-dist/tex/latex/kvoptions/kvoptions.sty
Package: kvoptions 2020-10-07 v3.14 Key value format for package options (HO)
)
\@linkdim=\dimen257
\Hy@linkcounter=\count287
\Hy@pagecounter=\count288

(/gnu/store/8aakdan6lbwdw0l0axkzy4613k4wibbq-texlive-texmf-20210325/share/texmf
-dist/tex/latex/hyperref/pd1enc.def
File: pd1enc.def 2021-02-27 v7.00k Hyperref: PDFDocEncoding definition (HO)
Now handling font encoding PD1 ...
... no UTF-8 mapping file for font encoding PD1
)
(/gnu/store/8aakdan6lbwdw0l0axkzy4613k4wibbq-texlive-texmf-20210325/share/texmf
-dist/tex/latex/hyperref/hyperref-langpatches.def
File: hyperref-langpatches.def 2021-02-27 v7.00k Hyperref: patches for babel la
nguages
)
(/gnu/store/8aakdan6lbwdw0l0axkzy4613k4wibbq-texlive-texmf-20210325/share/texmf
-dist/tex/generic/intcalc/intcalc.sty
Package: intcalc 2019/12/15 v1.3 Expandable calculations with integers (HO)
)
(/gnu/store/8aakdan6lbwdw0l0axkzy4613k4wibbq-texlive-texmf-20210325/share/texmf
-dist/tex/generic/etexcmds/etexcmds.sty
Package: etexcmds 2019/12/15 v1.7 Avoid name clashes with e-TeX commands (HO)
)
\Hy@SavedSpaceFactor=\count289

(/gnu/store/8aakdan6lbwdw0l0axkzy4613k4wibbq-texlive-texmf-20210325/share/texmf
-dist/tex/latex/hyperref/puenc.def
File: puenc.def 2021-02-27 v7.00k Hyperref: PDF Unicode definition (HO)
Now handling font encoding PU ...
... no UTF-8 mapping file for font encoding PU
)
Package hyperref Info: Option `bookmarks' set `true' on input line 4073.
Package hyperref Info: Option `bookmarksopen' set `true' on input line 4073.
Package hyperref Info: Option `implicit' set `false' on input line 4073.
Package hyperref Info: Hyper figures OFF on input line 4192.
Package hyperref Info: Link nesting OFF on input line 4197.
Package hyperref Info: Hyper index ON on input line 4200.
Package hyperref Info: Plain pages OFF on input line 4207.
Package hyperref Info: Backreferencing OFF on input line 4212.
Package hyperref Info: Implicit mode OFF; no redefinition of LaTeX internals.
Package hyperref Info: Bookmarks ON on input line 4445.
\c@Hy@tempcnt=\count290

(/gnu/store/8aakdan6lbwdw0l0axkzy4613k4wibbq-texlive-texmf-20210325/share/texmf
-dist/tex/latex/url/url.sty
\Urlmuskip=\muskip16
Package: url 2013/09/16  ver 3.4  Verb mode for urls, etc.
)
LaTeX Info: Redefining \url on input line 4804.
\XeTeXLinkMargin=\dimen258

(/gnu/store/8aakdan6lbwdw0l0axkzy4613k4wibbq-texlive-texmf-20210325/share/texmf
-dist/tex/generic/bitset/bitset.sty
Package: bitset 2019/12/09 v1.3 Handle bit-vector datatype (HO)

(/gnu/store/8aakdan6lbwdw0l0axkzy4613k4wibbq-texlive-texmf-20210325/share/texmf
-dist/tex/generic/bigintcalc/bigintcalc.sty
Package: bigintcalc 2019/12/15 v1.5 Expandable calculations on big integers (HO
)
))
\Fld@menulength=\count291
\Field@Width=\dimen259
\Fld@charsize=\dimen260
Package hyperref Info: Hyper figures OFF on input line 6075.
Package hyperref Info: Link nesting OFF on input line 6080.
Package hyperref Info: Hyper index ON on input line 6083.
Package hyperref Info: backreferencing OFF on input line 6090.
Package hyperref Info: Link coloring OFF on input line 6095.
Package hyperref Info: Link coloring with OCG OFF on input line 6100.
Package hyperref Info: PDF/A mode OFF on input line 6105.
LaTeX Info: Redefining \ref on input line 6145.
LaTeX Info: Redefining \pageref on input line 6149.
\Hy@abspage=\count292


Package hyperref Message: Stopped early.

)
Package hyperref Info: Driver (autodetected): hpdftex.

(/gnu/store/8aakdan6lbwdw0l0axkzy4613k4wibbq-texlive-texmf-20210325/share/texmf
-dist/tex/latex/hyperref/hpdftex.def
File: hpdftex.def 2021-02-27 v7.00k Hyperref driver for pdfTeX

(/gnu/store/8aakdan6lbwdw0l0axkzy4613k4wibbq-texlive-texmf-20210325/share/texmf
-dist/tex/latex/base/atveryend-ltx.sty
Package: atveryend-ltx 2020/08/19 v1.0a Emulation of the original atvery packag
e
with kernel methods
)
\Fld@listcount=\count293
\c@bookmark@seq@number=\count294

(/gnu/store/8aakdan6lbwdw0l0axkzy4613k4wibbq-texlive-texmf-20210325/share/texmf
-dist/tex/latex/rerunfilecheck/rerunfilecheck.sty
Package: rerunfilecheck 2019/12/05 v1.9 Rerun checks for auxiliary files (HO)

(/gnu/store/8aakdan6lbwdw0l0axkzy4613k4wibbq-texlive-texmf-20210325/share/texmf
-dist/tex/generic/uniquecounter/uniquecounter.sty
Package: uniquecounter 2019/12/15 v1.4 Provide unlimited unique counter (HO)
)
Package uniquecounter Info: New unique counter `rerunfilecheck' on input line 2
86.
))
(/gnu/store/8aakdan6lbwdw0l0axkzy4613k4wibbq-texlive-texmf-20210325/share/texmf
-dist/tex/latex/beamer/beamerbaserequires.sty
(/gnu/store/8aakdan6lbwdw0l0axkzy4613k4wibbq-texlive-texmf-20210325/share/texmf
-dist/tex/latex/beamer/beamerbasecompatibility.sty)
(/gnu/store/8aakdan6lbwdw0l0axkzy4613k4wibbq-texlive-texmf-20210325/share/texmf
-dist/tex/latex/beamer/beamerbasefont.sty
(/gnu/store/8aakdan6lbwdw0l0axkzy4613k4wibbq-texlive-texmf-20210325/share/texmf
-dist/tex/latex/amsfonts/amssymb.sty
Package: amssymb 2013/01/14 v3.01 AMS font symbols

(/gnu/store/8aakdan6lbwdw0l0axkzy4613k4wibbq-texlive-texmf-20210325/share/texmf
-dist/tex/latex/amsfonts/amsfonts.sty
Package: amsfonts 2013/01/14 v3.01 Basic AMSFonts support
\@emptytoks=\toks27
\symAMSa=\mathgroup4
\symAMSb=\mathgroup5
LaTeX Font Info:    Redeclaring math symbol \hbar on input line 98.
LaTeX Font Info:    Overwriting math alphabet `\mathfrak' in version `bold'
(Font)                  U/euf/m/n --> U/euf/b/n on input line 106.
))
(/gnu/store/8aakdan6lbwdw0l0axkzy4613k4wibbq-texlive-texmf-20210325/share/texmf
-dist/tex/latex/sansmathaccent/sansmathaccent.sty
Package: sansmathaccent 2020/01/31

(/gnu/store/8aakdan6lbwdw0l0axkzy4613k4wibbq-texlive-texmf-20210325/share/texmf
-dist/tex/latex/koma-script/scrlfile.sty
Package: scrlfile 2021/03/17 v3.33 KOMA-Script package (file load hooks)

(/gnu/store/8aakdan6lbwdw0l0axkzy4613k4wibbq-texlive-texmf-20210325/share/texmf
-dist/tex/latex/koma-script/scrlfile-hook.sty
Package: scrlfile-hook 2021/03/17 v3.33 KOMA-Script package (using LaTeX hooks)


LaTeX3 Info: Defining command \BeforeFile with sig. 'm' on line 61.


LaTeX3 Info: Defining command \AfterFile with sig. 'm' on line 65.


LaTeX3 Info: Defining command \BeforeClass with sig. 'm' on line 69.


LaTeX3 Info: Defining command \BeforePackage with sig. 'm' on line 73.


LaTeX3 Info: Defining command \AfterAtEndOfClass with sig. 'smo+m' on line 83.


LaTeX3 Info: Defining command \AfterAtEndOfPackage with sig. 'smo+m' on line
(LaTeX3)     93.


LaTeX3 Info: Defining command \scrlfile@AfterClass with sig. 'smo+m' on line
(LaTeX3)     173.


LaTeX3 Info: Defining command \AfterClass with sig. '' on line 174.


LaTeX3 Info: Defining command \scrlfile@AfterPackage with sig. 'smo+m' on line
(LaTeX3)     191.


LaTeX3 Info: Defining command \AfterPackage with sig. '' on line 192.


LaTeX3 Info: Defining command \ReplaceInput with sig. '' on line 193.


LaTeX3 Info: Defining command \ReplaceClass with sig. 'mm' on line 196.


LaTeX3 Info: Defining command \ReplacePackage with sig. 'mm' on line 199.


LaTeX3 Info: Defining command \UnReplaceInput with sig. '' on line 200.


LaTeX3 Info: Defining command \UnReplaceClass with sig. 'm' on line 203.


LaTeX3 Info: Defining command \UnReplacePackage with sig. 'mm' on line 206.


LaTeX3 Info: Defining command \PreventPackageFromLoading with sig. 's+om' on
(LaTeX3)     line 234.


LaTeX3 Info: Defining command \StorePreventPackageFromLoading with sig. 'm' on
(LaTeX3)     line 242.


LaTeX3 Info: Defining command \ResetPreventPackageFromLoading with sig. '' on
(LaTeX3)     line 247.


LaTeX3 Info: Defining command \UnPreventPackageFromLoading with sig. 'sm' on
(LaTeX3)     line 261.


LaTeX3 Info: Defining command \BeforeClosingMainAux with sig. 'om' on line
(LaTeX3)     274.


LaTeX3 Info: Defining command \AfterReadingMainAux with sig. 'om' on line 287.


LaTeX3 Info: Defining command \protected@immediate@write with sig. 'm+m+m' on
(LaTeX3)     line 298.


(/gnu/store/8aakdan6lbwdw0l0axkzy4613k4wibbq-texlive-texmf-20210325/share/texmf
-dist/tex/latex/koma-script/scrlogo.sty
Package: scrlogo 2021/03/17 v3.33 KOMA-Script package (logo)
)))))
(/gnu/store/8aakdan6lbwdw0l0axkzy4613k4wibbq-texlive-texmf-20210325/share/texmf
-dist/tex/latex/beamer/beamerbasetranslator.sty
(/gnu/store/8aakdan6lbwdw0l0axkzy4613k4wibbq-texlive-texmf-20210325/share/texmf
-dist/tex/latex/translator/translator.sty
Package: translator 2020-08-03 v1.12c Easy translation of strings in LaTeX
))
(/gnu/store/8aakdan6lbwdw0l0axkzy4613k4wibbq-texlive-texmf-20210325/share/texmf
-dist/tex/latex/beamer/beamerbasemisc.sty)
(/gnu/store/8aakdan6lbwdw0l0axkzy4613k4wibbq-texlive-texmf-20210325/share/texmf
-dist/tex/latex/beamer/beamerbasetwoscreens.sty)
(/gnu/store/8aakdan6lbwdw0l0axkzy4613k4wibbq-texlive-texmf-20210325/share/texmf
-dist/tex/latex/beamer/beamerbaseoverlay.sty
\beamer@argscount=\count295
\beamer@lastskipcover=\skip50
\beamer@trivlistdepth=\count296
)
(/gnu/store/8aakdan6lbwdw0l0axkzy4613k4wibbq-texlive-texmf-20210325/share/texmf
-dist/tex/latex/beamer/beamerbasetitle.sty)
(/gnu/store/8aakdan6lbwdw0l0axkzy4613k4wibbq-texlive-texmf-20210325/share/texmf
-dist/tex/latex/beamer/beamerbasesection.sty
\c@lecture=\count297
\c@part=\count298
\c@section=\count299
\c@subsection=\count300
\c@subsubsection=\count301
)
(/gnu/store/8aakdan6lbwdw0l0axkzy4613k4wibbq-texlive-texmf-20210325/share/texmf
-dist/tex/latex/beamer/beamerbaseframe.sty
\beamer@framebox=\box62
\beamer@frametitlebox=\box63
\beamer@zoombox=\box64
\beamer@zoomcount=\count302
\beamer@zoomframecount=\count303
\beamer@frametextheight=\dimen261
\c@subsectionslide=\count304
\beamer@frametopskip=\skip51
\beamer@framebottomskip=\skip52
\beamer@frametopskipautobreak=\skip53
\beamer@framebottomskipautobreak=\skip54
\beamer@envbody=\toks28
\framewidth=\dimen262
\c@framenumber=\count305
)
(/gnu/store/8aakdan6lbwdw0l0axkzy4613k4wibbq-texlive-texmf-20210325/share/texmf
-dist/tex/latex/beamer/beamerbaseverbatim.sty
\beamer@verbatimfileout=\write4
)
(/gnu/store/8aakdan6lbwdw0l0axkzy4613k4wibbq-texlive-texmf-20210325/share/texmf
-dist/tex/latex/beamer/beamerbaseframesize.sty
\beamer@splitbox=\box65
\beamer@autobreakcount=\count306
\beamer@autobreaklastheight=\dimen263
\beamer@frametitletoks=\toks29
\beamer@framesubtitletoks=\toks30
)
(/gnu/store/8aakdan6lbwdw0l0axkzy4613k4wibbq-texlive-texmf-20210325/share/texmf
-dist/tex/latex/beamer/beamerbaseframecomponents.sty
\beamer@footins=\box66
)
(/gnu/store/8aakdan6lbwdw0l0axkzy4613k4wibbq-texlive-texmf-20210325/share/texmf
-dist/tex/latex/beamer/beamerbasecolor.sty)
(/gnu/store/8aakdan6lbwdw0l0axkzy4613k4wibbq-texlive-texmf-20210325/share/texmf
-dist/tex/latex/beamer/beamerbasenotes.sty
\beamer@frameboxcopy=\box67
)
(/gnu/store/8aakdan6lbwdw0l0axkzy4613k4wibbq-texlive-texmf-20210325/share/texmf
-dist/tex/latex/beamer/beamerbasetoc.sty)
(/gnu/store/8aakdan6lbwdw0l0axkzy4613k4wibbq-texlive-texmf-20210325/share/texmf
-dist/tex/latex/beamer/beamerbasetemplates.sty
\beamer@sbttoks=\toks31

(/gnu/store/8aakdan6lbwdw0l0axkzy4613k4wibbq-texlive-texmf-20210325/share/texmf
-dist/tex/latex/beamer/beamerbaseauxtemplates.sty
(/gnu/store/8aakdan6lbwdw0l0axkzy4613k4wibbq-texlive-texmf-20210325/share/texmf
-dist/tex/latex/beamer/beamerbaseboxes.sty
\bmb@box=\box68
\bmb@colorbox=\box69
\bmb@boxwidth=\dimen264
\bmb@boxheight=\dimen265
\bmb@prevheight=\dimen266
\bmb@temp=\dimen267
\bmb@dima=\dimen268
\bmb@dimb=\dimen269
\bmb@prevheight=\dimen270
)
\beamer@blockheadheight=\dimen271
))
(/gnu/store/8aakdan6lbwdw0l0axkzy4613k4wibbq-texlive-texmf-20210325/share/texmf
-dist/tex/latex/beamer/beamerbaselocalstructure.sty
(/gnu/store/8aakdan6lbwdw0l0axkzy4613k4wibbq-texlive-texmf-20210325/share/texmf
-dist/tex/latex/tools/enumerate.sty
Package: enumerate 2015/07/23 v3.00 enumerate extensions (DPC)
\@enLab=\toks32
)
\beamer@bibiconwidth=\skip55
\c@figure=\count307
\c@table=\count308
\abovecaptionskip=\skip56
\belowcaptionskip=\skip57
)
(/gnu/store/8aakdan6lbwdw0l0axkzy4613k4wibbq-texlive-texmf-20210325/share/texmf
-dist/tex/latex/beamer/beamerbasenavigation.sty
\beamer@section@min@dim=\dimen272
)
(/gnu/store/8aakdan6lbwdw0l0axkzy4613k4wibbq-texlive-texmf-20210325/share/texmf
-dist/tex/latex/beamer/beamerbasetheorems.sty
(/gnu/store/8aakdan6lbwdw0l0axkzy4613k4wibbq-texlive-texmf-20210325/share/texmf
-dist/tex/latex/amsmath/amsmath.sty
Package: amsmath 2020/09/23 v2.17i AMS math features
\@mathmargin=\skip58

For additional information on amsmath, use the `?' option.

(/gnu/store/8aakdan6lbwdw0l0axkzy4613k4wibbq-texlive-texmf-20210325/share/texmf
-dist/tex/latex/amsmath/amstext.sty
Package: amstext 2000/06/29 v2.01 AMS text

(/gnu/store/8aakdan6lbwdw0l0axkzy4613k4wibbq-texlive-texmf-20210325/share/texmf
-dist/tex/latex/amsmath/amsgen.sty
File: amsgen.sty 1999/11/30 v2.0 generic functions
\@emptytoks=\toks33
\ex@=\dimen273
))
(/gnu/store/8aakdan6lbwdw0l0axkzy4613k4wibbq-texlive-texmf-20210325/share/texmf
-dist/tex/latex/amsmath/amsbsy.sty
Package: amsbsy 1999/11/29 v1.2d Bold Symbols
\pmbraise@=\dimen274
)
(/gnu/store/8aakdan6lbwdw0l0axkzy4613k4wibbq-texlive-texmf-20210325/share/texmf
-dist/tex/latex/amsmath/amsopn.sty
Package: amsopn 2016/03/08 v2.02 operator names
)
\inf@bad=\count309
LaTeX Info: Redefining \frac on input line 234.
\uproot@=\count310
\leftroot@=\count311
LaTeX Info: Redefining \overline on input line 399.
\classnum@=\count312
\DOTSCASE@=\count313
LaTeX Info: Redefining \ldots on input line 496.
LaTeX Info: Redefining \dots on input line 499.
LaTeX Info: Redefining \cdots on input line 620.
\Mathstrutbox@=\box70
\strutbox@=\box71
\big@size=\dimen275
LaTeX Font Info:    Redeclaring font encoding OML on input line 743.
LaTeX Font Info:    Redeclaring font encoding OMS on input line 744.
\macc@depth=\count314
\c@MaxMatrixCols=\count315
\dotsspace@=\muskip17
\c@parentequation=\count316
\dspbrk@lvl=\count317
\tag@help=\toks34
\row@=\count318
\column@=\count319
\maxfields@=\count320
\andhelp@=\toks35
\eqnshift@=\dimen276
\alignsep@=\dimen277
\tagshift@=\dimen278
\tagwidth@=\dimen279
\totwidth@=\dimen280
\lineht@=\dimen281
\@envbody=\toks36
\multlinegap=\skip59
\multlinetaggap=\skip60
\mathdisplay@stack=\toks37
LaTeX Info: Redefining \[ on input line 2923.
LaTeX Info: Redefining \] on input line 2924.
)
(/gnu/store/8aakdan6lbwdw0l0axkzy4613k4wibbq-texlive-texmf-20210325/share/texmf
-dist/tex/latex/amscls/amsthm.sty
Package: amsthm 2020/05/29 v2.20.6
\thm@style=\toks38
\thm@bodyfont=\toks39
\thm@headfont=\toks40
\thm@notefont=\toks41
\thm@headpunct=\toks42
\thm@preskip=\skip61
\thm@postskip=\skip62
\thm@headsep=\skip63
\dth@everypar=\toks43
)
\c@theorem=\count321
)
(/gnu/store/8aakdan6lbwdw0l0axkzy4613k4wibbq-texlive-texmf-20210325/share/texmf
-dist/tex/latex/beamer/beamerbasethemes.sty))
(/gnu/store/8aakdan6lbwdw0l0axkzy4613k4wibbq-texlive-texmf-20210325/share/texmf
-dist/tex/latex/beamer/beamerthemedefault.sty
(/gnu/store/8aakdan6lbwdw0l0axkzy4613k4wibbq-texlive-texmf-20210325/share/texmf
-dist/tex/latex/beamer/beamerfontthemedefault.sty)
(/gnu/store/8aakdan6lbwdw0l0axkzy4613k4wibbq-texlive-texmf-20210325/share/texmf
-dist/tex/latex/beamer/beamercolorthemedefault.sty)
(/gnu/store/8aakdan6lbwdw0l0axkzy4613k4wibbq-texlive-texmf-20210325/share/texmf
-dist/tex/latex/beamer/beamerinnerthemedefault.sty
\beamer@dima=\dimen282
\beamer@dimb=\dimen283
)
(/gnu/store/8aakdan6lbwdw0l0axkzy4613k4wibbq-texlive-texmf-20210325/share/texmf
-dist/tex/latex/beamer/beamerouterthemedefault.sty)))
(/gnu/store/8aakdan6lbwdw0l0axkzy4613k4wibbq-texlive-texmf-20210325/share/texmf
-dist/tex/latex/beamertheme-metropolis/beamerthememetropolis.sty
Package: beamerthememetropolis 2017/01/23 v1.2 Metropolis Beamer theme

(/gnu/store/8aakdan6lbwdw0l0axkzy4613k4wibbq-texlive-texmf-20210325/share/texmf
-dist/tex/latex/pgfopts/pgfopts.sty
Package: pgfopts 2014/07/10 v2.1a LaTeX package options with pgfkeys

(/gnu/store/8aakdan6lbwdw0l0axkzy4613k4wibbq-texlive-texmf-20210325/share/texmf
-dist/tex/latex/pgf/utilities/pgfkeys.sty
(/gnu/store/8aakdan6lbwdw0l0axkzy4613k4wibbq-texlive-texmf-20210325/share/texmf
-dist/tex/generic/pgf/utilities/pgfkeys.code.tex))
\pgfopts@list@add@a@toks=\toks44
\pgfopts@list@add@b@toks=\toks45
)
(/gnu/store/8aakdan6lbwdw0l0axkzy4613k4wibbq-texlive-texmf-20210325/share/texmf
-dist/tex/latex/beamertheme-metropolis/beamerinnerthememetropolis.sty
Package: beamerinnerthememetropolis 2017/01/23 Metropolis inner theme

(/gnu/store/8aakdan6lbwdw0l0axkzy4613k4wibbq-texlive-texmf-20210325/share/texmf
-dist/tex/latex/tools/calc.sty
Package: calc 2017/05/25 v4.3 Infix arithmetic (KKT,FJ)
\calc@Acount=\count322
\calc@Bcount=\count323
\calc@Adimen=\dimen284
\calc@Bdimen=\dimen285
\calc@Askip=\skip64
\calc@Bskip=\skip65
LaTeX Info: Redefining \setlength on input line 80.
LaTeX Info: Redefining \addtolength on input line 81.
\calc@Ccount=\count324
\calc@Cskip=\skip66
)
(/gnu/store/8aakdan6lbwdw0l0axkzy4613k4wibbq-texlive-texmf-20210325/share/texmf
-dist/tex/latex/pgf/frontendlayer/tikz.sty
(/gnu/store/8aakdan6lbwdw0l0axkzy4613k4wibbq-texlive-texmf-20210325/share/texmf
-dist/tex/latex/pgf/basiclayer/pgf.sty
Package: pgf 2020/12/27 v3.1.8b (3.1.8b)

(/gnu/store/8aakdan6lbwdw0l0axkzy4613k4wibbq-texlive-texmf-20210325/share/texmf
-dist/tex/generic/pgf/modules/pgfmoduleshapes.code.tex
File: pgfmoduleshapes.code.tex 2020/12/27 v3.1.8b (3.1.8b)
\pgfnodeparttextbox=\box72
)
(/gnu/store/8aakdan6lbwdw0l0axkzy4613k4wibbq-texlive-texmf-20210325/share/texmf
-dist/tex/generic/pgf/modules/pgfmoduleplot.code.tex
File: pgfmoduleplot.code.tex 2020/12/27 v3.1.8b (3.1.8b)
)
(/gnu/store/8aakdan6lbwdw0l0axkzy4613k4wibbq-texlive-texmf-20210325/share/texmf
-dist/tex/latex/pgf/compatibility/pgfcomp-version-0-65.sty
Package: pgfcomp-version-0-65 2020/12/27 v3.1.8b (3.1.8b)
\pgf@nodesepstart=\dimen286
\pgf@nodesepend=\dimen287
)
(/gnu/store/8aakdan6lbwdw0l0axkzy4613k4wibbq-texlive-texmf-20210325/share/texmf
-dist/tex/latex/pgf/compatibility/pgfcomp-version-1-18.sty
Package: pgfcomp-version-1-18 2020/12/27 v3.1.8b (3.1.8b)
))
(/gnu/store/8aakdan6lbwdw0l0axkzy4613k4wibbq-texlive-texmf-20210325/share/texmf
-dist/tex/latex/pgf/utilities/pgffor.sty
(/gnu/store/8aakdan6lbwdw0l0axkzy4613k4wibbq-texlive-texmf-20210325/share/texmf
-dist/tex/latex/pgf/math/pgfmath.sty
(/gnu/store/8aakdan6lbwdw0l0axkzy4613k4wibbq-texlive-texmf-20210325/share/texmf
-dist/tex/generic/pgf/math/pgfmath.code.tex))
(/gnu/store/8aakdan6lbwdw0l0axkzy4613k4wibbq-texlive-texmf-20210325/share/texmf
-dist/tex/generic/pgf/utilities/pgffor.code.tex
Package: pgffor 2020/12/27 v3.1.8b (3.1.8b)

(/gnu/store/8aakdan6lbwdw0l0axkzy4613k4wibbq-texlive-texmf-20210325/share/texmf
-dist/tex/generic/pgf/math/pgfmath.code.tex)
\pgffor@iter=\dimen288
\pgffor@skip=\dimen289
\pgffor@stack=\toks46
\pgffor@toks=\toks47
))
(/gnu/store/8aakdan6lbwdw0l0axkzy4613k4wibbq-texlive-texmf-20210325/share/texmf
-dist/tex/generic/pgf/frontendlayer/tikz/tikz.code.tex
Package: tikz 2020/12/27 v3.1.8b (3.1.8b)

(/gnu/store/8aakdan6lbwdw0l0axkzy4613k4wibbq-texlive-texmf-20210325/share/texmf
-dist/tex/generic/pgf/libraries/pgflibraryplothandlers.code.tex
File: pgflibraryplothandlers.code.tex 2020/12/27 v3.1.8b (3.1.8b)
\pgf@plot@mark@count=\count325
\pgfplotmarksize=\dimen290
)
\tikz@lastx=\dimen291
\tikz@lasty=\dimen292
\tikz@lastxsaved=\dimen293
\tikz@lastysaved=\dimen294
\tikz@lastmovetox=\dimen295
\tikz@lastmovetoy=\dimen296
\tikzleveldistance=\dimen297
\tikzsiblingdistance=\dimen298
\tikz@figbox=\box73
\tikz@figbox@bg=\box74
\tikz@tempbox=\box75
\tikz@tempbox@bg=\box76
\tikztreelevel=\count326
\tikznumberofchildren=\count327
\tikznumberofcurrentchild=\count328
\tikz@fig@count=\count329

(/gnu/store/8aakdan6lbwdw0l0axkzy4613k4wibbq-texlive-texmf-20210325/share/texmf
-dist/tex/generic/pgf/modules/pgfmodulematrix.code.tex
File: pgfmodulematrix.code.tex 2020/12/27 v3.1.8b (3.1.8b)
\pgfmatrixcurrentrow=\count330
\pgfmatrixcurrentcolumn=\count331
\pgf@matrix@numberofcolumns=\count332
)
\tikz@expandcount=\count333

(/gnu/store/8aakdan6lbwdw0l0axkzy4613k4wibbq-texlive-texmf-20210325/share/texmf
-dist/tex/generic/pgf/frontendlayer/tikz/libraries/tikzlibrarytopaths.code.tex
File: tikzlibrarytopaths.code.tex 2020/12/27 v3.1.8b (3.1.8b)
)))
\metropolis@titleseparator@linewidth=\skip67
\metropolis@progressonsectionpage=\skip68
\metropolis@progressonsectionpage@linewidth=\skip69
\metropolis@blocksep=\skip70
\metropolis@blockadjust=\skip71
\metropolis@parskip=\skip72
)
(/gnu/store/8aakdan6lbwdw0l0axkzy4613k4wibbq-texlive-texmf-20210325/share/texmf
-dist/tex/latex/beamertheme-metropolis/beamerouterthememetropolis.sty
Package: beamerouterthememetropolis 2017/01/23 Metropolis outer theme
\metropolis@frametitle@padding=\skip73
\metropolis@progressinheadfoot=\skip74
\metropolis@progressinheadfoot@linewidth=\skip75
)
(/gnu/store/8aakdan6lbwdw0l0axkzy4613k4wibbq-texlive-texmf-20210325/share/texmf
-dist/tex/latex/beamertheme-metropolis/beamercolorthememetropolis.sty
Package: beamercolorthememetropolis 2017/01/23 Metropolis color theme
)
(/gnu/store/8aakdan6lbwdw0l0axkzy4613k4wibbq-texlive-texmf-20210325/share/texmf
-dist/tex/latex/beamertheme-metropolis/beamerfontthememetropolis.sty
Package: beamerfontthememetropolis 2017/01/23 Metropolis font theme

(/gnu/store/8aakdan6lbwdw0l0axkzy4613k4wibbq-texlive-texmf-20210325/share/texmf
-dist/tex/generic/iftex/ifxetex.sty
Package: ifxetex 2019/10/25 v0.7 ifxetex legacy package. Use iftex instead.
)
(/gnu/store/8aakdan6lbwdw0l0axkzy4613k4wibbq-texlive-texmf-20210325/share/texmf
-dist/tex/generic/iftex/ifluatex.sty
Package: ifluatex 2019/10/25 v1.5 ifluatex legacy package. Use iftex instead.
)

Package beamerthememetropolis Warning: You need to compile with XeLaTeX or LuaL
aTeX to use the Fira fonts on input line 95.

))
(/gnu/store/8aakdan6lbwdw0l0axkzy4613k4wibbq-texlive-texmf-20210325/share/texmf
-dist/tex/latex/caption/subcaption.sty
Package: subcaption 2020/10/07 v1.3j Sub-captions (AR)

(/gnu/store/8aakdan6lbwdw0l0axkzy4613k4wibbq-texlive-texmf-20210325/share/texmf
-dist/tex/latex/caption/caption.sty
Package: caption 2020/10/26 v3.5g Customizing captions (AR)

(/gnu/store/8aakdan6lbwdw0l0axkzy4613k4wibbq-texlive-texmf-20210325/share/texmf
-dist/tex/latex/caption/caption3.sty
Package: caption3 2020/10/21 v2.2e caption3 kernel (AR)
\captionmargin=\dimen299
\captionmargin@=\dimen300
\captionwidth=\dimen301
\caption@tempdima=\dimen302
\caption@indent=\dimen303
\caption@parindent=\dimen304
\caption@hangindent=\dimen305
Package caption Info: beamer document class detected.

(/gnu/store/8aakdan6lbwdw0l0axkzy4613k4wibbq-texlive-texmf-20210325/share/texmf
-dist/tex/latex/caption/caption-beamer.sto
File: caption-beamer.sto 2020/08/22 v2.0 Adaption of the caption package to the
 beamer document classes (AR)
))
\c@caption@flags=\count334
\c@continuedfloat=\count335
Package caption Info: hyperref package is loaded.
Package caption Info: Hyperref support is turned off
(caption)             because hyperref has stopped early.
)
\c@subfigure=\count336
\c@subtable=\count337
)
(/gnu/store/8aakdan6lbwdw0l0axkzy4613k4wibbq-texlive-texmf-20210325/share/texmf
-dist/tex/latex/siunitx/siunitx.sty
(/gnu/store/8aakdan6lbwdw0l0axkzy4613k4wibbq-texlive-texmf-20210325/share/texmf
-dist/tex/latex/l3kernel/expl3.sty
Package: expl3 2021-02-18 L3 programming layer (loader) 

(/gnu/store/8aakdan6lbwdw0l0axkzy4613k4wibbq-texlive-texmf-20210325/share/texmf
-dist/tex/latex/l3backend/l3backend-pdftex.def
File: l3backend-pdftex.def 2021-03-18 L3 backend support: PDF output (pdfTeX)
\l__color_backend_stack_int=\count338
\l__pdf_internal_box=\box77
))
(/gnu/store/8aakdan6lbwdw0l0axkzy4613k4wibbq-texlive-texmf-20210325/share/texmf
-dist/tex/latex/l3packages/xparse/xparse.sty
(/gnu/store/8aakdan6lbwdw0l0axkzy4613k4wibbq-texlive-texmf-20210325/share/texmf
-dist/tex/latex/l3packages/xparse/xparse-2020-10-01.sty
(/gnu/store/8aakdan6lbwdw0l0axkzy4613k4wibbq-texlive-texmf-20210325/share/texmf
-dist/tex/latex/l3packages/xparse/xparse-generic.tex)))
Package: siunitx 2020/02/25 v2.8b A comprehensive (SI) units package

(/gnu/store/8aakdan6lbwdw0l0axkzy4613k4wibbq-texlive-texmf-20210325/share/texmf
-dist/tex/latex/tools/array.sty
Package: array 2020/10/01 v2.5c Tabular extension package (FMi)
\col@sep=\dimen306
\ar@mcellbox=\box78
\extrarowheight=\dimen307
\NC@list=\toks48
\extratabsurround=\skip76
\backup@length=\skip77
\ar@cellbox=\box79
)
(/gnu/store/8aakdan6lbwdw0l0axkzy4613k4wibbq-texlive-texmf-20210325/share/texmf
-dist/tex/latex/l3packages/l3keys2e/l3keys2e.sty
Package: l3keys2e 2021-03-12 LaTeX2e option processing using LaTeX3 keys
)
\l__siunitx_tmp_box=\box80
\l__siunitx_tmp_dim=\dimen308
\l__siunitx_tmp_int=\count339
\l__siunitx_number_mantissa_length_int=\count340
\l__siunitx_number_uncert_length_int=\count341
\l__siunitx_round_int=\count342
\l__siunitx_process_decimal_int=\count343
\l__siunitx_process_uncertainty_int=\count344
\l__siunitx_process_fixed_int=\count345
\l__siunitx_process_integer_min_int=\count346
\l__siunitx_process_precision_int=\count347
\l__siunitx_group_min_int=\count348
\l__siunitx_angle_marker_box=\box81
\l__siunitx_angle_unit_box=\box82
\l__siunitx_angle_marker_dim=\dimen309
\l__siunitx_angle_unit_dim=\dimen310
\l__siunitx_unit_int=\count349
\l__siunitx_unit_denominator_int=\count350
\l__siunitx_unit_numerator_int=\count351
\l__siunitx_unit_prefix_int=\count352
\l__siunitx_unit_prefix_base_int=\count353
\l__siunitx_unit_prefix_gram_int=\count354
\l__siunitx_number_product_int=\count355
\c__siunitx_one_fill_skip=\skip78
\l__siunitx_table_unit_align_skip=\skip79
\l__siunitx_table_exponent_dim=\dimen311
\l__siunitx_table_integer_dim=\dimen312
\l__siunitx_table_mantissa_dim=\dimen313
\l__siunitx_table_marker_dim=\dimen314
\l__siunitx_table_result_dim=\dimen315
\l__siunitx_table_uncert_dim=\dimen316
\l__siunitx_table_fill_pre_dim=\dimen317
\l__siunitx_table_fill_post_dim=\dimen318
\l__siunitx_table_fill_mid_dim=\dimen319
\l__siunitx_table_pre_box=\box83
\l__siunitx_table_post_box=\box84
\l__siunitx_table_mantissa_box=\box85
\l__siunitx_table_result_box=\box86
\l__siunitx_table_number_align_skip=\skip80
\l__siunitx_table_text_align_skip=\skip81
)
(/gnu/store/8aakdan6lbwdw0l0axkzy4613k4wibbq-texlive-texmf-20210325/share/texmf
-dist/tex/latex/physics/physics.sty
Package: physics 
)
(/gnu/store/8aakdan6lbwdw0l0axkzy4613k4wibbq-texlive-texmf-20210325/share/texmf
-dist/tex/latex/tikz-cd/tikz-cd.sty
Package: tikz-cd 2018/11/19 v0.9f Commutative diagrams with TikZ

(/gnu/store/8aakdan6lbwdw0l0axkzy4613k4wibbq-texlive-texmf-20210325/share/texmf
-dist/tex/generic/tikz-cd/tikzlibrarycd.code.tex
(/gnu/store/8aakdan6lbwdw0l0axkzy4613k4wibbq-texlive-texmf-20210325/share/texmf
-dist/tex/generic/pgf/frontendlayer/tikz/libraries/tikzlibrarymatrix.code.tex
File: tikzlibrarymatrix.code.tex 2020/12/27 v3.1.8b (3.1.8b)
)
(/gnu/store/8aakdan6lbwdw0l0axkzy4613k4wibbq-texlive-texmf-20210325/share/texmf
-dist/tex/generic/pgf/frontendlayer/tikz/libraries/tikzlibraryquotes.code.tex
File: tikzlibraryquotes.code.tex 2020/12/27 v3.1.8b (3.1.8b)
)
(/gnu/store/8aakdan6lbwdw0l0axkzy4613k4wibbq-texlive-texmf-20210325/share/texmf
-dist/tex/generic/pgf/libraries/pgflibraryarrows.meta.code.tex
File: pgflibraryarrows.meta.code.tex 2020/12/27 v3.1.8b (3.1.8b)
\pgfarrowinset=\dimen320
\pgfarrowlength=\dimen321
\pgfarrowwidth=\dimen322
\pgfarrowlinewidth=\dimen323
)))
\c@mydef=\count356
\c@thm=\count357

(./presentation.aux)
\openout1 = `presentation.aux'.

LaTeX Font Info:    Checking defaults for OML/cmm/m/it on input line 20.
LaTeX Font Info:    ... okay on input line 20.
LaTeX Font Info:    Checking defaults for OMS/cmsy/m/n on input line 20.
LaTeX Font Info:    ... okay on input line 20.
LaTeX Font Info:    Checking defaults for OT1/cmr/m/n on input line 20.
LaTeX Font Info:    ... okay on input line 20.
LaTeX Font Info:    Checking defaults for T1/cmr/m/n on input line 20.
LaTeX Font Info:    ... okay on input line 20.
LaTeX Font Info:    Checking defaults for TS1/cmr/m/n on input line 20.
LaTeX Font Info:    ... okay on input line 20.
LaTeX Font Info:    Checking defaults for OMX/cmex/m/n on input line 20.
LaTeX Font Info:    ... okay on input line 20.
LaTeX Font Info:    Checking defaults for U/cmr/m/n on input line 20.
LaTeX Font Info:    ... okay on input line 20.
LaTeX Font Info:    Checking defaults for PD1/pdf/m/n on input line 20.
LaTeX Font Info:    ... okay on input line 20.
LaTeX Font Info:    Checking defaults for PU/pdf/m/n on input line 20.
LaTeX Font Info:    ... okay on input line 20.

*geometry* driver: auto-detecting
*geometry* detected driver: pdftex
*geometry* verbose mode - [ preamble ] result:
* driver: pdftex
* paper: custom
* layout: <same size as paper>
* layoutoffset:(h,v)=(0.0pt,0.0pt)
* modes: includehead includefoot 
* h-part:(L,W,R)=(28.45274pt, 307.28987pt, 28.45274pt)
* v-part:(T,H,B)=(0.0pt, 273.14662pt, 0.0pt)
* \paperwidth=364.19536pt
* \paperheight=273.14662pt
* \textwidth=307.28987pt
* \textheight=244.6939pt
* \oddsidemargin=-43.81725pt
* \evensidemargin=-43.81725pt
* \topmargin=-72.26999pt
* \headheight=14.22636pt
* \headsep=0.0pt
* \topskip=10.0pt
* \footskip=14.22636pt
* \marginparwidth=3.0pt
* \marginparsep=11.0pt
* \columnsep=10.0pt
* \skip\footins=9.0pt plus 4.0pt minus 2.0pt
* \hoffset=0.0pt
* \voffset=0.0pt
* \mag=1000
* \@twocolumnfalse
* \@twosidefalse
* \@mparswitchfalse
* \@reversemarginfalse
* (1in=72.27pt=25.4mm, 1cm=28.453pt)


(/gnu/store/8aakdan6lbwdw0l0axkzy4613k4wibbq-texlive-texmf-20210325/share/texmf
-dist/tex/context/base/mkii/supp-pdf.mkii
[Loading MPS to PDF converter (version 2006.09.02).]
\scratchcounter=\count358
\scratchdimen=\dimen324
\scratchbox=\box87
\nofMPsegments=\count359
\nofMParguments=\count360
\everyMPshowfont=\toks49
\MPscratchCnt=\count361
\MPscratchDim=\dimen325
\MPnumerator=\count362
\makeMPintoPDFobject=\count363
\everyMPtoPDFconversion=\toks50
)
(/gnu/store/8aakdan6lbwdw0l0axkzy4613k4wibbq-texlive-texmf-20210325/share/texmf
-dist/tex/latex/epstopdf-pkg/epstopdf-base.sty
Package: epstopdf-base 2020-01-24 v2.11 Base part for package epstopdf
Package epstopdf-base Info: Redefining graphics rule for `.eps' on input line 4
85.

(/gnu/store/8aakdan6lbwdw0l0axkzy4613k4wibbq-texlive-texmf-20210325/share/texmf
-dist/tex/latex/latexconfig/epstopdf-sys.cfg
File: epstopdf-sys.cfg 2010/07/13 v1.3 Configuration of (r)epstopdf for TeX Liv
e
))
Package hyperref Info: Link coloring OFF on input line 20.

(/gnu/store/8aakdan6lbwdw0l0axkzy4613k4wibbq-texlive-texmf-20210325/share/texmf
-dist/tex/latex/hyperref/nameref.sty
Package: nameref 2021-04-02 v2.47 Cross-referencing by name of section

(/gnu/store/8aakdan6lbwdw0l0axkzy4613k4wibbq-texlive-texmf-20210325/share/texmf
-dist/tex/latex/refcount/refcount.sty
Package: refcount 2019/12/15 v3.6 Data extraction from label references (HO)
)
(/gnu/store/8aakdan6lbwdw0l0axkzy4613k4wibbq-texlive-texmf-20210325/share/texmf
-dist/tex/generic/gettitlestring/gettitlestring.sty
Package: gettitlestring 2019/12/15 v1.6 Cleanup title references (HO)
)
\c@section@level=\count364
)
LaTeX Info: Redefining \ref on input line 20.
LaTeX Info: Redefining \pageref on input line 20.
LaTeX Info: Redefining \nameref on input line 20.
 (./presentation.out)
(./presentation.out)
\@outlinefile=\write5
\openout5 = `presentation.out'.

LaTeX Font Info:    Overwriting symbol font `operators' in version `normal'
(Font)                  OT1/cmr/m/n --> OT1/cmss/m/n on input line 20.
LaTeX Font Info:    Overwriting symbol font `operators' in version `bold'
(Font)                  OT1/cmr/bx/n --> OT1/cmss/b/n on input line 20.
\symnumbers=\mathgroup6
\sympureletters=\mathgroup7
LaTeX Font Info:    Overwriting math alphabet `\mathrm' in version `normal'
(Font)                  OT1/cmss/m/n --> OT1/cmr/m/n on input line 20.
LaTeX Font Info:    Redeclaring math alphabet \mathbf on input line 20.
LaTeX Font Info:    Overwriting math alphabet `\mathbf' in version `normal'
(Font)                  OT1/cmr/bx/n --> OT1/cmss/b/n on input line 20.
LaTeX Font Info:    Overwriting math alphabet `\mathbf' in version `bold'
(Font)                  OT1/cmr/bx/n --> OT1/cmss/b/n on input line 20.
LaTeX Font Info:    Redeclaring math alphabet \mathsf on input line 20.
LaTeX Font Info:    Overwriting math alphabet `\mathsf' in version `normal'
(Font)                  OT1/cmss/m/n --> OT1/cmss/m/n on input line 20.
LaTeX Font Info:    Overwriting math alphabet `\mathsf' in version `bold'
(Font)                  OT1/cmss/bx/n --> OT1/cmss/m/n on input line 20.
LaTeX Font Info:    Redeclaring math alphabet \mathit on input line 20.
LaTeX Font Info:    Overwriting math alphabet `\mathit' in version `normal'
(Font)                  OT1/cmr/m/it --> OT1/cmss/m/it on input line 20.
LaTeX Font Info:    Overwriting math alphabet `\mathit' in version `bold'
(Font)                  OT1/cmr/bx/it --> OT1/cmss/m/it on input line 20.
LaTeX Font Info:    Redeclaring math alphabet \mathtt on input line 20.
LaTeX Font Info:    Overwriting math alphabet `\mathtt' in version `normal'
(Font)                  OT1/cmtt/m/n --> OT1/cmtt/m/n on input line 20.
LaTeX Font Info:    Overwriting math alphabet `\mathtt' in version `bold'
(Font)                  OT1/cmtt/m/n --> OT1/cmtt/m/n on input line 20.
LaTeX Font Info:    Overwriting symbol font `numbers' in version `bold'
(Font)                  OT1/cmss/m/n --> OT1/cmss/b/n on input line 20.
LaTeX Font Info:    Overwriting symbol font `pureletters' in version `bold'
(Font)                  OT1/cmss/m/it --> OT1/cmss/b/it on input line 20.
LaTeX Font Info:    Overwriting math alphabet `\mathrm' in version `bold'
(Font)                  OT1/cmss/b/n --> OT1/cmr/b/n on input line 20.
LaTeX Font Info:    Overwriting math alphabet `\mathbf' in version `bold'
(Font)                  OT1/cmss/b/n --> OT1/cmss/b/n on input line 20.
LaTeX Font Info:    Overwriting math alphabet `\mathsf' in version `bold'
(Font)                  OT1/cmss/m/n --> OT1/cmss/b/n on input line 20.
LaTeX Font Info:    Overwriting math alphabet `\mathit' in version `bold'
(Font)                  OT1/cmss/m/it --> OT1/cmss/b/it on input line 20.
LaTeX Font Info:    Overwriting math alphabet `\mathtt' in version `bold'
(Font)                  OT1/cmtt/m/n --> OT1/cmtt/b/n on input line 20.
LaTeX Font Info:    Redeclaring symbol font `pureletters' on input line 20.
LaTeX Font Info:    Overwriting symbol font `pureletters' in version `normal'
(Font)                  OT1/cmss/m/it --> OT1/mathkerncmss/m/sl on input line 2
0.
LaTeX Font Info:    Overwriting symbol font `pureletters' in version `bold'
(Font)                  OT1/cmss/b/it --> OT1/mathkerncmss/m/sl on input line 2
0.
LaTeX Font Info:    Overwriting symbol font `pureletters' in version `bold'
(Font)                  OT1/mathkerncmss/m/sl --> OT1/mathkerncmss/bx/sl on inp
ut line 20.

(/gnu/store/8aakdan6lbwdw0l0axkzy4613k4wibbq-texlive-texmf-20210325/share/texmf
-dist/tex/latex/translator/translator-basic-dictionary-English.dict
Dictionary: translator-basic-dictionary, Language: English 
)
(/gnu/store/8aakdan6lbwdw0l0axkzy4613k4wibbq-texlive-texmf-20210325/share/texmf
-dist/tex/latex/translator/translator-bibliography-dictionary-English.dict
Dictionary: translator-bibliography-dictionary, Language: English 
)
(/gnu/store/8aakdan6lbwdw0l0axkzy4613k4wibbq-texlive-texmf-20210325/share/texmf
-dist/tex/latex/translator/translator-environment-dictionary-English.dict
Dictionary: translator-environment-dictionary, Language: English 
)
(/gnu/store/8aakdan6lbwdw0l0axkzy4613k4wibbq-texlive-texmf-20210325/share/texmf
-dist/tex/latex/translator/translator-months-dictionary-English.dict
Dictionary: translator-months-dictionary, Language: English 
)
(/gnu/store/8aakdan6lbwdw0l0axkzy4613k4wibbq-texlive-texmf-20210325/share/texmf
-dist/tex/latex/translator/translator-numbers-dictionary-English.dict
Dictionary: translator-numbers-dictionary, Language: English 
)
(/gnu/store/8aakdan6lbwdw0l0axkzy4613k4wibbq-texlive-texmf-20210325/share/texmf
-dist/tex/latex/translator/translator-theorem-dictionary-English.dict
Dictionary: translator-theorem-dictionary, Language: English 
)
Package caption Info: Begin \AtBeginDocument code.
Package caption Info: End \AtBeginDocument code.

(/gnu/store/8aakdan6lbwdw0l0axkzy4613k4wibbq-texlive-texmf-20210325/share/texmf
-dist/tex/latex/siunitx/siunitx-abbreviations.cfg
File: siunitx-abbreviations.cfg 2017/11/26 v2.7k siunitx: Abbreviated units
) (./presentation.nav)
LaTeX Font Info:    Trying to load font information for U+msa on input line 20.


(/gnu/store/8aakdan6lbwdw0l0axkzy4613k4wibbq-texlive-texmf-20210325/share/texmf
-dist/tex/latex/amsfonts/umsa.fd
File: umsa.fd 2013/01/14 v3.01 AMS symbols A
)
LaTeX Font Info:    Trying to load font information for U+msb on input line 20.


(/gnu/store/8aakdan6lbwdw0l0axkzy4613k4wibbq-texlive-texmf-20210325/share/texmf
-dist/tex/latex/amsfonts/umsb.fd
File: umsb.fd 2013/01/14 v3.01 AMS symbols B
)
LaTeX Font Info:    Trying to load font information for OT1+mathkerncmss on inp
ut line 20.

(/gnu/store/8aakdan6lbwdw0l0axkzy4613k4wibbq-texlive-texmf-20210325/share/texmf
-dist/tex/latex/sansmathaccent/ot1mathkerncmss.fd
File: ot1mathkerncmss.fd 2020/01/31 Fontinst v1.933 font definitions for OT1/ma
thkerncmss.
)
Overfull \vbox (39.39362pt too high) detected at line 24
 []

[1

{/gnu/store/8aakdan6lbwdw0l0axkzy4613k4wibbq-texlive-texmf-20210325/share/texmf
-dist/fonts/map/pdftex/updmap/pdftex.map}]
<abstract.png, id=22, 1189.44376pt x 709.90219pt>
File: abstract.png Graphic file (type png)
<use abstract.png>
Package pdftex.def Info: abstract.png  used on input line 32.
(pdftex.def)             Requested size: 333.04198pt x 198.77126pt.

Overfull \hbox (25.7521pt too wide) in paragraph at lines 32--32
 [] 
 []


Overfull \vbox (3.40709pt too high) detected at line 32
 []

[2

 <./abstract.png>]
<abstract_interesting.png, id=30, 1189.44376pt x 709.90219pt>
File: abstract_interesting.png Graphic file (type png)
<use abstract_interesting.png>
Package pdftex.def Info: abstract_interesting.png  used on input line 41.
(pdftex.def)             Requested size: 333.04198pt x 198.77126pt.

Overfull \hbox (25.7521pt too wide) in paragraph at lines 41--41
 [] 
 []


Overfull \vbox (3.40709pt too high) detected at line 41
 []

[3

 <./abstract_interesting.png>]
LaTeX Font Info:    Trying to load font information for TS1+cmss on input line 
69.

(/gnu/store/8aakdan6lbwdw0l0axkzy4613k4wibbq-texlive-texmf-20210325/share/texmf
-dist/tex/latex/base/ts1cmss.fd
File: ts1cmss.fd 2019/12/16 v2.5j Standard LaTeX font definitions
)
<tri-dihedral.png, id=37, 602.25pt x 323.2075pt>
File: tri-dihedral.png Graphic file (type png)
<use tri-dihedral.png>
Package pdftex.def Info: tri-dihedral.png  used on input line 69.
(pdftex.def)             Requested size: 122.9164pt x 65.96205pt.

Overfull \vbox (10.38618pt too high) detected at line 69
 []

[4

 <./tri-dihedral.png>]

LaTeX Font Warning: Font shape `OT1/cmss/bx/it' undefined
(Font)              using `OT1/cmss/b/it' instead on input line 99.


LaTeX Font Warning: Font shape `OT1/cmss/b/it' undefined
(Font)              using `OT1/cmss/b/n' instead on input line 99.

LaTeX Font Info:    Font shape `OT1/cmss/b/n' in size <10> not available
(Font)              Font shape `OT1/cmss/bx/n' tried instead on input line 99.

Overfull \vbox (13.3134pt too high) detected at line 99
 []

[5

]
LaTeX Font Info:    Font shape `OT1/cmss/b/n' in size <7> not available
(Font)              Font shape `OT1/cmss/bx/n' tried instead on input line 117.

LaTeX Font Info:    Font shape `OT1/cmss/b/n' in size <5> not available
(Font)              Font shape `OT1/cmss/bx/n' tried instead on input line 117.

 [6

] [7

] [8

]
<braid.png, id=77, 131.87956pt x 51.96054pt>
File: braid.png Graphic file (type png)
<use braid.png>
Package pdftex.def Info: braid.png  used on input line 170.
(pdftex.def)             Requested size: 158.25467pt x 62.35233pt.
 [9

 <./braid.png>]
<he-app.png, id=84, 343.46877pt x 379.97629pt>
File: he-app.png Graphic file (type png)
<use he-app.png>
Package pdftex.def Info: he-app.png  used on input line 191.
(pdftex.def)             Requested size: 92.18788pt x 101.98618pt.
<fqhe.png, id=85, 885.86629pt x 701.83856pt>
File: fqhe.png Graphic file (type png)
<use fqhe.png>
Package pdftex.def Info: fqhe.png  used on input line 191.
(pdftex.def)             Requested size: 150.59528pt x 119.31097pt.

Overfull \vbox (22.28374pt too high) detected at line 191
 []

[10

 <./he-app.png> <./fqhe.png>] [11

] [12

]
<operator.png, id=105, 345.29pt x 71.26625pt>
File: operator.png Graphic file (type png)
<use operator.png>
Package pdftex.def Info: operator.png  used on input line 234.
(pdftex.def)             Requested size: 153.64493pt x 31.71173pt.
<tqft.png, id=106, 282.30469pt x 105.39375pt>
File: tqft.png Graphic file (type png)
<use tqft.png>
Package pdftex.def Info: tqft.png  used on input line 234.
(pdftex.def)             Requested size: 141.152pt x 52.69673pt.
 [13

 <./operator.png> <./tqft.png>]
\tf@nav=\write6
\openout6 = `presentation.nav'.

\tf@toc=\write7
\openout7 = `presentation.toc'.

\tf@snm=\write8
\openout8 = `presentation.snm'.


(./presentation.aux)

LaTeX Font Warning: Some font shapes were not available, defaults substituted.

Package rerunfilecheck Info: File `presentation.out' has not changed.
(rerunfilecheck)             Checksum: D41D8CD98F00B204E9800998ECF8427E;0.
 ) 
Here is how much of TeX's memory you used:
 29136 strings out of 478994
 618343 string characters out of 5833535
 857201 words of memory out of 5000000
 45990 multiletter control sequences out of 15000+600000
 421153 words of font info for 87 fonts, out of 8000000 for 9000
 1141 hyphenation exceptions out of 8191
 131i,17n,132p,1811b,1282s stack positions out of 5000i,500n,10000p,200000b,80000s
{/gnu/store/8aakdan6lbwdw0l0axkzy4613k4wibbq-texlive-texmf-20210325/share/tex
mf-dist/fonts/enc/dvips/cm-super/cm-super-ts1.enc}</gnu/store/8aakdan6lbwdw0l0a
xkzy4613k4wibbq-texlive-texmf-20210325/share/texmf-dist/fonts/type1/public/amsf
onts/cm/cmbsy10.pfb></gnu/store/8aakdan6lbwdw0l0axkzy4613k4wibbq-texlive-texmf-
20210325/share/texmf-dist/fonts/type1/public/amsfonts/cm/cmex10.pfb></gnu/store
/8aakdan6lbwdw0l0axkzy4613k4wibbq-texlive-texmf-20210325/share/texmf-dist/fonts
/type1/public/amsfonts/cm/cmmi10.pfb></gnu/store/8aakdan6lbwdw0l0axkzy4613k4wib
bq-texlive-texmf-20210325/share/texmf-dist/fonts/type1/public/amsfonts/cm/cmmi1
2.pfb></gnu/store/8aakdan6lbwdw0l0axkzy4613k4wibbq-texlive-texmf-20210325/share
/texmf-dist/fonts/type1/public/amsfonts/cm/cmmi7.pfb></gnu/store/8aakdan6lbwdw0
l0axkzy4613k4wibbq-texlive-texmf-20210325/share/texmf-dist/fonts/type1/public/a
msfonts/cm/cmss10.pfb></gnu/store/8aakdan6lbwdw0l0axkzy4613k4wibbq-texlive-texm
f-20210325/share/texmf-dist/fonts/type1/public/amsfonts/cm/cmss8.pfb></gnu/stor
e/8aakdan6lbwdw0l0axkzy4613k4wibbq-texlive-texmf-20210325/share/texmf-dist/font
s/type1/public/amsfonts/cm/cmss9.pfb></gnu/store/8aakdan6lbwdw0l0axkzy4613k4wib
bq-texlive-texmf-20210325/share/texmf-dist/fonts/type1/public/amsfonts/cm/cmssb
x10.pfb></gnu/store/8aakdan6lbwdw0l0axkzy4613k4wibbq-texlive-texmf-20210325/sha
re/texmf-dist/fonts/type1/public/amsfonts/cm/cmssi10.pfb></gnu/store/8aakdan6lb
wdw0l0axkzy4613k4wibbq-texlive-texmf-20210325/share/texmf-dist/fonts/type1/publ
ic/amsfonts/cm/cmssi8.pfb></gnu/store/8aakdan6lbwdw0l0axkzy4613k4wibbq-texlive-
texmf-20210325/share/texmf-dist/fonts/type1/public/amsfonts/cm/cmsy10.pfb></gnu
/store/8aakdan6lbwdw0l0axkzy4613k4wibbq-texlive-texmf-20210325/share/texmf-dist
/fonts/type1/public/amsfonts/cm/cmsy7.pfb></gnu/store/8aakdan6lbwdw0l0axkzy4613
k4wibbq-texlive-texmf-20210325/share/texmf-dist/fonts/type1/public/amsfonts/sym
bols/msam10.pfb></gnu/store/8aakdan6lbwdw0l0axkzy4613k4wibbq-texlive-texmf-2021
0325/share/texmf-dist/fonts/type1/public/amsfonts/symbols/msbm10.pfb></gnu/stor
e/8aakdan6lbwdw0l0axkzy4613k4wibbq-texlive-texmf-20210325/share/texmf-dist/font
s/type1/public/cm-super/sfss1000.pfb>
Output written on presentation.pdf (13 pages, 1014413 bytes).
PDF statistics:
 175 PDF objects out of 1000 (max. 8388607)
 121 compressed objects within 2 object streams
 27 named destinations out of 1000 (max. 500000)
 83 words of extra memory for PDF output out of 10000 (max. 10000000)

