This is pdfTeX, Version 3.141592653-2.6-1.40.22 (TeX Live 2021/GNU Guix) (preloaded format=pdflatex 2022.5.9)  26 SEP 2022 11:40
entering extended mode
 \write18 enabled.
 file:line:error style messages enabled.
 %&-line parsing enabled.
**hw2.tex
(./hw2.tex
LaTeX2e <2020-10-01> patch level 4
L3 programming layer <2021-02-18>
(/gnu/store/62p0ys0vb83hjxryj3nmicdniqga7km7-texlive-texmf-20210325/share/texmf
-dist/tex/latex/base/article.cls
Document Class: article 2020/04/10 v1.4m Standard LaTeX document class

(/gnu/store/62p0ys0vb83hjxryj3nmicdniqga7km7-texlive-texmf-20210325/share/texmf
-dist/tex/latex/base/size10.clo
File: size10.clo 2020/04/10 v1.4m Standard LaTeX file (size option)
)
\c@part=\count179
\c@section=\count180
\c@subsection=\count181
\c@subsubsection=\count182
\c@paragraph=\count183
\c@subparagraph=\count184
\c@figure=\count185
\c@table=\count186
\abovecaptionskip=\skip47
\belowcaptionskip=\skip48
\bibindent=\dimen138
)
(/gnu/store/62p0ys0vb83hjxryj3nmicdniqga7km7-texlive-texmf-20210325/share/texmf
-dist/tex/latex/geometry/geometry.sty
Package: geometry 2020/01/02 v5.9 Page Geometry

(/gnu/store/62p0ys0vb83hjxryj3nmicdniqga7km7-texlive-texmf-20210325/share/texmf
-dist/tex/latex/graphics/keyval.sty
Package: keyval 2014/10/28 v1.15 key=value parser (DPC)
\KV@toks@=\toks15
)
(/gnu/store/62p0ys0vb83hjxryj3nmicdniqga7km7-texlive-texmf-20210325/share/texmf
-dist/tex/generic/iftex/ifvtex.sty
Package: ifvtex 2019/10/25 v1.7 ifvtex legacy package. Use iftex instead.

(/gnu/store/62p0ys0vb83hjxryj3nmicdniqga7km7-texlive-texmf-20210325/share/texmf
-dist/tex/generic/iftex/iftex.sty
Package: iftex 2020/03/06 v1.0d TeX engine tests
))
\Gm@cnth=\count187
\Gm@cntv=\count188
\c@Gm@tempcnt=\count189
\Gm@bindingoffset=\dimen139
\Gm@wd@mp=\dimen140
\Gm@odd@mp=\dimen141
\Gm@even@mp=\dimen142
\Gm@layoutwidth=\dimen143
\Gm@layoutheight=\dimen144
\Gm@layouthoffset=\dimen145
\Gm@layoutvoffset=\dimen146
\Gm@dimlist=\toks16
)
(/gnu/store/62p0ys0vb83hjxryj3nmicdniqga7km7-texlive-texmf-20210325/share/texmf
-dist/tex/latex/tex-gyre/tgpagella.sty
Package: tgpagella 2009/09/27 v1.2 TeX Gyre Pagella as default roman family

(/gnu/store/62p0ys0vb83hjxryj3nmicdniqga7km7-texlive-texmf-20210325/share/texmf
-dist/tex/latex/kvoptions/kvoptions.sty
Package: kvoptions 2020-10-07 v3.14 Key value format for package options (HO)

(/gnu/store/62p0ys0vb83hjxryj3nmicdniqga7km7-texlive-texmf-20210325/share/texmf
-dist/tex/generic/ltxcmds/ltxcmds.sty
Package: ltxcmds 2020-05-10 v1.25 LaTeX kernel commands for general use (HO)
)
(/gnu/store/62p0ys0vb83hjxryj3nmicdniqga7km7-texlive-texmf-20210325/share/texmf
-dist/tex/generic/kvsetkeys/kvsetkeys.sty
Package: kvsetkeys 2019/12/15 v1.18 Key value parser (HO)
)))
(/gnu/store/62p0ys0vb83hjxryj3nmicdniqga7km7-texlive-texmf-20210325/share/texmf
-dist/tex/latex/amsmath/amsmath.sty
Package: amsmath 2020/09/23 v2.17i AMS math features
\@mathmargin=\skip49

For additional information on amsmath, use the `?' option.

(/gnu/store/62p0ys0vb83hjxryj3nmicdniqga7km7-texlive-texmf-20210325/share/texmf
-dist/tex/latex/amsmath/amstext.sty
Package: amstext 2000/06/29 v2.01 AMS text

(/gnu/store/62p0ys0vb83hjxryj3nmicdniqga7km7-texlive-texmf-20210325/share/texmf
-dist/tex/latex/amsmath/amsgen.sty
File: amsgen.sty 1999/11/30 v2.0 generic functions
\@emptytoks=\toks17
\ex@=\dimen147
))
(/gnu/store/62p0ys0vb83hjxryj3nmicdniqga7km7-texlive-texmf-20210325/share/texmf
-dist/tex/latex/amsmath/amsbsy.sty
Package: amsbsy 1999/11/29 v1.2d Bold Symbols
\pmbraise@=\dimen148
)
(/gnu/store/62p0ys0vb83hjxryj3nmicdniqga7km7-texlive-texmf-20210325/share/texmf
-dist/tex/latex/amsmath/amsopn.sty
Package: amsopn 2016/03/08 v2.02 operator names
)
\inf@bad=\count190
LaTeX Info: Redefining \frac on input line 234.
\uproot@=\count191
\leftroot@=\count192
LaTeX Info: Redefining \overline on input line 399.
\classnum@=\count193
\DOTSCASE@=\count194
LaTeX Info: Redefining \ldots on input line 496.
LaTeX Info: Redefining \dots on input line 499.
LaTeX Info: Redefining \cdots on input line 620.
\Mathstrutbox@=\box47
\strutbox@=\box48
\big@size=\dimen149
LaTeX Font Info:    Redeclaring font encoding OML on input line 743.
LaTeX Font Info:    Redeclaring font encoding OMS on input line 744.
\macc@depth=\count195
\c@MaxMatrixCols=\count196
\dotsspace@=\muskip16
\c@parentequation=\count197
\dspbrk@lvl=\count198
\tag@help=\toks18
\row@=\count199
\column@=\count266
\maxfields@=\count267
\andhelp@=\toks19
\eqnshift@=\dimen150
\alignsep@=\dimen151
\tagshift@=\dimen152
\tagwidth@=\dimen153
\totwidth@=\dimen154
\lineht@=\dimen155
\@envbody=\toks20
\multlinegap=\skip50
\multlinetaggap=\skip51
\mathdisplay@stack=\toks21
LaTeX Info: Redefining \[ on input line 2923.
LaTeX Info: Redefining \] on input line 2924.
)
(/gnu/store/62p0ys0vb83hjxryj3nmicdniqga7km7-texlive-texmf-20210325/share/texmf
-dist/tex/latex/amscls/amsthm.sty
Package: amsthm 2020/05/29 v2.20.6
\thm@style=\toks22
\thm@bodyfont=\toks23
\thm@headfont=\toks24
\thm@notefont=\toks25
\thm@headpunct=\toks26
\thm@preskip=\skip52
\thm@postskip=\skip53
\thm@headsep=\skip54
\dth@everypar=\toks27
)
(/gnu/store/62p0ys0vb83hjxryj3nmicdniqga7km7-texlive-texmf-20210325/share/texmf
-dist/tex/latex/amsfonts/amssymb.sty
Package: amssymb 2013/01/14 v3.01 AMS font symbols

(/gnu/store/62p0ys0vb83hjxryj3nmicdniqga7km7-texlive-texmf-20210325/share/texmf
-dist/tex/latex/amsfonts/amsfonts.sty
Package: amsfonts 2013/01/14 v3.01 Basic AMSFonts support
\symAMSa=\mathgroup4
\symAMSb=\mathgroup5
LaTeX Font Info:    Redeclaring math symbol \hbar on input line 98.
LaTeX Font Info:    Overwriting math alphabet `\mathfrak' in version `bold'
(Font)                  U/euf/m/n --> U/euf/b/n on input line 106.
))
(/gnu/store/62p0ys0vb83hjxryj3nmicdniqga7km7-texlive-texmf-20210325/share/texmf
-dist/tex/latex/physics/physics.sty
Package: physics 

(/gnu/store/62p0ys0vb83hjxryj3nmicdniqga7km7-texlive-texmf-20210325/share/texmf
-dist/tex/latex/l3packages/xparse/xparse.sty
(/gnu/store/62p0ys0vb83hjxryj3nmicdniqga7km7-texlive-texmf-20210325/share/texmf
-dist/tex/latex/l3kernel/expl3.sty
Package: expl3 2021-02-18 L3 programming layer (loader) 

(/gnu/store/62p0ys0vb83hjxryj3nmicdniqga7km7-texlive-texmf-20210325/share/texmf
-dist/tex/latex/l3backend/l3backend-pdftex.def
File: l3backend-pdftex.def 2021-03-18 L3 backend support: PDF output (pdfTeX)
\l__color_backend_stack_int=\count268
\l__pdf_internal_box=\box49
))
(/gnu/store/62p0ys0vb83hjxryj3nmicdniqga7km7-texlive-texmf-20210325/share/texmf
-dist/tex/latex/l3packages/xparse/xparse-2020-10-01.sty
(/gnu/store/62p0ys0vb83hjxryj3nmicdniqga7km7-texlive-texmf-20210325/share/texmf
-dist/tex/latex/l3packages/xparse/xparse-generic.tex))))
(/gnu/store/62p0ys0vb83hjxryj3nmicdniqga7km7-texlive-texmf-20210325/share/texmf
-dist/tex/latex/siunitx/siunitx.sty
Package: siunitx 2020/02/25 v2.8b A comprehensive (SI) units package

(/gnu/store/62p0ys0vb83hjxryj3nmicdniqga7km7-texlive-texmf-20210325/share/texmf
-dist/tex/latex/tools/array.sty
Package: array 2020/10/01 v2.5c Tabular extension package (FMi)
\col@sep=\dimen156
\ar@mcellbox=\box50
\extrarowheight=\dimen157
\NC@list=\toks28
\extratabsurround=\skip55
\backup@length=\skip56
\ar@cellbox=\box51
)
(/gnu/store/62p0ys0vb83hjxryj3nmicdniqga7km7-texlive-texmf-20210325/share/texmf
-dist/tex/latex/l3packages/l3keys2e/l3keys2e.sty
Package: l3keys2e 2021-03-12 LaTeX2e option processing using LaTeX3 keys
)
\l__siunitx_tmp_box=\box52
\l__siunitx_tmp_dim=\dimen158
\l__siunitx_tmp_int=\count269
\l__siunitx_number_mantissa_length_int=\count270
\l__siunitx_number_uncert_length_int=\count271
\l__siunitx_round_int=\count272
\l__siunitx_process_decimal_int=\count273
\l__siunitx_process_uncertainty_int=\count274
\l__siunitx_process_fixed_int=\count275
\l__siunitx_process_integer_min_int=\count276
\l__siunitx_process_precision_int=\count277
\l__siunitx_group_min_int=\count278
\l__siunitx_angle_marker_box=\box53
\l__siunitx_angle_unit_box=\box54
\l__siunitx_angle_marker_dim=\dimen159
\l__siunitx_angle_unit_dim=\dimen160
\l__siunitx_unit_int=\count279
\l__siunitx_unit_denominator_int=\count280
\l__siunitx_unit_numerator_int=\count281
\l__siunitx_unit_prefix_int=\count282
\l__siunitx_unit_prefix_base_int=\count283
\l__siunitx_unit_prefix_gram_int=\count284
\l__siunitx_number_product_int=\count285
\c__siunitx_one_fill_skip=\skip57
\l__siunitx_table_unit_align_skip=\skip58
\l__siunitx_table_exponent_dim=\dimen161
\l__siunitx_table_integer_dim=\dimen162
\l__siunitx_table_mantissa_dim=\dimen163
\l__siunitx_table_marker_dim=\dimen164
\l__siunitx_table_result_dim=\dimen165
\l__siunitx_table_uncert_dim=\dimen166
\l__siunitx_table_fill_pre_dim=\dimen167
\l__siunitx_table_fill_post_dim=\dimen168
\l__siunitx_table_fill_mid_dim=\dimen169
\l__siunitx_table_pre_box=\box55
\l__siunitx_table_post_box=\box56
\l__siunitx_table_mantissa_box=\box57
\l__siunitx_table_result_box=\box58
\l__siunitx_table_number_align_skip=\skip59
\l__siunitx_table_text_align_skip=\skip60

(/gnu/store/62p0ys0vb83hjxryj3nmicdniqga7km7-texlive-texmf-20210325/share/texmf
-dist/tex/latex/translator/translator.sty
Package: translator 2020-08-03 v1.12c Easy translation of strings in LaTeX
))
\c@prob=\count286
LaTeX Font Info:    Trying to load font information for OT1+qpl on input line 1
8.

(/gnu/store/62p0ys0vb83hjxryj3nmicdniqga7km7-texlive-texmf-20210325/share/texmf
-dist/tex/latex/tex-gyre/ot1qpl.fd
File: ot1qpl.fd 2009/09/25 v1.2 font definition file for OT1/qpl
) (./hw2.aux)
\openout1 = `hw2.aux'.

LaTeX Font Info:    Checking defaults for OML/cmm/m/it on input line 18.
LaTeX Font Info:    ... okay on input line 18.
LaTeX Font Info:    Checking defaults for OMS/cmsy/m/n on input line 18.
LaTeX Font Info:    ... okay on input line 18.
LaTeX Font Info:    Checking defaults for OT1/cmr/m/n on input line 18.
LaTeX Font Info:    ... okay on input line 18.
LaTeX Font Info:    Checking defaults for T1/cmr/m/n on input line 18.
LaTeX Font Info:    ... okay on input line 18.
LaTeX Font Info:    Checking defaults for TS1/cmr/m/n on input line 18.
LaTeX Font Info:    ... okay on input line 18.
LaTeX Font Info:    Checking defaults for OMX/cmex/m/n on input line 18.
LaTeX Font Info:    ... okay on input line 18.
LaTeX Font Info:    Checking defaults for U/cmr/m/n on input line 18.
LaTeX Font Info:    ... okay on input line 18.

*geometry* driver: auto-detecting
*geometry* detected driver: pdftex
*geometry* verbose mode - [ preamble ] result:
* driver: pdftex
* paper: letterpaper
* layout: <same size as paper>
* layoutoffset:(h,v)=(0.0pt,0.0pt)
* modes: 
* h-part:(L,W,R)=(92.14519pt, 430.00462pt, 92.14519pt)
* v-part:(T,H,B)=(95.39737pt, 556.47656pt, 143.09605pt)
* \paperwidth=614.295pt
* \paperheight=794.96999pt
* \textwidth=430.00462pt
* \textheight=556.47656pt
* \oddsidemargin=19.8752pt
* \evensidemargin=19.8752pt
* \topmargin=-13.87262pt
* \headheight=12.0pt
* \headsep=25.0pt
* \topskip=10.0pt
* \footskip=30.0pt
* \marginparwidth=65.0pt
* \marginparsep=11.0pt
* \columnsep=10.0pt
* \skip\footins=9.0pt plus 4.0pt minus 2.0pt
* \hoffset=0.0pt
* \voffset=0.0pt
* \mag=1000
* \@twocolumnfalse
* \@twosidefalse
* \@mparswitchfalse
* \@reversemarginfalse
* (1in=72.27pt=25.4mm, 1cm=28.453pt)


(/gnu/store/62p0ys0vb83hjxryj3nmicdniqga7km7-texlive-texmf-20210325/share/texmf
-dist/tex/latex/siunitx/siunitx-abbreviations.cfg
File: siunitx-abbreviations.cfg 2017/11/26 v2.7k siunitx: Abbreviated units
)
(/gnu/store/62p0ys0vb83hjxryj3nmicdniqga7km7-texlive-texmf-20210325/share/texmf
-dist/tex/latex/translator/translator-basic-dictionary-English.dict
Dictionary: translator-basic-dictionary, Language: English 
)
LaTeX Font Info:    Trying to load font information for U+msa on input line 18.


(/gnu/store/62p0ys0vb83hjxryj3nmicdniqga7km7-texlive-texmf-20210325/share/texmf
-dist/tex/latex/amsfonts/umsa.fd
File: umsa.fd 2013/01/14 v3.01 AMS symbols A
)
LaTeX Font Info:    Trying to load font information for U+msb on input line 18.


(/gnu/store/62p0ys0vb83hjxryj3nmicdniqga7km7-texlive-texmf-20210325/share/texmf
-dist/tex/latex/amsfonts/umsb.fd
File: umsb.fd 2013/01/14 v3.01 AMS symbols B
) [1

{/gnu/store/62p0ys0vb83hjxryj3nmicdniqga7km7-texlive-texmf-20210325/share/texmf
-dist/fonts/map/pdftex/updmap/pdftex.map}]
[2]
Overfull \hbox (18.38556pt too wide) detected at line 178
\OT1/cmr/m/n/10 = [][]
 []

[3]
LaTeX Font Info:    Trying to load font information for TS1+qpl on input line 1
99.

(/gnu/store/62p0ys0vb83hjxryj3nmicdniqga7km7-texlive-texmf-20210325/share/texmf
-dist/tex/latex/tex-gyre/ts1qpl.fd
File: ts1qpl.fd 2009/09/25 v1.2 font definition file for TS1/qpl
)
Overfull \hbox (11.15785pt too wide) detected at line 220
\OML/cmm/m/it/10 R \OMS/cmsy/m/n/10 ^^Y [] \OT1/cmr/m/n/10 = []
 []


Overfull \hbox (99.11542pt too wide) detected at line 228
\OML/cmm/m/it/10 h \OMS/cmsy/m/n/10 / [][] \OT1/cmr/m/n/10 = [][]
 []

[4] (./hw2.aux) ) 
Here is how much of TeX's memory you used:
 5638 strings out of 478994
 115523 string characters out of 5833535
 406043 words of memory out of 5000000
 23062 multiletter control sequences out of 15000+600000
 441864 words of font info for 84 fonts, out of 8000000 for 9000
 1141 hyphenation exceptions out of 8191
 81i,18n,89p,356b,757s stack positions out of 5000i,500n,10000p,200000b,80000s
{/gnu/store/62p0ys0vb83hjxryj3nmicdniqga7km7-texlive-texmf-202
10325/share/texmf-dist/fonts/enc/dvips/tex-gyre/q-ts1.enc}{/gnu/store/62p0ys0vb
83hjxryj3nmicdniqga7km7-texlive-texmf-20210325/share/texmf-dist/fonts/enc/dvips
/tex-gyre/q-rm.enc}</gnu/store/62p0ys0vb83hjxryj3nmicdniqga7km7-texlive-texmf-2
0210325/share/texmf-dist/fonts/type1/public/amsfonts/cm/cmbx10.pfb></gnu/store/
62p0ys0vb83hjxryj3nmicdniqga7km7-texlive-texmf-20210325/share/texmf-dist/fonts/
type1/public/amsfonts/cm/cmex10.pfb></gnu/store/62p0ys0vb83hjxryj3nmicdniqga7km
7-texlive-texmf-20210325/share/texmf-dist/fonts/type1/public/amsfonts/cm/cmmi10
.pfb></gnu/store/62p0ys0vb83hjxryj3nmicdniqga7km7-texlive-texmf-20210325/share/
texmf-dist/fonts/type1/public/amsfonts/cm/cmmi7.pfb></gnu/store/62p0ys0vb83hjxr
yj3nmicdniqga7km7-texlive-texmf-20210325/share/texmf-dist/fonts/type1/public/am
sfonts/cm/cmmib10.pfb></gnu/store/62p0ys0vb83hjxryj3nmicdniqga7km7-texlive-texm
f-20210325/share/texmf-dist/fonts/type1/public/amsfonts/cm/cmr10.pfb></gnu/stor
e/62p0ys0vb83hjxryj3nmicdniqga7km7-texlive-texmf-20210325/share/texmf-dist/font
s/type1/public/amsfonts/cm/cmr5.pfb></gnu/store/62p0ys0vb83hjxryj3nmicdniqga7km
7-texlive-texmf-20210325/share/texmf-dist/fonts/type1/public/amsfonts/cm/cmr7.p
fb></gnu/store/62p0ys0vb83hjxryj3nmicdniqga7km7-texlive-texmf-20210325/share/te
xmf-dist/fonts/type1/public/amsfonts/cm/cmsy10.pfb></gnu/store/62p0ys0vb83hjxry
j3nmicdniqga7km7-texlive-texmf-20210325/share/texmf-dist/fonts/type1/public/ams
fonts/cm/cmsy7.pfb></gnu/store/62p0ys0vb83hjxryj3nmicdniqga7km7-texlive-texmf-2
0210325/share/texmf-dist/fonts/type1/public/amsfonts/symbols/msbm10.pfb></gnu/s
tore/62p0ys0vb83hjxryj3nmicdniqga7km7-texlive-texmf-20210325/share/texmf-dist/f
onts/type1/public/amsfonts/symbols/msbm7.pfb></gnu/store/62p0ys0vb83hjxryj3nmic
dniqga7km7-texlive-texmf-20210325/share/texmf-dist/fonts/type1/public/tex-gyre/
qplb.pfb></gnu/store/62p0ys0vb83hjxryj3nmicdniqga7km7-texlive-texmf-20210325/sh
are/texmf-dist/fonts/type1/public/tex-gyre/qplr.pfb></gnu/store/62p0ys0vb83hjxr
yj3nmicdniqga7km7-texlive-texmf-20210325/share/texmf-dist/fonts/type1/public/te
x-gyre/qplri.pfb>
Output written on hw2.pdf (4 pages, 268282 bytes).
PDF statistics:
 81 PDF objects out of 1000 (max. 8388607)
 59 compressed objects within 1 object stream
 0 named destinations out of 1000 (max. 500000)
 1 words of extra memory for PDF output out of 10000 (max. 10000000)

