This is pdfTeX, Version 3.141592653-2.6-1.40.22 (TeX Live 2021/GNU Guix) (preloaded format=pdflatex 2022.5.9)  27 OCT 2022 21:58
entering extended mode
 \write18 enabled.
 file:line:error style messages enabled.
 %&-line parsing enabled.
**proposal.tex
(./proposal.tex
LaTeX2e <2020-10-01> patch level 4
L3 programming layer <2021-02-18>
(/gnu/store/c2k1qcg04iidbsp24cwn6hvy79724xlk-texlive-texmf-20210325/share/texmf
-dist/tex/latex/base/article.cls
Document Class: article 2020/04/10 v1.4m Standard LaTeX document class

(/gnu/store/c2k1qcg04iidbsp24cwn6hvy79724xlk-texlive-texmf-20210325/share/texmf
-dist/tex/latex/base/size10.clo
File: size10.clo 2020/04/10 v1.4m Standard LaTeX file (size option)
)
\c@part=\count179
\c@section=\count180
\c@subsection=\count181
\c@subsubsection=\count182
\c@paragraph=\count183
\c@subparagraph=\count184
\c@figure=\count185
\c@table=\count186
\abovecaptionskip=\skip47
\belowcaptionskip=\skip48
\bibindent=\dimen138
)
(/gnu/store/c2k1qcg04iidbsp24cwn6hvy79724xlk-texlive-texmf-20210325/share/texmf
-dist/tex/latex/geometry/geometry.sty
Package: geometry 2020/01/02 v5.9 Page Geometry

(/gnu/store/c2k1qcg04iidbsp24cwn6hvy79724xlk-texlive-texmf-20210325/share/texmf
-dist/tex/latex/graphics/keyval.sty
Package: keyval 2014/10/28 v1.15 key=value parser (DPC)
\KV@toks@=\toks15
)
(/gnu/store/c2k1qcg04iidbsp24cwn6hvy79724xlk-texlive-texmf-20210325/share/texmf
-dist/tex/generic/iftex/ifvtex.sty
Package: ifvtex 2019/10/25 v1.7 ifvtex legacy package. Use iftex instead.

(/gnu/store/c2k1qcg04iidbsp24cwn6hvy79724xlk-texlive-texmf-20210325/share/texmf
-dist/tex/generic/iftex/iftex.sty
Package: iftex 2020/03/06 v1.0d TeX engine tests
))
\Gm@cnth=\count187
\Gm@cntv=\count188
\c@Gm@tempcnt=\count189
\Gm@bindingoffset=\dimen139
\Gm@wd@mp=\dimen140
\Gm@odd@mp=\dimen141
\Gm@even@mp=\dimen142
\Gm@layoutwidth=\dimen143
\Gm@layoutheight=\dimen144
\Gm@layouthoffset=\dimen145
\Gm@layoutvoffset=\dimen146
\Gm@dimlist=\toks16
)
(/gnu/store/c2k1qcg04iidbsp24cwn6hvy79724xlk-texlive-texmf-20210325/share/texmf
-dist/tex/latex/tex-gyre/tgpagella.sty
Package: tgpagella 2009/09/27 v1.2 TeX Gyre Pagella as default roman family

(/gnu/store/c2k1qcg04iidbsp24cwn6hvy79724xlk-texlive-texmf-20210325/share/texmf
-dist/tex/latex/kvoptions/kvoptions.sty
Package: kvoptions 2020-10-07 v3.14 Key value format for package options (HO)

(/gnu/store/c2k1qcg04iidbsp24cwn6hvy79724xlk-texlive-texmf-20210325/share/texmf
-dist/tex/generic/ltxcmds/ltxcmds.sty
Package: ltxcmds 2020-05-10 v1.25 LaTeX kernel commands for general use (HO)
)
(/gnu/store/c2k1qcg04iidbsp24cwn6hvy79724xlk-texlive-texmf-20210325/share/texmf
-dist/tex/generic/kvsetkeys/kvsetkeys.sty
Package: kvsetkeys 2019/12/15 v1.18 Key value parser (HO)
)))
(/gnu/store/c2k1qcg04iidbsp24cwn6hvy79724xlk-texlive-texmf-20210325/share/texmf
-dist/tex/latex/amsmath/amsmath.sty
Package: amsmath 2020/09/23 v2.17i AMS math features
\@mathmargin=\skip49

For additional information on amsmath, use the `?' option.

(/gnu/store/c2k1qcg04iidbsp24cwn6hvy79724xlk-texlive-texmf-20210325/share/texmf
-dist/tex/latex/amsmath/amstext.sty
Package: amstext 2000/06/29 v2.01 AMS text

(/gnu/store/c2k1qcg04iidbsp24cwn6hvy79724xlk-texlive-texmf-20210325/share/texmf
-dist/tex/latex/amsmath/amsgen.sty
File: amsgen.sty 1999/11/30 v2.0 generic functions
\@emptytoks=\toks17
\ex@=\dimen147
))
(/gnu/store/c2k1qcg04iidbsp24cwn6hvy79724xlk-texlive-texmf-20210325/share/texmf
-dist/tex/latex/amsmath/amsbsy.sty
Package: amsbsy 1999/11/29 v1.2d Bold Symbols
\pmbraise@=\dimen148
)
(/gnu/store/c2k1qcg04iidbsp24cwn6hvy79724xlk-texlive-texmf-20210325/share/texmf
-dist/tex/latex/amsmath/amsopn.sty
Package: amsopn 2016/03/08 v2.02 operator names
)
\inf@bad=\count190
LaTeX Info: Redefining \frac on input line 234.
\uproot@=\count191
\leftroot@=\count192
LaTeX Info: Redefining \overline on input line 399.
\classnum@=\count193
\DOTSCASE@=\count194
LaTeX Info: Redefining \ldots on input line 496.
LaTeX Info: Redefining \dots on input line 499.
LaTeX Info: Redefining \cdots on input line 620.
\Mathstrutbox@=\box47
\strutbox@=\box48
\big@size=\dimen149
LaTeX Font Info:    Redeclaring font encoding OML on input line 743.
LaTeX Font Info:    Redeclaring font encoding OMS on input line 744.
\macc@depth=\count195
\c@MaxMatrixCols=\count196
\dotsspace@=\muskip16
\c@parentequation=\count197
\dspbrk@lvl=\count198
\tag@help=\toks18
\row@=\count199
\column@=\count266
\maxfields@=\count267
\andhelp@=\toks19
\eqnshift@=\dimen150
\alignsep@=\dimen151
\tagshift@=\dimen152
\tagwidth@=\dimen153
\totwidth@=\dimen154
\lineht@=\dimen155
\@envbody=\toks20
\multlinegap=\skip50
\multlinetaggap=\skip51
\mathdisplay@stack=\toks21
LaTeX Info: Redefining \[ on input line 2923.
LaTeX Info: Redefining \] on input line 2924.
)
(/gnu/store/c2k1qcg04iidbsp24cwn6hvy79724xlk-texlive-texmf-20210325/share/texmf
-dist/tex/latex/siunitx/siunitx.sty
(/gnu/store/c2k1qcg04iidbsp24cwn6hvy79724xlk-texlive-texmf-20210325/share/texmf
-dist/tex/latex/l3kernel/expl3.sty
Package: expl3 2021-02-18 L3 programming layer (loader) 

(/gnu/store/c2k1qcg04iidbsp24cwn6hvy79724xlk-texlive-texmf-20210325/share/texmf
-dist/tex/latex/l3backend/l3backend-pdftex.def
File: l3backend-pdftex.def 2021-03-18 L3 backend support: PDF output (pdfTeX)
\l__color_backend_stack_int=\count268
\l__pdf_internal_box=\box49
))
(/gnu/store/c2k1qcg04iidbsp24cwn6hvy79724xlk-texlive-texmf-20210325/share/texmf
-dist/tex/latex/l3packages/xparse/xparse.sty
(/gnu/store/c2k1qcg04iidbsp24cwn6hvy79724xlk-texlive-texmf-20210325/share/texmf
-dist/tex/latex/l3packages/xparse/xparse-2020-10-01.sty
(/gnu/store/c2k1qcg04iidbsp24cwn6hvy79724xlk-texlive-texmf-20210325/share/texmf
-dist/tex/latex/l3packages/xparse/xparse-generic.tex)))
Package: siunitx 2020/02/25 v2.8b A comprehensive (SI) units package

(/gnu/store/c2k1qcg04iidbsp24cwn6hvy79724xlk-texlive-texmf-20210325/share/texmf
-dist/tex/latex/tools/array.sty
Package: array 2020/10/01 v2.5c Tabular extension package (FMi)
\col@sep=\dimen156
\ar@mcellbox=\box50
\extrarowheight=\dimen157
\NC@list=\toks22
\extratabsurround=\skip52
\backup@length=\skip53
\ar@cellbox=\box51
)
(/gnu/store/c2k1qcg04iidbsp24cwn6hvy79724xlk-texlive-texmf-20210325/share/texmf
-dist/tex/latex/l3packages/l3keys2e/l3keys2e.sty
Package: l3keys2e 2021-03-12 LaTeX2e option processing using LaTeX3 keys
)
\l__siunitx_tmp_box=\box52
\l__siunitx_tmp_dim=\dimen158
\l__siunitx_tmp_int=\count269
\l__siunitx_number_mantissa_length_int=\count270
\l__siunitx_number_uncert_length_int=\count271
\l__siunitx_round_int=\count272
\l__siunitx_process_decimal_int=\count273
\l__siunitx_process_uncertainty_int=\count274
\l__siunitx_process_fixed_int=\count275
\l__siunitx_process_integer_min_int=\count276
\l__siunitx_process_precision_int=\count277
\l__siunitx_group_min_int=\count278
\l__siunitx_angle_marker_box=\box53
\l__siunitx_angle_unit_box=\box54
\l__siunitx_angle_marker_dim=\dimen159
\l__siunitx_angle_unit_dim=\dimen160
\l__siunitx_unit_int=\count279
\l__siunitx_unit_denominator_int=\count280
\l__siunitx_unit_numerator_int=\count281
\l__siunitx_unit_prefix_int=\count282
\l__siunitx_unit_prefix_base_int=\count283
\l__siunitx_unit_prefix_gram_int=\count284
\l__siunitx_number_product_int=\count285
\c__siunitx_one_fill_skip=\skip54
\l__siunitx_table_unit_align_skip=\skip55
\l__siunitx_table_exponent_dim=\dimen161
\l__siunitx_table_integer_dim=\dimen162
\l__siunitx_table_mantissa_dim=\dimen163
\l__siunitx_table_marker_dim=\dimen164
\l__siunitx_table_result_dim=\dimen165
\l__siunitx_table_uncert_dim=\dimen166
\l__siunitx_table_fill_pre_dim=\dimen167
\l__siunitx_table_fill_post_dim=\dimen168
\l__siunitx_table_fill_mid_dim=\dimen169
\l__siunitx_table_pre_box=\box55
\l__siunitx_table_post_box=\box56
\l__siunitx_table_mantissa_box=\box57
\l__siunitx_table_result_box=\box58
\l__siunitx_table_number_align_skip=\skip56
\l__siunitx_table_text_align_skip=\skip57

(/gnu/store/c2k1qcg04iidbsp24cwn6hvy79724xlk-texlive-texmf-20210325/share/texmf
-dist/tex/latex/translator/translator.sty
Package: translator 2020-08-03 v1.12c Easy translation of strings in LaTeX
))
(/gnu/store/c2k1qcg04iidbsp24cwn6hvy79724xlk-texlive-texmf-20210325/share/texmf
-dist/tex/latex/fontsize/fontsize.sty
Package: fontsize 2021/03/14 v0.8.1 'fontsize' package. Set main font sizes (Iv
an Valbusa)

(/gnu/store/c2k1qcg04iidbsp24cwn6hvy79724xlk-texlive-texmf-20210325/share/texmf
-dist/tex/latex/xkeyval/xkeyval.sty
Package: xkeyval 2020/11/20 v2.8 package option processing (HA)

(/gnu/store/c2k1qcg04iidbsp24cwn6hvy79724xlk-texlive-texmf-20210325/share/texmf
-dist/tex/generic/xkeyval/xkeyval.tex
(/gnu/store/c2k1qcg04iidbsp24cwn6hvy79724xlk-texlive-texmf-20210325/share/texmf
-dist/tex/generic/xkeyval/xkvutils.tex
\XKV@toks=\toks23
\XKV@tempa@toks=\toks24
)
\XKV@depth=\count286
File: xkeyval.tex 2014/12/03 v2.7a key=value parser (HA)
))
(/gnu/store/c2k1qcg04iidbsp24cwn6hvy79724xlk-texlive-texmf-20210325/share/texmf
-dist/tex/latex/l3packages/xfp/xfp.sty
Package: xfp 2021-03-12 L3 Floating point unit
))
LaTeX Font Info:    Trying to load font information for OT1+qpl on input line 8
.

(/gnu/store/c2k1qcg04iidbsp24cwn6hvy79724xlk-texlive-texmf-20210325/share/texmf
-dist/tex/latex/tex-gyre/ot1qpl.fd
File: ot1qpl.fd 2009/09/25 v1.2 font definition file for OT1/qpl
)
(/gnu/store/c2k1qcg04iidbsp24cwn6hvy79724xlk-texlive-texmf-20210325/share/texmf
-dist/tex/latex/pgf/frontendlayer/tikz.sty
(/gnu/store/c2k1qcg04iidbsp24cwn6hvy79724xlk-texlive-texmf-20210325/share/texmf
-dist/tex/latex/pgf/basiclayer/pgf.sty
(/gnu/store/c2k1qcg04iidbsp24cwn6hvy79724xlk-texlive-texmf-20210325/share/texmf
-dist/tex/latex/pgf/utilities/pgfrcs.sty
(/gnu/store/c2k1qcg04iidbsp24cwn6hvy79724xlk-texlive-texmf-20210325/share/texmf
-dist/tex/generic/pgf/utilities/pgfutil-common.tex
\pgfutil@everybye=\toks25
\pgfutil@tempdima=\dimen170
\pgfutil@tempdimb=\dimen171

(/gnu/store/c2k1qcg04iidbsp24cwn6hvy79724xlk-texlive-texmf-20210325/share/texmf
-dist/tex/generic/pgf/utilities/pgfutil-common-lists.tex))
(/gnu/store/c2k1qcg04iidbsp24cwn6hvy79724xlk-texlive-texmf-20210325/share/texmf
-dist/tex/generic/pgf/utilities/pgfutil-latex.def
\pgfutil@abb=\box59
)
(/gnu/store/c2k1qcg04iidbsp24cwn6hvy79724xlk-texlive-texmf-20210325/share/texmf
-dist/tex/generic/pgf/utilities/pgfrcs.code.tex
(/gnu/store/c2k1qcg04iidbsp24cwn6hvy79724xlk-texlive-texmf-20210325/share/texmf
-dist/tex/generic/pgf/pgf.revision.tex)
Package: pgfrcs 2020/12/27 v3.1.8b (3.1.8b)
))
Package: pgf 2020/12/27 v3.1.8b (3.1.8b)

(/gnu/store/c2k1qcg04iidbsp24cwn6hvy79724xlk-texlive-texmf-20210325/share/texmf
-dist/tex/latex/pgf/basiclayer/pgfcore.sty
(/gnu/store/c2k1qcg04iidbsp24cwn6hvy79724xlk-texlive-texmf-20210325/share/texmf
-dist/tex/latex/graphics/graphicx.sty
Package: graphicx 2020/09/09 v1.2b Enhanced LaTeX Graphics (DPC,SPQR)

(/gnu/store/c2k1qcg04iidbsp24cwn6hvy79724xlk-texlive-texmf-20210325/share/texmf
-dist/tex/latex/graphics/graphics.sty
Package: graphics 2020/08/30 v1.4c Standard LaTeX Graphics (DPC,SPQR)

(/gnu/store/c2k1qcg04iidbsp24cwn6hvy79724xlk-texlive-texmf-20210325/share/texmf
-dist/tex/latex/graphics/trig.sty
Package: trig 2016/01/03 v1.10 sin cos tan (DPC)
)
(/gnu/store/c2k1qcg04iidbsp24cwn6hvy79724xlk-texlive-texmf-20210325/share/texmf
-dist/tex/latex/graphics-cfg/graphics.cfg
File: graphics.cfg 2016/06/04 v1.11 sample graphics configuration
)
Package graphics Info: Driver file: pdftex.def on input line 105.

(/gnu/store/c2k1qcg04iidbsp24cwn6hvy79724xlk-texlive-texmf-20210325/share/texmf
-dist/tex/latex/graphics-def/pdftex.def
File: pdftex.def 2020/10/05 v1.2a Graphics/color driver for pdftex
))
\Gin@req@height=\dimen172
\Gin@req@width=\dimen173
)
(/gnu/store/c2k1qcg04iidbsp24cwn6hvy79724xlk-texlive-texmf-20210325/share/texmf
-dist/tex/latex/pgf/systemlayer/pgfsys.sty
(/gnu/store/c2k1qcg04iidbsp24cwn6hvy79724xlk-texlive-texmf-20210325/share/texmf
-dist/tex/generic/pgf/systemlayer/pgfsys.code.tex
Package: pgfsys 2020/12/27 v3.1.8b (3.1.8b)

(/gnu/store/c2k1qcg04iidbsp24cwn6hvy79724xlk-texlive-texmf-20210325/share/texmf
-dist/tex/generic/pgf/utilities/pgfkeys.code.tex
\pgfkeys@pathtoks=\toks26
\pgfkeys@temptoks=\toks27

(/gnu/store/c2k1qcg04iidbsp24cwn6hvy79724xlk-texlive-texmf-20210325/share/texmf
-dist/tex/generic/pgf/utilities/pgfkeysfiltered.code.tex
\pgfkeys@tmptoks=\toks28
))
\pgf@x=\dimen174
\pgf@y=\dimen175
\pgf@xa=\dimen176
\pgf@ya=\dimen177
\pgf@xb=\dimen178
\pgf@yb=\dimen179
\pgf@xc=\dimen180
\pgf@yc=\dimen181
\pgf@xd=\dimen182
\pgf@yd=\dimen183
\w@pgf@writea=\write3
\r@pgf@reada=\read2
\c@pgf@counta=\count287
\c@pgf@countb=\count288
\c@pgf@countc=\count289
\c@pgf@countd=\count290
\t@pgf@toka=\toks29
\t@pgf@tokb=\toks30
\t@pgf@tokc=\toks31
\pgf@sys@id@count=\count291

(/gnu/store/c2k1qcg04iidbsp24cwn6hvy79724xlk-texlive-texmf-20210325/share/texmf
-dist/tex/generic/pgf/systemlayer/pgf.cfg
File: pgf.cfg 2020/12/27 v3.1.8b (3.1.8b)
)
Driver file for pgf: pgfsys-pdftex.def

(/gnu/store/c2k1qcg04iidbsp24cwn6hvy79724xlk-texlive-texmf-20210325/share/texmf
-dist/tex/generic/pgf/systemlayer/pgfsys-pdftex.def
File: pgfsys-pdftex.def 2020/12/27 v3.1.8b (3.1.8b)

(/gnu/store/c2k1qcg04iidbsp24cwn6hvy79724xlk-texlive-texmf-20210325/share/texmf
-dist/tex/generic/pgf/systemlayer/pgfsys-common-pdf.def
File: pgfsys-common-pdf.def 2020/12/27 v3.1.8b (3.1.8b)
)))
(/gnu/store/c2k1qcg04iidbsp24cwn6hvy79724xlk-texlive-texmf-20210325/share/texmf
-dist/tex/generic/pgf/systemlayer/pgfsyssoftpath.code.tex
File: pgfsyssoftpath.code.tex 2020/12/27 v3.1.8b (3.1.8b)
\pgfsyssoftpath@smallbuffer@items=\count292
\pgfsyssoftpath@bigbuffer@items=\count293
)
(/gnu/store/c2k1qcg04iidbsp24cwn6hvy79724xlk-texlive-texmf-20210325/share/texmf
-dist/tex/generic/pgf/systemlayer/pgfsysprotocol.code.tex
File: pgfsysprotocol.code.tex 2020/12/27 v3.1.8b (3.1.8b)
))
(/gnu/store/c2k1qcg04iidbsp24cwn6hvy79724xlk-texlive-texmf-20210325/share/texmf
-dist/tex/latex/xcolor/xcolor.sty
Package: xcolor 2016/05/11 v2.12 LaTeX color extensions (UK)

(/gnu/store/c2k1qcg04iidbsp24cwn6hvy79724xlk-texlive-texmf-20210325/share/texmf
-dist/tex/latex/graphics-cfg/color.cfg
File: color.cfg 2016/01/02 v1.6 sample color configuration
)
Package xcolor Info: Driver file: pdftex.def on input line 225.
Package xcolor Info: Model `cmy' substituted by `cmy0' on input line 1348.
Package xcolor Info: Model `hsb' substituted by `rgb' on input line 1352.
Package xcolor Info: Model `RGB' extended on input line 1364.
Package xcolor Info: Model `HTML' substituted by `rgb' on input line 1366.
Package xcolor Info: Model `Hsb' substituted by `hsb' on input line 1367.
Package xcolor Info: Model `tHsb' substituted by `hsb' on input line 1368.
Package xcolor Info: Model `HSB' substituted by `hsb' on input line 1369.
Package xcolor Info: Model `Gray' substituted by `gray' on input line 1370.
Package xcolor Info: Model `wave' substituted by `hsb' on input line 1371.
)
(/gnu/store/c2k1qcg04iidbsp24cwn6hvy79724xlk-texlive-texmf-20210325/share/texmf
-dist/tex/generic/pgf/basiclayer/pgfcore.code.tex
Package: pgfcore 2020/12/27 v3.1.8b (3.1.8b)

(/gnu/store/c2k1qcg04iidbsp24cwn6hvy79724xlk-texlive-texmf-20210325/share/texmf
-dist/tex/generic/pgf/math/pgfmath.code.tex
(/gnu/store/c2k1qcg04iidbsp24cwn6hvy79724xlk-texlive-texmf-20210325/share/texmf
-dist/tex/generic/pgf/math/pgfmathcalc.code.tex
(/gnu/store/c2k1qcg04iidbsp24cwn6hvy79724xlk-texlive-texmf-20210325/share/texmf
-dist/tex/generic/pgf/math/pgfmathutil.code.tex)
(/gnu/store/c2k1qcg04iidbsp24cwn6hvy79724xlk-texlive-texmf-20210325/share/texmf
-dist/tex/generic/pgf/math/pgfmathparser.code.tex
\pgfmath@dimen=\dimen184
\pgfmath@count=\count294
\pgfmath@box=\box60
\pgfmath@toks=\toks32
\pgfmath@stack@operand=\toks33
\pgfmath@stack@operation=\toks34
)
(/gnu/store/c2k1qcg04iidbsp24cwn6hvy79724xlk-texlive-texmf-20210325/share/texmf
-dist/tex/generic/pgf/math/pgfmathfunctions.code.tex
(/gnu/store/c2k1qcg04iidbsp24cwn6hvy79724xlk-texlive-texmf-20210325/share/texmf
-dist/tex/generic/pgf/math/pgfmathfunctions.basic.code.tex)
(/gnu/store/c2k1qcg04iidbsp24cwn6hvy79724xlk-texlive-texmf-20210325/share/texmf
-dist/tex/generic/pgf/math/pgfmathfunctions.trigonometric.code.tex)
(/gnu/store/c2k1qcg04iidbsp24cwn6hvy79724xlk-texlive-texmf-20210325/share/texmf
-dist/tex/generic/pgf/math/pgfmathfunctions.random.code.tex)
(/gnu/store/c2k1qcg04iidbsp24cwn6hvy79724xlk-texlive-texmf-20210325/share/texmf
-dist/tex/generic/pgf/math/pgfmathfunctions.comparison.code.tex)
(/gnu/store/c2k1qcg04iidbsp24cwn6hvy79724xlk-texlive-texmf-20210325/share/texmf
-dist/tex/generic/pgf/math/pgfmathfunctions.base.code.tex)
(/gnu/store/c2k1qcg04iidbsp24cwn6hvy79724xlk-texlive-texmf-20210325/share/texmf
-dist/tex/generic/pgf/math/pgfmathfunctions.round.code.tex)
(/gnu/store/c2k1qcg04iidbsp24cwn6hvy79724xlk-texlive-texmf-20210325/share/texmf
-dist/tex/generic/pgf/math/pgfmathfunctions.misc.code.tex)
(/gnu/store/c2k1qcg04iidbsp24cwn6hvy79724xlk-texlive-texmf-20210325/share/texmf
-dist/tex/generic/pgf/math/pgfmathfunctions.integerarithmetics.code.tex)))
(/gnu/store/c2k1qcg04iidbsp24cwn6hvy79724xlk-texlive-texmf-20210325/share/texmf
-dist/tex/generic/pgf/math/pgfmathfloat.code.tex
\c@pgfmathroundto@lastzeros=\count295
))
(/gnu/store/c2k1qcg04iidbsp24cwn6hvy79724xlk-texlive-texmf-20210325/share/texmf
-dist/tex/generic/pgf/math/pgfint.code.tex)
(/gnu/store/c2k1qcg04iidbsp24cwn6hvy79724xlk-texlive-texmf-20210325/share/texmf
-dist/tex/generic/pgf/basiclayer/pgfcorepoints.code.tex
File: pgfcorepoints.code.tex 2020/12/27 v3.1.8b (3.1.8b)
\pgf@picminx=\dimen185
\pgf@picmaxx=\dimen186
\pgf@picminy=\dimen187
\pgf@picmaxy=\dimen188
\pgf@pathminx=\dimen189
\pgf@pathmaxx=\dimen190
\pgf@pathminy=\dimen191
\pgf@pathmaxy=\dimen192
\pgf@xx=\dimen193
\pgf@xy=\dimen194
\pgf@yx=\dimen195
\pgf@yy=\dimen196
\pgf@zx=\dimen197
\pgf@zy=\dimen198
)
(/gnu/store/c2k1qcg04iidbsp24cwn6hvy79724xlk-texlive-texmf-20210325/share/texmf
-dist/tex/generic/pgf/basiclayer/pgfcorepathconstruct.code.tex
File: pgfcorepathconstruct.code.tex 2020/12/27 v3.1.8b (3.1.8b)
\pgf@path@lastx=\dimen199
\pgf@path@lasty=\dimen256
)
(/gnu/store/c2k1qcg04iidbsp24cwn6hvy79724xlk-texlive-texmf-20210325/share/texmf
-dist/tex/generic/pgf/basiclayer/pgfcorepathusage.code.tex
File: pgfcorepathusage.code.tex 2020/12/27 v3.1.8b (3.1.8b)
\pgf@shorten@end@additional=\dimen257
\pgf@shorten@start@additional=\dimen258
)
(/gnu/store/c2k1qcg04iidbsp24cwn6hvy79724xlk-texlive-texmf-20210325/share/texmf
-dist/tex/generic/pgf/basiclayer/pgfcorescopes.code.tex
File: pgfcorescopes.code.tex 2020/12/27 v3.1.8b (3.1.8b)
\pgfpic=\box61
\pgf@hbox=\box62
\pgf@layerbox@main=\box63
\pgf@picture@serial@count=\count296
)
(/gnu/store/c2k1qcg04iidbsp24cwn6hvy79724xlk-texlive-texmf-20210325/share/texmf
-dist/tex/generic/pgf/basiclayer/pgfcoregraphicstate.code.tex
File: pgfcoregraphicstate.code.tex 2020/12/27 v3.1.8b (3.1.8b)
\pgflinewidth=\dimen259
)
(/gnu/store/c2k1qcg04iidbsp24cwn6hvy79724xlk-texlive-texmf-20210325/share/texmf
-dist/tex/generic/pgf/basiclayer/pgfcoretransformations.code.tex
File: pgfcoretransformations.code.tex 2020/12/27 v3.1.8b (3.1.8b)
\pgf@pt@x=\dimen260
\pgf@pt@y=\dimen261
\pgf@pt@temp=\dimen262
)
(/gnu/store/c2k1qcg04iidbsp24cwn6hvy79724xlk-texlive-texmf-20210325/share/texmf
-dist/tex/generic/pgf/basiclayer/pgfcorequick.code.tex
File: pgfcorequick.code.tex 2020/12/27 v3.1.8b (3.1.8b)
)
(/gnu/store/c2k1qcg04iidbsp24cwn6hvy79724xlk-texlive-texmf-20210325/share/texmf
-dist/tex/generic/pgf/basiclayer/pgfcoreobjects.code.tex
File: pgfcoreobjects.code.tex 2020/12/27 v3.1.8b (3.1.8b)
)
(/gnu/store/c2k1qcg04iidbsp24cwn6hvy79724xlk-texlive-texmf-20210325/share/texmf
-dist/tex/generic/pgf/basiclayer/pgfcorepathprocessing.code.tex
File: pgfcorepathprocessing.code.tex 2020/12/27 v3.1.8b (3.1.8b)
)
(/gnu/store/c2k1qcg04iidbsp24cwn6hvy79724xlk-texlive-texmf-20210325/share/texmf
-dist/tex/generic/pgf/basiclayer/pgfcorearrows.code.tex
File: pgfcorearrows.code.tex 2020/12/27 v3.1.8b (3.1.8b)
\pgfarrowsep=\dimen263
)
(/gnu/store/c2k1qcg04iidbsp24cwn6hvy79724xlk-texlive-texmf-20210325/share/texmf
-dist/tex/generic/pgf/basiclayer/pgfcoreshade.code.tex
File: pgfcoreshade.code.tex 2020/12/27 v3.1.8b (3.1.8b)
\pgf@max=\dimen264
\pgf@sys@shading@range@num=\count297
\pgf@shadingcount=\count298
)
(/gnu/store/c2k1qcg04iidbsp24cwn6hvy79724xlk-texlive-texmf-20210325/share/texmf
-dist/tex/generic/pgf/basiclayer/pgfcoreimage.code.tex
File: pgfcoreimage.code.tex 2020/12/27 v3.1.8b (3.1.8b)

(/gnu/store/c2k1qcg04iidbsp24cwn6hvy79724xlk-texlive-texmf-20210325/share/texmf
-dist/tex/generic/pgf/basiclayer/pgfcoreexternal.code.tex
File: pgfcoreexternal.code.tex 2020/12/27 v3.1.8b (3.1.8b)
\pgfexternal@startupbox=\box64
))
(/gnu/store/c2k1qcg04iidbsp24cwn6hvy79724xlk-texlive-texmf-20210325/share/texmf
-dist/tex/generic/pgf/basiclayer/pgfcorelayers.code.tex
File: pgfcorelayers.code.tex 2020/12/27 v3.1.8b (3.1.8b)
)
(/gnu/store/c2k1qcg04iidbsp24cwn6hvy79724xlk-texlive-texmf-20210325/share/texmf
-dist/tex/generic/pgf/basiclayer/pgfcoretransparency.code.tex
File: pgfcoretransparency.code.tex 2020/12/27 v3.1.8b (3.1.8b)
)
(/gnu/store/c2k1qcg04iidbsp24cwn6hvy79724xlk-texlive-texmf-20210325/share/texmf
-dist/tex/generic/pgf/basiclayer/pgfcorepatterns.code.tex
File: pgfcorepatterns.code.tex 2020/12/27 v3.1.8b (3.1.8b)
)
(/gnu/store/c2k1qcg04iidbsp24cwn6hvy79724xlk-texlive-texmf-20210325/share/texmf
-dist/tex/generic/pgf/basiclayer/pgfcorerdf.code.tex
File: pgfcorerdf.code.tex 2020/12/27 v3.1.8b (3.1.8b)
)))
(/gnu/store/c2k1qcg04iidbsp24cwn6hvy79724xlk-texlive-texmf-20210325/share/texmf
-dist/tex/generic/pgf/modules/pgfmoduleshapes.code.tex
File: pgfmoduleshapes.code.tex 2020/12/27 v3.1.8b (3.1.8b)
\pgfnodeparttextbox=\box65
)
(/gnu/store/c2k1qcg04iidbsp24cwn6hvy79724xlk-texlive-texmf-20210325/share/texmf
-dist/tex/generic/pgf/modules/pgfmoduleplot.code.tex
File: pgfmoduleplot.code.tex 2020/12/27 v3.1.8b (3.1.8b)
)
(/gnu/store/c2k1qcg04iidbsp24cwn6hvy79724xlk-texlive-texmf-20210325/share/texmf
-dist/tex/latex/pgf/compatibility/pgfcomp-version-0-65.sty
Package: pgfcomp-version-0-65 2020/12/27 v3.1.8b (3.1.8b)
\pgf@nodesepstart=\dimen265
\pgf@nodesepend=\dimen266
)
(/gnu/store/c2k1qcg04iidbsp24cwn6hvy79724xlk-texlive-texmf-20210325/share/texmf
-dist/tex/latex/pgf/compatibility/pgfcomp-version-1-18.sty
Package: pgfcomp-version-1-18 2020/12/27 v3.1.8b (3.1.8b)
))
(/gnu/store/c2k1qcg04iidbsp24cwn6hvy79724xlk-texlive-texmf-20210325/share/texmf
-dist/tex/latex/pgf/utilities/pgffor.sty
(/gnu/store/c2k1qcg04iidbsp24cwn6hvy79724xlk-texlive-texmf-20210325/share/texmf
-dist/tex/latex/pgf/utilities/pgfkeys.sty
(/gnu/store/c2k1qcg04iidbsp24cwn6hvy79724xlk-texlive-texmf-20210325/share/texmf
-dist/tex/generic/pgf/utilities/pgfkeys.code.tex))
(/gnu/store/c2k1qcg04iidbsp24cwn6hvy79724xlk-texlive-texmf-20210325/share/texmf
-dist/tex/latex/pgf/math/pgfmath.sty
(/gnu/store/c2k1qcg04iidbsp24cwn6hvy79724xlk-texlive-texmf-20210325/share/texmf
-dist/tex/generic/pgf/math/pgfmath.code.tex))
(/gnu/store/c2k1qcg04iidbsp24cwn6hvy79724xlk-texlive-texmf-20210325/share/texmf
-dist/tex/generic/pgf/utilities/pgffor.code.tex
Package: pgffor 2020/12/27 v3.1.8b (3.1.8b)

(/gnu/store/c2k1qcg04iidbsp24cwn6hvy79724xlk-texlive-texmf-20210325/share/texmf
-dist/tex/generic/pgf/math/pgfmath.code.tex)
\pgffor@iter=\dimen267
\pgffor@skip=\dimen268
\pgffor@stack=\toks35
\pgffor@toks=\toks36
))
(/gnu/store/c2k1qcg04iidbsp24cwn6hvy79724xlk-texlive-texmf-20210325/share/texmf
-dist/tex/generic/pgf/frontendlayer/tikz/tikz.code.tex
Package: tikz 2020/12/27 v3.1.8b (3.1.8b)

(/gnu/store/c2k1qcg04iidbsp24cwn6hvy79724xlk-texlive-texmf-20210325/share/texmf
-dist/tex/generic/pgf/libraries/pgflibraryplothandlers.code.tex
File: pgflibraryplothandlers.code.tex 2020/12/27 v3.1.8b (3.1.8b)
\pgf@plot@mark@count=\count299
\pgfplotmarksize=\dimen269
)
\tikz@lastx=\dimen270
\tikz@lasty=\dimen271
\tikz@lastxsaved=\dimen272
\tikz@lastysaved=\dimen273
\tikz@lastmovetox=\dimen274
\tikz@lastmovetoy=\dimen275
\tikzleveldistance=\dimen276
\tikzsiblingdistance=\dimen277
\tikz@figbox=\box66
\tikz@figbox@bg=\box67
\tikz@tempbox=\box68
\tikz@tempbox@bg=\box69
\tikztreelevel=\count300
\tikznumberofchildren=\count301
\tikznumberofcurrentchild=\count302
\tikz@fig@count=\count303

(/gnu/store/c2k1qcg04iidbsp24cwn6hvy79724xlk-texlive-texmf-20210325/share/texmf
-dist/tex/generic/pgf/modules/pgfmodulematrix.code.tex
File: pgfmodulematrix.code.tex 2020/12/27 v3.1.8b (3.1.8b)
\pgfmatrixcurrentrow=\count304
\pgfmatrixcurrentcolumn=\count305
\pgf@matrix@numberofcolumns=\count306
)
\tikz@expandcount=\count307

(/gnu/store/c2k1qcg04iidbsp24cwn6hvy79724xlk-texlive-texmf-20210325/share/texmf
-dist/tex/generic/pgf/frontendlayer/tikz/libraries/tikzlibrarytopaths.code.tex
File: tikzlibrarytopaths.code.tex 2020/12/27 v3.1.8b (3.1.8b)
)))

! LaTeX Error: File `gnuplot-lua-tikz.sty' not found.

Type X to quit or <RETURN> to proceed,
or enter new name. (Default extension: sty)

Enter file name: 
./proposal.tex:10: Emergency stop.
<read *> 
         
l.10 \usepackage
                {wrapfig}^^M
*** (cannot \read from terminal in nonstop modes)

 
Here is how much of TeX's memory you used:
 14954 strings out of 478994
 332718 string characters out of 5833535
 585702 words of memory out of 5000000
 32198 multiletter control sequences out of 15000+600000
 409312 words of font info for 29 fonts, out of 8000000 for 9000
 1141 hyphenation exceptions out of 8191
 113i,0n,116p,418b,101s stack positions out of 5000i,500n,10000p,200000b,80000s
./proposal.tex:10:  ==> Fatal error occurred, no output PDF file produced!
