This is pdfTeX, Version 3.141592653-2.6-1.40.22 (TeX Live 2021/GNU Guix) (preloaded format=pdflatex 2022.1.13)  3 APR 2022 23:19
entering extended mode
 restricted \write18 enabled.
 file:line:error style messages enabled.
 %&-line parsing enabled.
**hw6.tex
(./hw6.tex
LaTeX2e <2020-10-01> patch level 4
L3 programming layer <2021-02-18>
(/gnu/store/0bz9w6gg62yb41pbdm2nyw150nxhqjdv-texlive-texmf-20210325/share/texmf
-dist/tex/latex/base/article.cls
Document Class: article 2020/04/10 v1.4m Standard LaTeX document class

(/gnu/store/0bz9w6gg62yb41pbdm2nyw150nxhqjdv-texlive-texmf-20210325/share/texmf
-dist/tex/latex/base/size10.clo
File: size10.clo 2020/04/10 v1.4m Standard LaTeX file (size option)
)
\c@part=\count179
\c@section=\count180
\c@subsection=\count181
\c@subsubsection=\count182
\c@paragraph=\count183
\c@subparagraph=\count184
\c@figure=\count185
\c@table=\count186
\abovecaptionskip=\skip47
\belowcaptionskip=\skip48
\bibindent=\dimen138
)
(/gnu/store/0bz9w6gg62yb41pbdm2nyw150nxhqjdv-texlive-texmf-20210325/share/texmf
-dist/tex/latex/siunitx/siunitx.sty
(/gnu/store/0bz9w6gg62yb41pbdm2nyw150nxhqjdv-texlive-texmf-20210325/share/texmf
-dist/tex/latex/l3kernel/expl3.sty
Package: expl3 2021-02-18 L3 programming layer (loader) 

(/gnu/store/0bz9w6gg62yb41pbdm2nyw150nxhqjdv-texlive-texmf-20210325/share/texmf
-dist/tex/latex/l3backend/l3backend-pdftex.def
File: l3backend-pdftex.def 2021-03-18 L3 backend support: PDF output (pdfTeX)
\l__color_backend_stack_int=\count187
\l__pdf_internal_box=\box47
))
(/gnu/store/0bz9w6gg62yb41pbdm2nyw150nxhqjdv-texlive-texmf-20210325/share/texmf
-dist/tex/latex/l3packages/xparse/xparse.sty
(/gnu/store/0bz9w6gg62yb41pbdm2nyw150nxhqjdv-texlive-texmf-20210325/share/texmf
-dist/tex/latex/l3packages/xparse/xparse-2020-10-01.sty
(/gnu/store/0bz9w6gg62yb41pbdm2nyw150nxhqjdv-texlive-texmf-20210325/share/texmf
-dist/tex/latex/l3packages/xparse/xparse-generic.tex)))
Package: siunitx 2020/02/25 v2.8b A comprehensive (SI) units package

(/gnu/store/0bz9w6gg62yb41pbdm2nyw150nxhqjdv-texlive-texmf-20210325/share/texmf
-dist/tex/latex/amsmath/amstext.sty
Package: amstext 2000/06/29 v2.01 AMS text

(/gnu/store/0bz9w6gg62yb41pbdm2nyw150nxhqjdv-texlive-texmf-20210325/share/texmf
-dist/tex/latex/amsmath/amsgen.sty
File: amsgen.sty 1999/11/30 v2.0 generic functions
\@emptytoks=\toks15
\ex@=\dimen139
))
(/gnu/store/0bz9w6gg62yb41pbdm2nyw150nxhqjdv-texlive-texmf-20210325/share/texmf
-dist/tex/latex/tools/array.sty
Package: array 2020/10/01 v2.5c Tabular extension package (FMi)
\col@sep=\dimen140
\ar@mcellbox=\box48
\extrarowheight=\dimen141
\NC@list=\toks16
\extratabsurround=\skip49
\backup@length=\skip50
\ar@cellbox=\box49
)
(/gnu/store/0bz9w6gg62yb41pbdm2nyw150nxhqjdv-texlive-texmf-20210325/share/texmf
-dist/tex/latex/l3packages/l3keys2e/l3keys2e.sty
Package: l3keys2e 2021-03-12 LaTeX2e option processing using LaTeX3 keys
)
\l__siunitx_tmp_box=\box50
\l__siunitx_tmp_dim=\dimen142
\l__siunitx_tmp_int=\count188
\l__siunitx_number_mantissa_length_int=\count189
\l__siunitx_number_uncert_length_int=\count190
\l__siunitx_round_int=\count191
\l__siunitx_process_decimal_int=\count192
\l__siunitx_process_uncertainty_int=\count193
\l__siunitx_process_fixed_int=\count194
\l__siunitx_process_integer_min_int=\count195
\l__siunitx_process_precision_int=\count196
\l__siunitx_group_min_int=\count197
\l__siunitx_angle_marker_box=\box51
\l__siunitx_angle_unit_box=\box52
\l__siunitx_angle_marker_dim=\dimen143
\l__siunitx_angle_unit_dim=\dimen144
\l__siunitx_unit_int=\count198
\l__siunitx_unit_denominator_int=\count199
\l__siunitx_unit_numerator_int=\count266
\l__siunitx_unit_prefix_int=\count267
\l__siunitx_unit_prefix_base_int=\count268
\l__siunitx_unit_prefix_gram_int=\count269
\l__siunitx_number_product_int=\count270
\c__siunitx_one_fill_skip=\skip51
\l__siunitx_table_unit_align_skip=\skip52
\l__siunitx_table_exponent_dim=\dimen145
\l__siunitx_table_integer_dim=\dimen146
\l__siunitx_table_mantissa_dim=\dimen147
\l__siunitx_table_marker_dim=\dimen148
\l__siunitx_table_result_dim=\dimen149
\l__siunitx_table_uncert_dim=\dimen150
\l__siunitx_table_fill_pre_dim=\dimen151
\l__siunitx_table_fill_post_dim=\dimen152
\l__siunitx_table_fill_mid_dim=\dimen153
\l__siunitx_table_pre_box=\box53
\l__siunitx_table_post_box=\box54
\l__siunitx_table_mantissa_box=\box55
\l__siunitx_table_result_box=\box56
\l__siunitx_table_number_align_skip=\skip53
\l__siunitx_table_text_align_skip=\skip54

(/gnu/store/0bz9w6gg62yb41pbdm2nyw150nxhqjdv-texlive-texmf-20210325/share/texmf
-dist/tex/latex/translator/translator.sty
Package: translator 2020-08-03 v1.12c Easy translation of strings in LaTeX

(/gnu/store/0bz9w6gg62yb41pbdm2nyw150nxhqjdv-texlive-texmf-20210325/share/texmf
-dist/tex/latex/graphics/keyval.sty
Package: keyval 2014/10/28 v1.15 key=value parser (DPC)
\KV@toks@=\toks17
)))
(/gnu/store/0bz9w6gg62yb41pbdm2nyw150nxhqjdv-texlive-texmf-20210325/share/texmf
-dist/tex/latex/amsmath/amsmath.sty
Package: amsmath 2020/09/23 v2.17i AMS math features
\@mathmargin=\skip55

For additional information on amsmath, use the `?' option.

(/gnu/store/0bz9w6gg62yb41pbdm2nyw150nxhqjdv-texlive-texmf-20210325/share/texmf
-dist/tex/latex/amsmath/amsbsy.sty
Package: amsbsy 1999/11/29 v1.2d Bold Symbols
\pmbraise@=\dimen154
)
(/gnu/store/0bz9w6gg62yb41pbdm2nyw150nxhqjdv-texlive-texmf-20210325/share/texmf
-dist/tex/latex/amsmath/amsopn.sty
Package: amsopn 2016/03/08 v2.02 operator names
)
\inf@bad=\count271
LaTeX Info: Redefining \frac on input line 234.
\uproot@=\count272
\leftroot@=\count273
LaTeX Info: Redefining \overline on input line 399.
\classnum@=\count274
\DOTSCASE@=\count275
LaTeX Info: Redefining \ldots on input line 496.
LaTeX Info: Redefining \dots on input line 499.
LaTeX Info: Redefining \cdots on input line 620.
\Mathstrutbox@=\box57
\strutbox@=\box58
\big@size=\dimen155
LaTeX Font Info:    Redeclaring font encoding OML on input line 743.
LaTeX Font Info:    Redeclaring font encoding OMS on input line 744.
\macc@depth=\count276
\c@MaxMatrixCols=\count277
\dotsspace@=\muskip16
\c@parentequation=\count278
\dspbrk@lvl=\count279
\tag@help=\toks18
\row@=\count280
\column@=\count281
\maxfields@=\count282
\andhelp@=\toks19
\eqnshift@=\dimen156
\alignsep@=\dimen157
\tagshift@=\dimen158
\tagwidth@=\dimen159
\totwidth@=\dimen160
\lineht@=\dimen161
\@envbody=\toks20
\multlinegap=\skip56
\multlinetaggap=\skip57
\mathdisplay@stack=\toks21
LaTeX Info: Redefining \[ on input line 2923.
LaTeX Info: Redefining \] on input line 2924.
)
(/gnu/store/0bz9w6gg62yb41pbdm2nyw150nxhqjdv-texlive-texmf-20210325/share/texmf
-dist/tex/latex/amsfonts/amssymb.sty
Package: amssymb 2013/01/14 v3.01 AMS font symbols

(/gnu/store/0bz9w6gg62yb41pbdm2nyw150nxhqjdv-texlive-texmf-20210325/share/texmf
-dist/tex/latex/amsfonts/amsfonts.sty
Package: amsfonts 2013/01/14 v3.01 Basic AMSFonts support
\symAMSa=\mathgroup4
\symAMSb=\mathgroup5
LaTeX Font Info:    Redeclaring math symbol \hbar on input line 98.
LaTeX Font Info:    Overwriting math alphabet `\mathfrak' in version `bold'
(Font)                  U/euf/m/n --> U/euf/b/n on input line 106.
))
(/gnu/store/0bz9w6gg62yb41pbdm2nyw150nxhqjdv-texlive-texmf-20210325/share/texmf
-dist/tex/latex/geometry/geometry.sty
Package: geometry 2020/01/02 v5.9 Page Geometry

(/gnu/store/0bz9w6gg62yb41pbdm2nyw150nxhqjdv-texlive-texmf-20210325/share/texmf
-dist/tex/generic/iftex/ifvtex.sty
Package: ifvtex 2019/10/25 v1.7 ifvtex legacy package. Use iftex instead.

(/gnu/store/0bz9w6gg62yb41pbdm2nyw150nxhqjdv-texlive-texmf-20210325/share/texmf
-dist/tex/generic/iftex/iftex.sty
Package: iftex 2020/03/06 v1.0d TeX engine tests
))
\Gm@cnth=\count283
\Gm@cntv=\count284
\c@Gm@tempcnt=\count285
\Gm@bindingoffset=\dimen162
\Gm@wd@mp=\dimen163
\Gm@odd@mp=\dimen164
\Gm@even@mp=\dimen165
\Gm@layoutwidth=\dimen166
\Gm@layoutheight=\dimen167
\Gm@layouthoffset=\dimen168
\Gm@layoutvoffset=\dimen169
\Gm@dimlist=\toks22
)
(/gnu/store/0bz9w6gg62yb41pbdm2nyw150nxhqjdv-texlive-texmf-20210325/share/texmf
-dist/tex/latex/graphics/graphicx.sty
Package: graphicx 2020/09/09 v1.2b Enhanced LaTeX Graphics (DPC,SPQR)

(/gnu/store/0bz9w6gg62yb41pbdm2nyw150nxhqjdv-texlive-texmf-20210325/share/texmf
-dist/tex/latex/graphics/graphics.sty
Package: graphics 2020/08/30 v1.4c Standard LaTeX Graphics (DPC,SPQR)

(/gnu/store/0bz9w6gg62yb41pbdm2nyw150nxhqjdv-texlive-texmf-20210325/share/texmf
-dist/tex/latex/graphics/trig.sty
Package: trig 2016/01/03 v1.10 sin cos tan (DPC)
)
(/gnu/store/0bz9w6gg62yb41pbdm2nyw150nxhqjdv-texlive-texmf-20210325/share/texmf
-dist/tex/latex/graphics-cfg/graphics.cfg
File: graphics.cfg 2016/06/04 v1.11 sample graphics configuration
)
Package graphics Info: Driver file: pdftex.def on input line 105.

(/gnu/store/0bz9w6gg62yb41pbdm2nyw150nxhqjdv-texlive-texmf-20210325/share/texmf
-dist/tex/latex/graphics-def/pdftex.def
File: pdftex.def 2020/10/05 v1.2a Graphics/color driver for pdftex
))
\Gin@req@height=\dimen170
\Gin@req@width=\dimen171
) (./hw6.aux)
\openout1 = `hw6.aux'.

LaTeX Font Info:    Checking defaults for OML/cmm/m/it on input line 13.
LaTeX Font Info:    ... okay on input line 13.
LaTeX Font Info:    Checking defaults for OMS/cmsy/m/n on input line 13.
LaTeX Font Info:    ... okay on input line 13.
LaTeX Font Info:    Checking defaults for OT1/cmr/m/n on input line 13.
LaTeX Font Info:    ... okay on input line 13.
LaTeX Font Info:    Checking defaults for T1/cmr/m/n on input line 13.
LaTeX Font Info:    ... okay on input line 13.
LaTeX Font Info:    Checking defaults for TS1/cmr/m/n on input line 13.
LaTeX Font Info:    ... okay on input line 13.
LaTeX Font Info:    Checking defaults for OMX/cmex/m/n on input line 13.
LaTeX Font Info:    ... okay on input line 13.
LaTeX Font Info:    Checking defaults for U/cmr/m/n on input line 13.
LaTeX Font Info:    ... okay on input line 13.

(/gnu/store/0bz9w6gg62yb41pbdm2nyw150nxhqjdv-texlive-texmf-20210325/share/texmf
-dist/tex/latex/siunitx/siunitx-abbreviations.cfg
File: siunitx-abbreviations.cfg 2017/11/26 v2.7k siunitx: Abbreviated units
)
(/gnu/store/0bz9w6gg62yb41pbdm2nyw150nxhqjdv-texlive-texmf-20210325/share/texmf
-dist/tex/latex/translator/translator-basic-dictionary-English.dict
Dictionary: translator-basic-dictionary, Language: English 
)
*geometry* driver: auto-detecting
*geometry* detected driver: pdftex
*geometry* verbose mode - [ preamble ] result:
* driver: pdftex
* paper: letterpaper
* layout: <same size as paper>
* layoutoffset:(h,v)=(0.0pt,0.0pt)
* modes: 
* h-part:(L,W,R)=(92.14519pt, 430.00462pt, 92.14519pt)
* v-part:(T,H,B)=(95.39737pt, 556.47656pt, 143.09605pt)
* \paperwidth=614.295pt
* \paperheight=794.96999pt
* \textwidth=430.00462pt
* \textheight=556.47656pt
* \oddsidemargin=19.8752pt
* \evensidemargin=19.8752pt
* \topmargin=-13.87262pt
* \headheight=12.0pt
* \headsep=25.0pt
* \topskip=10.0pt
* \footskip=30.0pt
* \marginparwidth=65.0pt
* \marginparsep=11.0pt
* \columnsep=10.0pt
* \skip\footins=9.0pt plus 4.0pt minus 2.0pt
* \hoffset=0.0pt
* \voffset=0.0pt
* \mag=1000
* \@twocolumnfalse
* \@twosidefalse
* \@mparswitchfalse
* \@reversemarginfalse
* (1in=72.27pt=25.4mm, 1cm=28.453pt)


(/gnu/store/0bz9w6gg62yb41pbdm2nyw150nxhqjdv-texlive-texmf-20210325/share/texmf
-dist/tex/context/base/mkii/supp-pdf.mkii
[Loading MPS to PDF converter (version 2006.09.02).]
\scratchcounter=\count286
\scratchdimen=\dimen172
\scratchbox=\box59
\nofMPsegments=\count287
\nofMParguments=\count288
\everyMPshowfont=\toks23
\MPscratchCnt=\count289
\MPscratchDim=\dimen173
\MPnumerator=\count290
\makeMPintoPDFobject=\count291
\everyMPtoPDFconversion=\toks24
)
(/gnu/store/0bz9w6gg62yb41pbdm2nyw150nxhqjdv-texlive-texmf-20210325/share/texmf
-dist/tex/latex/epstopdf-pkg/epstopdf-base.sty
Package: epstopdf-base 2020-01-24 v2.11 Base part for package epstopdf
Package epstopdf-base Info: Redefining graphics rule for `.eps' on input line 4
85.

(/gnu/store/0bz9w6gg62yb41pbdm2nyw150nxhqjdv-texlive-texmf-20210325/share/texmf
-dist/tex/latex/latexconfig/epstopdf-sys.cfg
File: epstopdf-sys.cfg 2010/07/13 v1.3 Configuration of (r)epstopdf for TeX Liv
e
))
LaTeX Font Info:    Trying to load font information for U+msa on input line 13.


(/gnu/store/0bz9w6gg62yb41pbdm2nyw150nxhqjdv-texlive-texmf-20210325/share/texmf
-dist/tex/latex/amsfonts/umsa.fd
File: umsa.fd 2013/01/14 v3.01 AMS symbols A
)
LaTeX Font Info:    Trying to load font information for U+msb on input line 13.


(/gnu/store/0bz9w6gg62yb41pbdm2nyw150nxhqjdv-texlive-texmf-20210325/share/texmf
-dist/tex/latex/amsfonts/umsb.fd
File: umsb.fd 2013/01/14 v3.01 AMS symbols B
) [1

{/gnu/store/0bz9w6gg62yb41pbdm2nyw150nxhqjdv-texlive-texmf-20210325/share/texmf
-dist/fonts/map/pdftex/updmap/pdftex.map}]
Overfull \hbox (33.16225pt too wide) in paragraph at lines 36--38
\OT1/cmr/m/n/10 For an in-ter-nal en-ergy of $[] [] = [] []$ and an en-tropy of
 $([] [] [] 4 = [] []$,
 []

[2]
Overfull \hbox (5.36873pt too wide) detected at line 69
\OT1/cmr/m/n/10 = \OMS/cmsy/m/n/10 ^^@\OT1/cmr/m/n/10 ([] [])([] []) [] []
 []

[3] [4] [5]
<dewpoint.png, id=30, 481.8pt x 361.35pt>
File: dewpoint.png Graphic file (type png)
<use dewpoint.png>
Package pdftex.def Info: dewpoint.png  used on input line 167.
(pdftex.def)             Requested size: 385.4405pt x 289.0804pt.
 [6] [7 <./dewpoint.png>]
<nucleation1.png, id=40, 481.8pt x 361.35pt>
File: nucleation1.png Graphic file (type png)
<use nucleation1.png>
Package pdftex.def Info: nucleation1.png  used on input line 188.
(pdftex.def)             Requested size: 385.4405pt x 289.0804pt.
<nucleation2.png, id=41, 481.8pt x 361.35pt>
File: nucleation2.png Graphic file (type png)
<use nucleation2.png>
Package pdftex.def Info: nucleation2.png  used on input line 191.
(pdftex.def)             Requested size: 385.4405pt x 289.0804pt.
 [8 <./nucleation1.png>] [9 <./nucleation2.png>]
<nucleation3.png, id=50, 481.8pt x 361.35pt>
File: nucleation3.png Graphic file (type png)
<use nucleation3.png>
Package pdftex.def Info: nucleation3.png  used on input line 210.
(pdftex.def)             Requested size: 385.4405pt x 289.0804pt.
 [10 <./nucleation3.png>] [11]

LaTeX Warning: Command \$ invalid in math mode on input line 245.


./hw6.tex:245: LaTeX Error: Command \$ unavailable in encoding OT1.

See the LaTeX manual or LaTeX Companion for explanation.
Type  H <return>  for immediate help.
 ...                                              
                                                  
l.245 Near $T_{c}$, $V_{c}\a$
                              %% TODO: argue this out
Your command was ignored.
Type  I <command> <return>  to replace it with another command,
or  <return>  to continue without it.

./hw6.tex:246: Missing $ inserted.
<inserted text> 
                $
l.246 
      
I've inserted a begin-math/end-math symbol since I think
you left one out. Proceed, with fingers crossed.

[12] [13] [14] (./hw6.aux) ) 
Here is how much of TeX's memory you used:
 5351 strings out of 478994
 113387 string characters out of 5833534
 395722 words of memory out of 5000000
 22780 multiletter control sequences out of 15000+600000
 413845 words of font info for 69 fonts, out of 8000000 for 9000
 1141 hyphenation exceptions out of 8191
 71i,14n,75p,543b,693s stack positions out of 5000i,500n,10000p,200000b,80000s
</gnu/store/0bz9w6gg62yb41pbdm2nyw150nxhqjdv-texliv
e-texmf-20210325/share/texmf-dist/fonts/type1/public/amsfonts/cm/cmbx12.pfb></g
nu/store/0bz9w6gg62yb41pbdm2nyw150nxhqjdv-texlive-texmf-20210325/share/texmf-di
st/fonts/type1/public/amsfonts/cm/cmex10.pfb></gnu/store/0bz9w6gg62yb41pbdm2nyw
150nxhqjdv-texlive-texmf-20210325/share/texmf-dist/fonts/type1/public/amsfonts/
cm/cmmi10.pfb></gnu/store/0bz9w6gg62yb41pbdm2nyw150nxhqjdv-texlive-texmf-202103
25/share/texmf-dist/fonts/type1/public/amsfonts/cm/cmmi5.pfb></gnu/store/0bz9w6
gg62yb41pbdm2nyw150nxhqjdv-texlive-texmf-20210325/share/texmf-dist/fonts/type1/
public/amsfonts/cm/cmmi7.pfb></gnu/store/0bz9w6gg62yb41pbdm2nyw150nxhqjdv-texli
ve-texmf-20210325/share/texmf-dist/fonts/type1/public/amsfonts/cm/cmr10.pfb></g
nu/store/0bz9w6gg62yb41pbdm2nyw150nxhqjdv-texlive-texmf-20210325/share/texmf-di
st/fonts/type1/public/amsfonts/cm/cmr12.pfb></gnu/store/0bz9w6gg62yb41pbdm2nyw1
50nxhqjdv-texlive-texmf-20210325/share/texmf-dist/fonts/type1/public/amsfonts/c
m/cmr17.pfb></gnu/store/0bz9w6gg62yb41pbdm2nyw150nxhqjdv-texlive-texmf-20210325
/share/texmf-dist/fonts/type1/public/amsfonts/cm/cmr7.pfb></gnu/store/0bz9w6gg6
2yb41pbdm2nyw150nxhqjdv-texlive-texmf-20210325/share/texmf-dist/fonts/type1/pub
lic/amsfonts/cm/cmsy10.pfb></gnu/store/0bz9w6gg62yb41pbdm2nyw150nxhqjdv-texlive
-texmf-20210325/share/texmf-dist/fonts/type1/public/amsfonts/cm/cmsy7.pfb></gnu
/store/0bz9w6gg62yb41pbdm2nyw150nxhqjdv-texlive-texmf-20210325/share/texmf-dist
/fonts/type1/public/amsfonts/cm/cmti10.pfb></gnu/store/0bz9w6gg62yb41pbdm2nyw15
0nxhqjdv-texlive-texmf-20210325/share/texmf-dist/fonts/type1/public/amsfonts/cm
/cmtt10.pfb>
Output written on hw6.pdf (14 pages, 199040 bytes).
PDF statistics:
 110 PDF objects out of 1000 (max. 8388607)
 72 compressed objects within 1 object stream
 0 named destinations out of 1000 (max. 500000)
 21 words of extra memory for PDF output out of 10000 (max. 10000000)

