

*******************************************************************************
Wed Feb 23 17:42:45 2022


FIT:    data read from 'ki.dat'
        format = z
        #datapoints = 7
        residuals are weighted equally (unit weight)

function used for fitting: f(x)
	f(x) = a*x + b
fitted parameters initialized with current variable values

iter      chisq       delta/lim  lambda   a             b            
   0 5.9884905887e+02   0.00e+00  7.66e+00    1.000000e+00   1.000000e+00
   4 5.1963931898e+00  -2.44e-02  7.66e-04    2.917443e-01  -9.044606e-01

After 4 iterations the fit converged.
final sum of squares of residuals : 5.19639
rel. change during last iteration : -2.4362e-07

degrees of freedom    (FIT_NDF)                        : 5
rms of residuals      (FIT_STDFIT) = sqrt(WSSR/ndf)    : 1.01945
variance of residuals (reduced chisquare) = WSSR/ndf   : 1.03928

Final set of parameters            Asymptotic Standard Error
=======================            ==========================
a               = 0.291744         +/- 0.05735      (19.66%)
b               = -0.904461        +/- 0.6188       (68.41%)

correlation matrix of the fit parameters:
                a      b      
a               1.000 
b              -0.782  1.000 


*******************************************************************************
Wed Feb 23 17:43:48 2022


FIT:    data read from 'ki.dat'
        format = z
        #datapoints = 7
        residuals are weighted equally (unit weight)

function used for fitting: f(x)
	f(x) = a*x**3
fitted parameters initialized with current variable values

iter      chisq       delta/lim  lambda   a            
   0 6.4899086238e+06   0.00e+00  9.66e+02    2.917443e-01
   4 1.4288449740e-01  -2.95e-05  9.66e-02    7.991178e-04

After 4 iterations the fit converged.
final sum of squares of residuals : 0.142884
rel. change during last iteration : -2.94733e-10

degrees of freedom    (FIT_NDF)                        : 6
rms of residuals      (FIT_STDFIT) = sqrt(WSSR/ndf)    : 0.154318
variance of residuals (reduced chisquare) = WSSR/ndf   : 0.0238141

Final set of parameters            Asymptotic Standard Error
=======================            ==========================
a               = 0.000799118      +/- 1.762e-05    (2.205%)


*******************************************************************************
Wed Feb 23 17:49:22 2022


FIT:    data read from 'ki.dat'
        format = z
        #datapoints = 7
        residuals are weighted equally (unit weight)

function used for fitting: f(x)
	f(x) = a*x**3
fitted parameters initialized with current variable values

iter      chisq       delta/lim  lambda   a            
   0 7.6545909941e+07   0.00e+00  3.31e+03    1.000000e+00
   4 1.4288449740e-01  -3.48e-04  3.31e-01    7.991178e-04

After 4 iterations the fit converged.
final sum of squares of residuals : 0.142884
rel. change during last iteration : -3.47626e-09

degrees of freedom    (FIT_NDF)                        : 6
rms of residuals      (FIT_STDFIT) = sqrt(WSSR/ndf)    : 0.154318
variance of residuals (reduced chisquare) = WSSR/ndf   : 0.0238141

Final set of parameters            Asymptotic Standard Error
=======================            ==========================
a               = 0.000799118      +/- 1.762e-05    (2.205%)
