This is pdfTeX, Version 3.141592653-2.6-1.40.22 (TeX Live 2021 Gentoo Linux) (preloaded format=pdflatex 2021.9.10)  7 OCT 2021 08:43
entering extended mode
 restricted \write18 enabled.
 file:line:error style messages enabled.
 %&-line parsing enabled.
**hw2.tex
(./hw2.tex
LaTeX2e <2020-10-01> patch level 4
L3 programming layer <2021-02-18>
(/usr/share/texmf-dist/tex/latex/base/article.cls
Document Class: article 2020/04/10 v1.4m Standard LaTeX document class
(/usr/share/texmf-dist/tex/latex/base/size10.clo
File: size10.clo 2020/04/10 v1.4m Standard LaTeX file (size option)
)
\c@part=\count179
\c@section=\count180
\c@subsection=\count181
\c@subsubsection=\count182
\c@paragraph=\count183
\c@subparagraph=\count184
\c@figure=\count185
\c@table=\count186
\abovecaptionskip=\skip47
\belowcaptionskip=\skip48
\bibindent=\dimen138
)
(/usr/share/texmf-dist/tex/latex/geometry/geometry.sty
Package: geometry 2020/01/02 v5.9 Page Geometry

(/usr/share/texmf-dist/tex/latex/graphics/keyval.sty
Package: keyval 2014/10/28 v1.15 key=value parser (DPC)
\KV@toks@=\toks15
)
(/usr/share/texmf-dist/tex/generic/iftex/ifvtex.sty
Package: ifvtex 2019/10/25 v1.7 ifvtex legacy package. Use iftex instead.

(/usr/share/texmf-dist/tex/generic/iftex/iftex.sty
Package: iftex 2020/03/06 v1.0d TeX engine tests
))
\Gm@cnth=\count187
\Gm@cntv=\count188
\c@Gm@tempcnt=\count189
\Gm@bindingoffset=\dimen139
\Gm@wd@mp=\dimen140
\Gm@odd@mp=\dimen141
\Gm@even@mp=\dimen142
\Gm@layoutwidth=\dimen143
\Gm@layoutheight=\dimen144
\Gm@layouthoffset=\dimen145
\Gm@layoutvoffset=\dimen146
\Gm@dimlist=\toks16
)
(/usr/share/texmf-dist/tex/latex/amsmath/amsmath.sty
Package: amsmath 2020/09/23 v2.17i AMS math features
\@mathmargin=\skip49

For additional information on amsmath, use the `?' option.
(/usr/share/texmf-dist/tex/latex/amsmath/amstext.sty
Package: amstext 2000/06/29 v2.01 AMS text

(/usr/share/texmf-dist/tex/latex/amsmath/amsgen.sty
File: amsgen.sty 1999/11/30 v2.0 generic functions
\@emptytoks=\toks17
\ex@=\dimen147
))
(/usr/share/texmf-dist/tex/latex/amsmath/amsbsy.sty
Package: amsbsy 1999/11/29 v1.2d Bold Symbols
\pmbraise@=\dimen148
)
(/usr/share/texmf-dist/tex/latex/amsmath/amsopn.sty
Package: amsopn 2016/03/08 v2.02 operator names
)
\inf@bad=\count190
LaTeX Info: Redefining \frac on input line 234.
\uproot@=\count191
\leftroot@=\count192
LaTeX Info: Redefining \overline on input line 399.
\classnum@=\count193
\DOTSCASE@=\count194
LaTeX Info: Redefining \ldots on input line 496.
LaTeX Info: Redefining \dots on input line 499.
LaTeX Info: Redefining \cdots on input line 620.
\Mathstrutbox@=\box47
\strutbox@=\box48
\big@size=\dimen149
LaTeX Font Info:    Redeclaring font encoding OML on input line 743.
LaTeX Font Info:    Redeclaring font encoding OMS on input line 744.
\macc@depth=\count195
\c@MaxMatrixCols=\count196
\dotsspace@=\muskip16
\c@parentequation=\count197
\dspbrk@lvl=\count198
\tag@help=\toks18
\row@=\count199
\column@=\count266
\maxfields@=\count267
\andhelp@=\toks19
\eqnshift@=\dimen150
\alignsep@=\dimen151
\tagshift@=\dimen152
\tagwidth@=\dimen153
\totwidth@=\dimen154
\lineht@=\dimen155
\@envbody=\toks20
\multlinegap=\skip50
\multlinetaggap=\skip51
\mathdisplay@stack=\toks21
LaTeX Info: Redefining \[ on input line 2923.
LaTeX Info: Redefining \] on input line 2924.
)
(/usr/share/texmf-dist/tex/latex/l3backend/l3backend-pdftex.def
File: l3backend-pdftex.def 2021-03-18 L3 backend support: PDF output (pdfTeX)
\l__color_backend_stack_int=\count268
\l__pdf_internal_box=\box49
) (./hw2.aux)
\openout1 = `hw2.aux'.

LaTeX Font Info:    Checking defaults for OML/cmm/m/it on input line 8.
LaTeX Font Info:    ... okay on input line 8.
LaTeX Font Info:    Checking defaults for OMS/cmsy/m/n on input line 8.
LaTeX Font Info:    ... okay on input line 8.
LaTeX Font Info:    Checking defaults for OT1/cmr/m/n on input line 8.
LaTeX Font Info:    ... okay on input line 8.
LaTeX Font Info:    Checking defaults for T1/cmr/m/n on input line 8.
LaTeX Font Info:    ... okay on input line 8.
LaTeX Font Info:    Checking defaults for TS1/cmr/m/n on input line 8.
LaTeX Font Info:    ... okay on input line 8.
LaTeX Font Info:    Checking defaults for OMX/cmex/m/n on input line 8.
LaTeX Font Info:    ... okay on input line 8.
LaTeX Font Info:    Checking defaults for U/cmr/m/n on input line 8.
LaTeX Font Info:    ... okay on input line 8.

*geometry* driver: auto-detecting
*geometry* detected driver: pdftex
*geometry* verbose mode - [ preamble ] result:
* driver: pdftex
* paper: letterpaper
* layout: <same size as paper>
* layoutoffset:(h,v)=(0.0pt,0.0pt)
* modes: 
* h-part:(L,W,R)=(92.14519pt, 430.00462pt, 92.14519pt)
* v-part:(T,H,B)=(95.39737pt, 556.47656pt, 143.09605pt)
* \paperwidth=614.295pt
* \paperheight=794.96999pt
* \textwidth=430.00462pt
* \textheight=556.47656pt
* \oddsidemargin=19.8752pt
* \evensidemargin=19.8752pt
* \topmargin=-13.87262pt
* \headheight=12.0pt
* \headsep=25.0pt
* \topskip=10.0pt
* \footskip=30.0pt
* \marginparwidth=65.0pt
* \marginparsep=11.0pt
* \columnsep=10.0pt
* \skip\footins=9.0pt plus 4.0pt minus 2.0pt
* \hoffset=0.0pt
* \voffset=0.0pt
* \mag=1000
* \@twocolumnfalse
* \@twosidefalse
* \@mparswitchfalse
* \@reversemarginfalse
* (1in=72.27pt=25.4mm, 1cm=28.453pt)


Overfull \hbox (18.50252pt too wide) detected at line 18
\OML/cmm/m/it/10 L \OT1/cmr/m/n/10 = \OML/cmm/m/it/10 T \OMS/cmsy/m/n/10 ^^@ \O
ML/cmm/m/it/10 U \OT1/cmr/m/n/10 = [](\OML/cmm/m/it/10 m[] \OT1/cmr/m/n/10 + \O
ML/cmm/m/it/10 m[]\OT1/cmr/m/n/10 )\OML/cmm/m/it/10 l[][] \OT1/cmr/m/n/10 + \OM
L/cmm/m/it/10 m[]l[]l[][][] []\OT1/cmr/m/n/10 (\OML/cmm/m/it/10 ^^R \OMS/cmsy/m
/n/10 ^^@ \OML/cmm/m/it/10 ^^^\OT1/cmr/m/n/10 ) + []\OML/cmm/m/it/10 m[]l[][] \
OT1/cmr/m/n/10 + (\OML/cmm/m/it/10 m[] \OT1/cmr/m/n/10 + \OML/cmm/m/it/10 m[]\O
T1/cmr/m/n/10 )\OML/cmm/m/it/10 gl[]\OT1/cmr/m/n/10 (1 \OMS/cmsy/m/n/10 ^^@ []\
OT1/cmr/m/n/10 (\OML/cmm/m/it/10 ^^R\OT1/cmr/m/n/10 )) + \OML/cmm/m/it/10 m[]gl
[]\OT1/cmr/m/n/10 (1 \OMS/cmsy/m/n/10 ^^@ []\OT1/cmr/m/n/10 (\OML/cmm/m/it/10 ^
^^\OT1/cmr/m/n/10 ))
 []


Overfull \hbox (30.81187pt too wide) detected at line 21
\OT1/cmr/m/n/10 = [][(\OML/cmm/m/it/10 m[] \OT1/cmr/m/n/10 + \OML/cmm/m/it/10 m
[]\OT1/cmr/m/n/10 )\OML/cmm/m/it/10 l[][] \OT1/cmr/m/n/10 + \OML/cmm/m/it/10 m[
]l[]l[][] []\OT1/cmr/m/n/10 (\OML/cmm/m/it/10 ^^R \OMS/cmsy/m/n/10 ^^@ \OML/cmm
/m/it/10 ^^^\OT1/cmr/m/n/10 )] = (\OML/cmm/m/it/10 m[] \OT1/cmr/m/n/10 + \OML/c
mm/m/it/10 m[]\OT1/cmr/m/n/10 )\OML/cmm/m/it/10 l[][] \OT1/cmr/m/n/10 + \OML/cm
m/m/it/10 m[]l[]l[][]\OT1/cmr/m/n/10 [[](\OML/cmm/m/it/10 ^^R \OMS/cmsy/m/n/10 
^^@ \OML/cmm/m/it/10 ^^^\OT1/cmr/m/n/10 )[] \OMS/cmsy/m/n/10 ^^@ []\OT1/cmr/m/n
/10 (\OML/cmm/m/it/10 ^^R \OMS/cmsy/m/n/10 ^^@ \OML/cmm/m/it/10 ^^^\OT1/cmr/m/n
/10 )[]] + \OML/cmm/m/it/10 m[]l[]l[][] []\OT1/cmr/m/n/10 (\OML/cmm/m/it/10 ^^R
 \OMS/cmsy/m/n/10 ^^@ \OML/cmm/m/it/10 ^^^\OT1/cmr/m/n/10 )
 []


Overfull \hbox (35.23817pt too wide) detected at line 22
\OMS/cmsy/m/n/10 , ^^@\OML/cmm/m/it/10 m[]l[]l[][][] []\OT1/cmr/m/n/10 (\OML/cm
m/m/it/10 ^^R \OMS/cmsy/m/n/10 ^^@ \OML/cmm/m/it/10 ^^^\OT1/cmr/m/n/10 ) + (\OM
L/cmm/m/it/10 m[] \OT1/cmr/m/n/10 + \OML/cmm/m/it/10 m[]\OT1/cmr/m/n/10 )\OML/c
mm/m/it/10 gl[] []\OT1/cmr/m/n/10 (\OML/cmm/m/it/10 ^^R\OT1/cmr/m/n/10 ) = (\OM
L/cmm/m/it/10 m[] \OT1/cmr/m/n/10 + \OML/cmm/m/it/10 m[]\OT1/cmr/m/n/10 )\OML/c
mm/m/it/10 l[][] \OT1/cmr/m/n/10 + \OML/cmm/m/it/10 m[]l[]l[]\OT1/cmr/m/n/10 ([
][[](\OML/cmm/m/it/10 ^^R \OMS/cmsy/m/n/10 ^^@ \OML/cmm/m/it/10 ^^^\OT1/cmr/m/n
/10 )[] \OMS/cmsy/m/n/10 ^^@ []\OT1/cmr/m/n/10 (\OML/cmm/m/it/10 ^^R \OMS/cmsy/
m/n/10 ^^@ \OML/cmm/m/it/10 ^^^\OT1/cmr/m/n/10 )[]] + [] [](\OML/cmm/m/it/10 ^^
R \OMS/cmsy/m/n/10 ^^@ \OML/cmm/m/it/10 ^^^\OT1/cmr/m/n/10 ))
 []

[1

{/var/lib/texmf/fonts/map/pdftex/updmap/pdftex.map}] [2] [3] [4] [5]
(./hw2.aux) ) 
Here is how much of TeX's memory you used:
 1590 strings out of 480954
 22065 string characters out of 5908242
 338082 words of memory out of 5000000
 18861 multiletter control sequences out of 15000+600000
 408198 words of font info for 44 fonts, out of 8000000 for 9000
 14 hyphenation exceptions out of 8191
 68i,9n,74p,548b,189s stack positions out of 5000i,500n,10000p,200000b,80000s
</usr/share/texmf-dist/fonts/type1/public/amsfonts/cm/cmbx12.pfb><
/usr/share/texmf-dist/fonts/type1/public/amsfonts/cm/cmex10.pfb></usr/share/tex
mf-dist/fonts/type1/public/amsfonts/cm/cmmi10.pfb></usr/share/texmf-dist/fonts/
type1/public/amsfonts/cm/cmmi7.pfb></usr/share/texmf-dist/fonts/type1/public/am
sfonts/cm/cmr10.pfb></usr/share/texmf-dist/fonts/type1/public/amsfonts/cm/cmr12
.pfb></usr/share/texmf-dist/fonts/type1/public/amsfonts/cm/cmr17.pfb></usr/shar
e/texmf-dist/fonts/type1/public/amsfonts/cm/cmr7.pfb></usr/share/texmf-dist/fon
ts/type1/public/amsfonts/cm/cmsy10.pfb>
Output written on hw2.pdf (5 pages, 111030 bytes).
PDF statistics:
 56 PDF objects out of 1000 (max. 8388607)
 39 compressed objects within 1 object stream
 0 named destinations out of 1000 (max. 500000)
 1 words of extra memory for PDF output out of 10000 (max. 10000000)

