This is pdfTeX, Version 3.141592653-2.6-1.40.22 (TeX Live 2021/GNU Guix) (preloaded format=pdflatex 2022.1.13)  14 MAY 2022 17:07
entering extended mode
 restricted \write18 enabled.
 file:line:error style messages enabled.
 %&-line parsing enabled.
**nonsense.tex
(./nonsense.tex
LaTeX2e <2020-10-01> patch level 4
L3 programming layer <2021-02-18>
(/gnu/store/000bj9cavfaz59mz9jz7v1h8ba35dl7d-texlive-texmf-20210325/share/texmf
-dist/tex/latex/base/article.cls
Document Class: article 2020/04/10 v1.4m Standard LaTeX document class

(/gnu/store/000bj9cavfaz59mz9jz7v1h8ba35dl7d-texlive-texmf-20210325/share/texmf
-dist/tex/latex/base/size12.clo
File: size12.clo 2020/04/10 v1.4m Standard LaTeX file (size option)
)
\c@part=\count179
\c@section=\count180
\c@subsection=\count181
\c@subsubsection=\count182
\c@paragraph=\count183
\c@subparagraph=\count184
\c@figure=\count185
\c@table=\count186
\abovecaptionskip=\skip47
\belowcaptionskip=\skip48
\bibindent=\dimen138
)
(/gnu/store/000bj9cavfaz59mz9jz7v1h8ba35dl7d-texlive-texmf-20210325/share/texmf
-dist/tex/latex/geometry/geometry.sty
Package: geometry 2020/01/02 v5.9 Page Geometry

(/gnu/store/000bj9cavfaz59mz9jz7v1h8ba35dl7d-texlive-texmf-20210325/share/texmf
-dist/tex/latex/graphics/keyval.sty
Package: keyval 2014/10/28 v1.15 key=value parser (DPC)
\KV@toks@=\toks15
)
(/gnu/store/000bj9cavfaz59mz9jz7v1h8ba35dl7d-texlive-texmf-20210325/share/texmf
-dist/tex/generic/iftex/ifvtex.sty
Package: ifvtex 2019/10/25 v1.7 ifvtex legacy package. Use iftex instead.

(/gnu/store/000bj9cavfaz59mz9jz7v1h8ba35dl7d-texlive-texmf-20210325/share/texmf
-dist/tex/generic/iftex/iftex.sty
Package: iftex 2020/03/06 v1.0d TeX engine tests
))
\Gm@cnth=\count187
\Gm@cntv=\count188
\c@Gm@tempcnt=\count189
\Gm@bindingoffset=\dimen139
\Gm@wd@mp=\dimen140
\Gm@odd@mp=\dimen141
\Gm@even@mp=\dimen142
\Gm@layoutwidth=\dimen143
\Gm@layoutheight=\dimen144
\Gm@layouthoffset=\dimen145
\Gm@layoutvoffset=\dimen146
\Gm@dimlist=\toks16
)
(/gnu/store/000bj9cavfaz59mz9jz7v1h8ba35dl7d-texlive-texmf-20210325/share/texmf
-dist/tex/latex/l3backend/l3backend-pdftex.def
File: l3backend-pdftex.def 2021-03-18 L3 backend support: PDF output (pdfTeX)
\l__color_backend_stack_int=\count190
\l__pdf_internal_box=\box47
) (./nonsense.aux)
\openout1 = `nonsense.aux'.

LaTeX Font Info:    Checking defaults for OML/cmm/m/it on input line 9.
LaTeX Font Info:    ... okay on input line 9.
LaTeX Font Info:    Checking defaults for OMS/cmsy/m/n on input line 9.
LaTeX Font Info:    ... okay on input line 9.
LaTeX Font Info:    Checking defaults for OT1/cmr/m/n on input line 9.
LaTeX Font Info:    ... okay on input line 9.
LaTeX Font Info:    Checking defaults for T1/cmr/m/n on input line 9.
LaTeX Font Info:    ... okay on input line 9.
LaTeX Font Info:    Checking defaults for TS1/cmr/m/n on input line 9.
LaTeX Font Info:    ... okay on input line 9.
LaTeX Font Info:    Checking defaults for OMX/cmex/m/n on input line 9.
LaTeX Font Info:    ... okay on input line 9.
LaTeX Font Info:    Checking defaults for U/cmr/m/n on input line 9.
LaTeX Font Info:    ... okay on input line 9.

*geometry* driver: auto-detecting
*geometry* detected driver: pdftex
*geometry* verbose mode - [ preamble ] result:
* driver: pdftex
* paper: letterpaper
* layout: <same size as paper>
* layoutoffset:(h,v)=(0.0pt,0.0pt)
* modes: 
* h-part:(L,W,R)=(92.14519pt, 430.00462pt, 92.14519pt)
* v-part:(T,H,B)=(95.39737pt, 556.47656pt, 143.09605pt)
* \paperwidth=614.295pt
* \paperheight=794.96999pt
* \textwidth=430.00462pt
* \textheight=556.47656pt
* \oddsidemargin=19.8752pt
* \evensidemargin=19.8752pt
* \topmargin=-13.87262pt
* \headheight=12.0pt
* \headsep=25.0pt
* \topskip=12.0pt
* \footskip=30.0pt
* \marginparwidth=44.0pt
* \marginparsep=10.0pt
* \columnsep=10.0pt
* \skip\footins=10.8pt plus 4.0pt minus 2.0pt
* \hoffset=0.0pt
* \voffset=0.0pt
* \mag=1000
* \@twocolumnfalse
* \@twosidefalse
* \@mparswitchfalse
* \@reversemarginfalse
* (1in=72.27pt=25.4mm, 1cm=28.453pt)

LaTeX Font Info:    External font `cmex10' loaded for size
(Font)              <14.4> on input line 11.
LaTeX Font Info:    External font `cmex10' loaded for size
(Font)              <7> on input line 11.
LaTeX Font Info:    External font `cmex10' loaded for size
(Font)              <12> on input line 36.
LaTeX Font Info:    External font `cmex10' loaded for size
(Font)              <8> on input line 36.
LaTeX Font Info:    External font `cmex10' loaded for size
(Font)              <6> on input line 36.
[1

{/gnu/store/000bj9cavfaz59mz9jz7v1h8ba35dl7d-texlive-texmf-20210325/share/texmf
-dist/fonts/map/pdftex/updmap/pdftex.map}] [2] [3] (./nonsense.aux) ) 
Here is how much of TeX's memory you used:
 964 strings out of 478994
 16203 string characters out of 5833534
 314459 words of memory out of 5000000
 18503 multiletter control sequences out of 15000+600000
 408500 words of font info for 44 fonts, out of 8000000 for 9000
 1141 hyphenation exceptions out of 8191
 68i,6n,74p,292b,191s stack positions out of 5000i,500n,10000p,200000b,80000s
</gnu/stor
e/000bj9cavfaz59mz9jz7v1h8ba35dl7d-texlive-texmf-20210325/share/texmf-dist/font
s/type1/public/amsfonts/cm/cmmi12.pfb></gnu/store/000bj9cavfaz59mz9jz7v1h8ba35d
l7d-texlive-texmf-20210325/share/texmf-dist/fonts/type1/public/amsfonts/cm/cmmi
8.pfb></gnu/store/000bj9cavfaz59mz9jz7v1h8ba35dl7d-texlive-texmf-20210325/share
/texmf-dist/fonts/type1/public/amsfonts/cm/cmr12.pfb></gnu/store/000bj9cavfaz59
mz9jz7v1h8ba35dl7d-texlive-texmf-20210325/share/texmf-dist/fonts/type1/public/a
msfonts/cm/cmr17.pfb></gnu/store/000bj9cavfaz59mz9jz7v1h8ba35dl7d-texlive-texmf
-20210325/share/texmf-dist/fonts/type1/public/amsfonts/cm/cmr8.pfb></gnu/store/
000bj9cavfaz59mz9jz7v1h8ba35dl7d-texlive-texmf-20210325/share/texmf-dist/fonts/
type1/public/amsfonts/cm/cmsy10.pfb></gnu/store/000bj9cavfaz59mz9jz7v1h8ba35dl7
d-texlive-texmf-20210325/share/texmf-dist/fonts/type1/public/amsfonts/cm/cmsy8.
pfb></gnu/store/000bj9cavfaz59mz9jz7v1h8ba35dl7d-texlive-texmf-20210325/share/t
exmf-dist/fonts/type1/public/amsfonts/cm/cmti12.pfb></gnu/store/000bj9cavfaz59m
z9jz7v1h8ba35dl7d-texlive-texmf-20210325/share/texmf-dist/fonts/type1/public/am
sfonts/cm/cmtt12.pfb>
Output written on nonsense.pdf (3 pages, 90092 bytes).
PDF statistics:
 50 PDF objects out of 1000 (max. 8388607)
 35 compressed objects within 1 object stream
 0 named destinations out of 1000 (max. 500000)
 1 words of extra memory for PDF output out of 10000 (max. 10000000)

