This is pdfTeX, Version 3.141592653-2.6-1.40.22 (TeX Live 2021/GNU Guix) (preloaded format=pdflatex 2022.5.9)  23 SEP 2022 09:43
entering extended mode
 \write18 enabled.
 file:line:error style messages enabled.
 %&-line parsing enabled.
**hw3.tex
(./hw3.tex
LaTeX2e <2020-10-01> patch level 4
L3 programming layer <2021-02-18>
(/gnu/store/62p0ys0vb83hjxryj3nmicdniqga7km7-texlive-texmf-20210325/share/texmf
-dist/tex/latex/base/article.cls
Document Class: article 2020/04/10 v1.4m Standard LaTeX document class

(/gnu/store/62p0ys0vb83hjxryj3nmicdniqga7km7-texlive-texmf-20210325/share/texmf
-dist/tex/latex/base/size10.clo
File: size10.clo 2020/04/10 v1.4m Standard LaTeX file (size option)
)
\c@part=\count179
\c@section=\count180
\c@subsection=\count181
\c@subsubsection=\count182
\c@paragraph=\count183
\c@subparagraph=\count184
\c@figure=\count185
\c@table=\count186
\abovecaptionskip=\skip47
\belowcaptionskip=\skip48
\bibindent=\dimen138
)
(/gnu/store/62p0ys0vb83hjxryj3nmicdniqga7km7-texlive-texmf-20210325/share/texmf
-dist/tex/latex/geometry/geometry.sty
Package: geometry 2020/01/02 v5.9 Page Geometry

(/gnu/store/62p0ys0vb83hjxryj3nmicdniqga7km7-texlive-texmf-20210325/share/texmf
-dist/tex/latex/graphics/keyval.sty
Package: keyval 2014/10/28 v1.15 key=value parser (DPC)
\KV@toks@=\toks15
)
(/gnu/store/62p0ys0vb83hjxryj3nmicdniqga7km7-texlive-texmf-20210325/share/texmf
-dist/tex/generic/iftex/ifvtex.sty
Package: ifvtex 2019/10/25 v1.7 ifvtex legacy package. Use iftex instead.

(/gnu/store/62p0ys0vb83hjxryj3nmicdniqga7km7-texlive-texmf-20210325/share/texmf
-dist/tex/generic/iftex/iftex.sty
Package: iftex 2020/03/06 v1.0d TeX engine tests
))
\Gm@cnth=\count187
\Gm@cntv=\count188
\c@Gm@tempcnt=\count189
\Gm@bindingoffset=\dimen139
\Gm@wd@mp=\dimen140
\Gm@odd@mp=\dimen141
\Gm@even@mp=\dimen142
\Gm@layoutwidth=\dimen143
\Gm@layoutheight=\dimen144
\Gm@layouthoffset=\dimen145
\Gm@layoutvoffset=\dimen146
\Gm@dimlist=\toks16
)
(/gnu/store/62p0ys0vb83hjxryj3nmicdniqga7km7-texlive-texmf-20210325/share/texmf
-dist/tex/latex/tex-gyre/tgpagella.sty
Package: tgpagella 2009/09/27 v1.2 TeX Gyre Pagella as default roman family

(/gnu/store/62p0ys0vb83hjxryj3nmicdniqga7km7-texlive-texmf-20210325/share/texmf
-dist/tex/latex/kvoptions/kvoptions.sty
Package: kvoptions 2020-10-07 v3.14 Key value format for package options (HO)

(/gnu/store/62p0ys0vb83hjxryj3nmicdniqga7km7-texlive-texmf-20210325/share/texmf
-dist/tex/generic/ltxcmds/ltxcmds.sty
Package: ltxcmds 2020-05-10 v1.25 LaTeX kernel commands for general use (HO)
)
(/gnu/store/62p0ys0vb83hjxryj3nmicdniqga7km7-texlive-texmf-20210325/share/texmf
-dist/tex/generic/kvsetkeys/kvsetkeys.sty
Package: kvsetkeys 2019/12/15 v1.18 Key value parser (HO)
)))
(/gnu/store/62p0ys0vb83hjxryj3nmicdniqga7km7-texlive-texmf-20210325/share/texmf
-dist/tex/latex/amsmath/amsmath.sty
Package: amsmath 2020/09/23 v2.17i AMS math features
\@mathmargin=\skip49

For additional information on amsmath, use the `?' option.

(/gnu/store/62p0ys0vb83hjxryj3nmicdniqga7km7-texlive-texmf-20210325/share/texmf
-dist/tex/latex/amsmath/amstext.sty
Package: amstext 2000/06/29 v2.01 AMS text

(/gnu/store/62p0ys0vb83hjxryj3nmicdniqga7km7-texlive-texmf-20210325/share/texmf
-dist/tex/latex/amsmath/amsgen.sty
File: amsgen.sty 1999/11/30 v2.0 generic functions
\@emptytoks=\toks17
\ex@=\dimen147
))
(/gnu/store/62p0ys0vb83hjxryj3nmicdniqga7km7-texlive-texmf-20210325/share/texmf
-dist/tex/latex/amsmath/amsbsy.sty
Package: amsbsy 1999/11/29 v1.2d Bold Symbols
\pmbraise@=\dimen148
)
(/gnu/store/62p0ys0vb83hjxryj3nmicdniqga7km7-texlive-texmf-20210325/share/texmf
-dist/tex/latex/amsmath/amsopn.sty
Package: amsopn 2016/03/08 v2.02 operator names
)
\inf@bad=\count190
LaTeX Info: Redefining \frac on input line 234.
\uproot@=\count191
\leftroot@=\count192
LaTeX Info: Redefining \overline on input line 399.
\classnum@=\count193
\DOTSCASE@=\count194
LaTeX Info: Redefining \ldots on input line 496.
LaTeX Info: Redefining \dots on input line 499.
LaTeX Info: Redefining \cdots on input line 620.
\Mathstrutbox@=\box47
\strutbox@=\box48
\big@size=\dimen149
LaTeX Font Info:    Redeclaring font encoding OML on input line 743.
LaTeX Font Info:    Redeclaring font encoding OMS on input line 744.
\macc@depth=\count195
\c@MaxMatrixCols=\count196
\dotsspace@=\muskip16
\c@parentequation=\count197
\dspbrk@lvl=\count198
\tag@help=\toks18
\row@=\count199
\column@=\count266
\maxfields@=\count267
\andhelp@=\toks19
\eqnshift@=\dimen150
\alignsep@=\dimen151
\tagshift@=\dimen152
\tagwidth@=\dimen153
\totwidth@=\dimen154
\lineht@=\dimen155
\@envbody=\toks20
\multlinegap=\skip50
\multlinetaggap=\skip51
\mathdisplay@stack=\toks21
LaTeX Info: Redefining \[ on input line 2923.
LaTeX Info: Redefining \] on input line 2924.
)
(/gnu/store/62p0ys0vb83hjxryj3nmicdniqga7km7-texlive-texmf-20210325/share/texmf
-dist/tex/latex/amscls/amsthm.sty
Package: amsthm 2020/05/29 v2.20.6
\thm@style=\toks22
\thm@bodyfont=\toks23
\thm@headfont=\toks24
\thm@notefont=\toks25
\thm@headpunct=\toks26
\thm@preskip=\skip52
\thm@postskip=\skip53
\thm@headsep=\skip54
\dth@everypar=\toks27
)
(/gnu/store/62p0ys0vb83hjxryj3nmicdniqga7km7-texlive-texmf-20210325/share/texmf
-dist/tex/latex/amsfonts/amssymb.sty
Package: amssymb 2013/01/14 v3.01 AMS font symbols

(/gnu/store/62p0ys0vb83hjxryj3nmicdniqga7km7-texlive-texmf-20210325/share/texmf
-dist/tex/latex/amsfonts/amsfonts.sty
Package: amsfonts 2013/01/14 v3.01 Basic AMSFonts support
\symAMSa=\mathgroup4
\symAMSb=\mathgroup5
LaTeX Font Info:    Redeclaring math symbol \hbar on input line 98.
LaTeX Font Info:    Overwriting math alphabet `\mathfrak' in version `bold'
(Font)                  U/euf/m/n --> U/euf/b/n on input line 106.
))
(/gnu/store/62p0ys0vb83hjxryj3nmicdniqga7km7-texlive-texmf-20210325/share/texmf
-dist/tex/latex/siunitx/siunitx.sty
(/gnu/store/62p0ys0vb83hjxryj3nmicdniqga7km7-texlive-texmf-20210325/share/texmf
-dist/tex/latex/l3kernel/expl3.sty
Package: expl3 2021-02-18 L3 programming layer (loader) 

(/gnu/store/62p0ys0vb83hjxryj3nmicdniqga7km7-texlive-texmf-20210325/share/texmf
-dist/tex/latex/l3backend/l3backend-pdftex.def
File: l3backend-pdftex.def 2021-03-18 L3 backend support: PDF output (pdfTeX)
\l__color_backend_stack_int=\count268
\l__pdf_internal_box=\box49
))
(/gnu/store/62p0ys0vb83hjxryj3nmicdniqga7km7-texlive-texmf-20210325/share/texmf
-dist/tex/latex/l3packages/xparse/xparse.sty
(/gnu/store/62p0ys0vb83hjxryj3nmicdniqga7km7-texlive-texmf-20210325/share/texmf
-dist/tex/latex/l3packages/xparse/xparse-2020-10-01.sty
(/gnu/store/62p0ys0vb83hjxryj3nmicdniqga7km7-texlive-texmf-20210325/share/texmf
-dist/tex/latex/l3packages/xparse/xparse-generic.tex)))
Package: siunitx 2020/02/25 v2.8b A comprehensive (SI) units package

(/gnu/store/62p0ys0vb83hjxryj3nmicdniqga7km7-texlive-texmf-20210325/share/texmf
-dist/tex/latex/tools/array.sty
Package: array 2020/10/01 v2.5c Tabular extension package (FMi)
\col@sep=\dimen156
\ar@mcellbox=\box50
\extrarowheight=\dimen157
\NC@list=\toks28
\extratabsurround=\skip55
\backup@length=\skip56
\ar@cellbox=\box51
)
(/gnu/store/62p0ys0vb83hjxryj3nmicdniqga7km7-texlive-texmf-20210325/share/texmf
-dist/tex/latex/l3packages/l3keys2e/l3keys2e.sty
Package: l3keys2e 2021-03-12 LaTeX2e option processing using LaTeX3 keys
)
\l__siunitx_tmp_box=\box52
\l__siunitx_tmp_dim=\dimen158
\l__siunitx_tmp_int=\count269
\l__siunitx_number_mantissa_length_int=\count270
\l__siunitx_number_uncert_length_int=\count271
\l__siunitx_round_int=\count272
\l__siunitx_process_decimal_int=\count273
\l__siunitx_process_uncertainty_int=\count274
\l__siunitx_process_fixed_int=\count275
\l__siunitx_process_integer_min_int=\count276
\l__siunitx_process_precision_int=\count277
\l__siunitx_group_min_int=\count278
\l__siunitx_angle_marker_box=\box53
\l__siunitx_angle_unit_box=\box54
\l__siunitx_angle_marker_dim=\dimen159
\l__siunitx_angle_unit_dim=\dimen160
\l__siunitx_unit_int=\count279
\l__siunitx_unit_denominator_int=\count280
\l__siunitx_unit_numerator_int=\count281
\l__siunitx_unit_prefix_int=\count282
\l__siunitx_unit_prefix_base_int=\count283
\l__siunitx_unit_prefix_gram_int=\count284
\l__siunitx_number_product_int=\count285
\c__siunitx_one_fill_skip=\skip57
\l__siunitx_table_unit_align_skip=\skip58
\l__siunitx_table_exponent_dim=\dimen161
\l__siunitx_table_integer_dim=\dimen162
\l__siunitx_table_mantissa_dim=\dimen163
\l__siunitx_table_marker_dim=\dimen164
\l__siunitx_table_result_dim=\dimen165
\l__siunitx_table_uncert_dim=\dimen166
\l__siunitx_table_fill_pre_dim=\dimen167
\l__siunitx_table_fill_post_dim=\dimen168
\l__siunitx_table_fill_mid_dim=\dimen169
\l__siunitx_table_pre_box=\box55
\l__siunitx_table_post_box=\box56
\l__siunitx_table_mantissa_box=\box57
\l__siunitx_table_result_box=\box58
\l__siunitx_table_number_align_skip=\skip59
\l__siunitx_table_text_align_skip=\skip60

(/gnu/store/62p0ys0vb83hjxryj3nmicdniqga7km7-texlive-texmf-20210325/share/texmf
-dist/tex/latex/translator/translator.sty
Package: translator 2020-08-03 v1.12c Easy translation of strings in LaTeX
))
(/gnu/store/62p0ys0vb83hjxryj3nmicdniqga7km7-texlive-texmf-20210325/share/texmf
-dist/tex/latex/physics/physics.sty
Package: physics 
)
(/gnu/store/62p0ys0vb83hjxryj3nmicdniqga7km7-texlive-texmf-20210325/share/texmf
-dist/tex/latex/chemmacros/chemmacros.sty
Package: chemmacros 2020/11/21 v5.11a comprehensive support for typesetting che
mistry documents (CN)

(/gnu/store/62p0ys0vb83hjxryj3nmicdniqga7km7-texlive-texmf-20210325/share/texmf
-dist/tex/latex/chemmacros/chemmacros5.sty
Package: chemmacros5 2020/11/21 v5.11a comprehensive support for typesetting ch
emistry documents (CN)
\l__chemmacros_tmpa_dim=\dimen170
\l__chemmacros_tmpb_dim=\dimen171
\l__chemmacros_tmpc_dim=\dimen172
\l__chemmacros_tmpa_int=\count286
\l__chemmacros_tmpb_int=\count287
\l__chemmacros_tmpc_int=\count288
\l__chemmacros_tmpa_box=\box59
\l__chemmacros_tmpb_box=\box60
\l__chemmacros_tmpc_box=\box61
(chemmacros)    Loading module `base'...

(/gnu/store/62p0ys0vb83hjxryj3nmicdniqga7km7-texlive-texmf-20210325/share/texmf
-dist/tex/latex/chemmacros/chemmacros.module.base.code.tex
File: chemmacros.module.base.code.tex 2020/11/21 v5.11a chemmacros module `base
' 2020/02/02 basic chemmacros module

(/gnu/store/62p0ys0vb83hjxryj3nmicdniqga7km7-texlive-texmf-20210325/share/texmf
-dist/tex/latex/etoolbox/etoolbox.sty
Package: etoolbox 2020/10/05 v2.5k e-TeX tools for LaTeX (JAW)
\etb@tempcnta=\count289
)
(/gnu/store/62p0ys0vb83hjxryj3nmicdniqga7km7-texlive-texmf-20210325/share/texmf
-dist/tex/latex/koma-script/scrlfile.sty
Package: scrlfile 2021/03/17 v3.33 KOMA-Script package (file load hooks)

(/gnu/store/62p0ys0vb83hjxryj3nmicdniqga7km7-texlive-texmf-20210325/share/texmf
-dist/tex/latex/koma-script/scrlfile-hook.sty
Package: scrlfile-hook 2021/03/17 v3.33 KOMA-Script package (using LaTeX hooks)


(/gnu/store/62p0ys0vb83hjxryj3nmicdniqga7km7-texlive-texmf-20210325/share/texmf
-dist/tex/latex/koma-script/scrlogo.sty
Package: scrlogo 2021/03/17 v3.33 KOMA-Script package (logo)
)))
(/gnu/store/62p0ys0vb83hjxryj3nmicdniqga7km7-texlive-texmf-20210325/share/texmf
-dist/tex/latex/tools/bm.sty
Package: bm 2019/07/24 v1.2d Bold Symbol Support (DPC/FMi)
\symboldoperators=\mathgroup6
\symboldletters=\mathgroup7
\symboldsymbols=\mathgroup8
LaTeX Font Info:    Redeclaring math alphabet \mathbf on input line 141.
LaTeX Info: Redefining \bm on input line 209.
)
(chemmacros)    Loading module `errorcheck'...

(/gnu/store/62p0ys0vb83hjxryj3nmicdniqga7km7-texlive-texmf-20210325/share/texmf
-dist/tex/latex/chemmacros/chemmacros.module.errorcheck.code.tex
File: chemmacros.module.errorcheck.code.tex 2020/11/21 v5.11a chemmacros module
 `errorcheck' 2016/10/05 error checking for unloaded modules
))
(chemmacros)    Loading module `lang'...

(/gnu/store/62p0ys0vb83hjxryj3nmicdniqga7km7-texlive-texmf-20210325/share/texmf
-dist/tex/latex/chemmacros/chemmacros.module.lang.code.tex
File: chemmacros.module.lang.code.tex 2020/11/21 v5.11a chemmacros module `lang
' 2016/05/31 language settings for chemmacros

(/gnu/store/62p0ys0vb83hjxryj3nmicdniqga7km7-texlive-texmf-20210325/share/texmf
-dist/tex/latex/translations/translations.sty
Package: translations 2021/01/17 v1.10a internationalization of LaTeX2e package
s (CN)

(/gnu/store/62p0ys0vb83hjxryj3nmicdniqga7km7-texlive-texmf-20210325/share/texmf
-dist/tex/generic/pdftexcmds/pdftexcmds.sty
Package: pdftexcmds 2020-06-27 v0.33 Utility functions of pdfTeX for LuaTeX (HO
)

(/gnu/store/62p0ys0vb83hjxryj3nmicdniqga7km7-texlive-texmf-20210325/share/texmf
-dist/tex/generic/infwarerr/infwarerr.sty
Package: infwarerr 2019/12/03 v1.5 Providing info/warning/error messages (HO)
)
Package pdftexcmds Info: \pdf@primitive is available.
Package pdftexcmds Info: \pdf@ifprimitive is available.
Package pdftexcmds Info: \pdfdraftmode found.
)))
(chemmacros)    Loading module `greek'...

(/gnu/store/62p0ys0vb83hjxryj3nmicdniqga7km7-texlive-texmf-20210325/share/texmf
-dist/tex/latex/chemmacros/chemmacros.module.greek.code.tex
File: chemmacros.module.greek.code.tex 2020/11/21 v5.11a chemmacros module `gre
ek' 2020/02/02 upright greek symbols

(/gnu/store/62p0ys0vb83hjxryj3nmicdniqga7km7-texlive-texmf-20210325/share/texmf
-dist/tex/latex/chemgreek/chemgreek.sty
Package: chemgreek 2020/01/16 v1.1a interface for upright Greek letters for use
 in chemistry (CN)
\l__chemgreek_tmpa_int=\count290
\g__chemgreek_tmpa_int=\count291
))
(chemmacros)    Loading module `chemformula'...

(/gnu/store/62p0ys0vb83hjxryj3nmicdniqga7km7-texlive-texmf-20210325/share/texmf
-dist/tex/latex/chemmacros/chemmacros.module.chemformula.code.tex
File: chemmacros.module.chemformula.code.tex 2020/11/21 v5.11a chemmacros modul
e `chemformula' 2020/02/02 integration of chemical formulas
(chemmacros)    Loading module `charges'...

(/gnu/store/62p0ys0vb83hjxryj3nmicdniqga7km7-texlive-texmf-20210325/share/texmf
-dist/tex/latex/chemmacros/chemmacros.module.charges.code.tex
File: chemmacros.module.charges.code.tex 2020/11/21 v5.11a chemmacros module `c
harges' 2015/07/30 charges
))
(chemmacros)    Loading module `acid-base'...

(/gnu/store/62p0ys0vb83hjxryj3nmicdniqga7km7-texlive-texmf-20210325/share/texmf
-dist/tex/latex/chemmacros/chemmacros.module.acid-base.code.tex
File: chemmacros.module.acid-base.code.tex 2020/11/21 v5.11a chemmacros module 
`acid-base' 2018/02/22 acid/base
)
(chemmacros)    Loading module `symbols'...

(/gnu/store/62p0ys0vb83hjxryj3nmicdniqga7km7-texlive-texmf-20210325/share/texmf
-dist/tex/latex/chemmacros/chemmacros.module.symbols.code.tex
File: chemmacros.module.symbols.code.tex 2020/11/21 v5.11a chemmacros module `s
ymbols' 2015/06/09 symbols
)
(chemmacros)    Loading module `particles'...

(/gnu/store/62p0ys0vb83hjxryj3nmicdniqga7km7-texlive-texmf-20210325/share/texmf
-dist/tex/latex/chemmacros/chemmacros.module.particles.code.tex
File: chemmacros.module.particles.code.tex 2020/11/21 v5.11a chemmacros module 
`particles' 2016/04/02 particles
\l__chemmacros_nucleophile_dim=\dimen173
)
(chemmacros)    Loading module `phases'...

(/gnu/store/62p0ys0vb83hjxryj3nmicdniqga7km7-texlive-texmf-20210325/share/texmf
-dist/tex/latex/chemmacros/chemmacros.module.phases.code.tex
File: chemmacros.module.phases.code.tex 2020/11/21 v5.11a chemmacros module `ph
ases' 2016/05/31 phase descriptors
\l__chemmacros_phases_space_dim=\dimen174
)
(chemmacros)    Loading module `nomenclature'...

(/gnu/store/62p0ys0vb83hjxryj3nmicdniqga7km7-texlive-texmf-20210325/share/texmf
-dist/tex/latex/chemmacros/chemmacros.module.nomenclature.code.tex
File: chemmacros.module.nomenclature.code.tex 2020/11/21 v5.11a chemmacros modu
le `nomenclature' 2017/06/11 chemical names
(chemmacros)    Loading module `tikz'...

(/gnu/store/62p0ys0vb83hjxryj3nmicdniqga7km7-texlive-texmf-20210325/share/texmf
-dist/tex/latex/chemmacros/chemmacros.module.tikz.code.tex
File: chemmacros.module.tikz.code.tex 2020/11/21 v5.11a chemmacros module `tikz
' 2015/10/26 upright greek symbols

(/gnu/store/62p0ys0vb83hjxryj3nmicdniqga7km7-texlive-texmf-20210325/share/texmf
-dist/tex/latex/pgf/frontendlayer/tikz.sty
(/gnu/store/62p0ys0vb83hjxryj3nmicdniqga7km7-texlive-texmf-20210325/share/texmf
-dist/tex/latex/pgf/basiclayer/pgf.sty
(/gnu/store/62p0ys0vb83hjxryj3nmicdniqga7km7-texlive-texmf-20210325/share/texmf
-dist/tex/latex/pgf/utilities/pgfrcs.sty
(/gnu/store/62p0ys0vb83hjxryj3nmicdniqga7km7-texlive-texmf-20210325/share/texmf
-dist/tex/generic/pgf/utilities/pgfutil-common.tex
\pgfutil@everybye=\toks29
\pgfutil@tempdima=\dimen175
\pgfutil@tempdimb=\dimen176

(/gnu/store/62p0ys0vb83hjxryj3nmicdniqga7km7-texlive-texmf-20210325/share/texmf
-dist/tex/generic/pgf/utilities/pgfutil-common-lists.tex))
(/gnu/store/62p0ys0vb83hjxryj3nmicdniqga7km7-texlive-texmf-20210325/share/texmf
-dist/tex/generic/pgf/utilities/pgfutil-latex.def
\pgfutil@abb=\box62
)
(/gnu/store/62p0ys0vb83hjxryj3nmicdniqga7km7-texlive-texmf-20210325/share/texmf
-dist/tex/generic/pgf/utilities/pgfrcs.code.tex
(/gnu/store/62p0ys0vb83hjxryj3nmicdniqga7km7-texlive-texmf-20210325/share/texmf
-dist/tex/generic/pgf/pgf.revision.tex)
Package: pgfrcs 2020/12/27 v3.1.8b (3.1.8b)
))
Package: pgf 2020/12/27 v3.1.8b (3.1.8b)

(/gnu/store/62p0ys0vb83hjxryj3nmicdniqga7km7-texlive-texmf-20210325/share/texmf
-dist/tex/latex/pgf/basiclayer/pgfcore.sty
(/gnu/store/62p0ys0vb83hjxryj3nmicdniqga7km7-texlive-texmf-20210325/share/texmf
-dist/tex/latex/graphics/graphicx.sty
Package: graphicx 2020/09/09 v1.2b Enhanced LaTeX Graphics (DPC,SPQR)

(/gnu/store/62p0ys0vb83hjxryj3nmicdniqga7km7-texlive-texmf-20210325/share/texmf
-dist/tex/latex/graphics/graphics.sty
Package: graphics 2020/08/30 v1.4c Standard LaTeX Graphics (DPC,SPQR)

(/gnu/store/62p0ys0vb83hjxryj3nmicdniqga7km7-texlive-texmf-20210325/share/texmf
-dist/tex/latex/graphics/trig.sty
Package: trig 2016/01/03 v1.10 sin cos tan (DPC)
)
(/gnu/store/62p0ys0vb83hjxryj3nmicdniqga7km7-texlive-texmf-20210325/share/texmf
-dist/tex/latex/graphics-cfg/graphics.cfg
File: graphics.cfg 2016/06/04 v1.11 sample graphics configuration
)
Package graphics Info: Driver file: pdftex.def on input line 105.

(/gnu/store/62p0ys0vb83hjxryj3nmicdniqga7km7-texlive-texmf-20210325/share/texmf
-dist/tex/latex/graphics-def/pdftex.def
File: pdftex.def 2020/10/05 v1.2a Graphics/color driver for pdftex
))
\Gin@req@height=\dimen177
\Gin@req@width=\dimen178
)
(/gnu/store/62p0ys0vb83hjxryj3nmicdniqga7km7-texlive-texmf-20210325/share/texmf
-dist/tex/latex/pgf/systemlayer/pgfsys.sty
(/gnu/store/62p0ys0vb83hjxryj3nmicdniqga7km7-texlive-texmf-20210325/share/texmf
-dist/tex/generic/pgf/systemlayer/pgfsys.code.tex
Package: pgfsys 2020/12/27 v3.1.8b (3.1.8b)

(/gnu/store/62p0ys0vb83hjxryj3nmicdniqga7km7-texlive-texmf-20210325/share/texmf
-dist/tex/generic/pgf/utilities/pgfkeys.code.tex
\pgfkeys@pathtoks=\toks30
\pgfkeys@temptoks=\toks31

(/gnu/store/62p0ys0vb83hjxryj3nmicdniqga7km7-texlive-texmf-20210325/share/texmf
-dist/tex/generic/pgf/utilities/pgfkeysfiltered.code.tex
\pgfkeys@tmptoks=\toks32
))
\pgf@x=\dimen179
\pgf@y=\dimen180
\pgf@xa=\dimen181
\pgf@ya=\dimen182
\pgf@xb=\dimen183
\pgf@yb=\dimen184
\pgf@xc=\dimen185
\pgf@yc=\dimen186
\pgf@xd=\dimen187
\pgf@yd=\dimen188
\w@pgf@writea=\write3
\r@pgf@reada=\read2
\c@pgf@counta=\count292
\c@pgf@countb=\count293
\c@pgf@countc=\count294
\c@pgf@countd=\count295
\t@pgf@toka=\toks33
\t@pgf@tokb=\toks34
\t@pgf@tokc=\toks35
\pgf@sys@id@count=\count296

(/gnu/store/62p0ys0vb83hjxryj3nmicdniqga7km7-texlive-texmf-20210325/share/texmf
-dist/tex/generic/pgf/systemlayer/pgf.cfg
File: pgf.cfg 2020/12/27 v3.1.8b (3.1.8b)
)
Driver file for pgf: pgfsys-pdftex.def

(/gnu/store/62p0ys0vb83hjxryj3nmicdniqga7km7-texlive-texmf-20210325/share/texmf
-dist/tex/generic/pgf/systemlayer/pgfsys-pdftex.def
File: pgfsys-pdftex.def 2020/12/27 v3.1.8b (3.1.8b)

(/gnu/store/62p0ys0vb83hjxryj3nmicdniqga7km7-texlive-texmf-20210325/share/texmf
-dist/tex/generic/pgf/systemlayer/pgfsys-common-pdf.def
File: pgfsys-common-pdf.def 2020/12/27 v3.1.8b (3.1.8b)
)))
(/gnu/store/62p0ys0vb83hjxryj3nmicdniqga7km7-texlive-texmf-20210325/share/texmf
-dist/tex/generic/pgf/systemlayer/pgfsyssoftpath.code.tex
File: pgfsyssoftpath.code.tex 2020/12/27 v3.1.8b (3.1.8b)
\pgfsyssoftpath@smallbuffer@items=\count297
\pgfsyssoftpath@bigbuffer@items=\count298
)
(/gnu/store/62p0ys0vb83hjxryj3nmicdniqga7km7-texlive-texmf-20210325/share/texmf
-dist/tex/generic/pgf/systemlayer/pgfsysprotocol.code.tex
File: pgfsysprotocol.code.tex 2020/12/27 v3.1.8b (3.1.8b)
))
(/gnu/store/62p0ys0vb83hjxryj3nmicdniqga7km7-texlive-texmf-20210325/share/texmf
-dist/tex/latex/xcolor/xcolor.sty
Package: xcolor 2016/05/11 v2.12 LaTeX color extensions (UK)

(/gnu/store/62p0ys0vb83hjxryj3nmicdniqga7km7-texlive-texmf-20210325/share/texmf
-dist/tex/latex/graphics-cfg/color.cfg
File: color.cfg 2016/01/02 v1.6 sample color configuration
)
Package xcolor Info: Driver file: pdftex.def on input line 225.
Package xcolor Info: Model `cmy' substituted by `cmy0' on input line 1348.
Package xcolor Info: Model `hsb' substituted by `rgb' on input line 1352.
Package xcolor Info: Model `RGB' extended on input line 1364.
Package xcolor Info: Model `HTML' substituted by `rgb' on input line 1366.
Package xcolor Info: Model `Hsb' substituted by `hsb' on input line 1367.
Package xcolor Info: Model `tHsb' substituted by `hsb' on input line 1368.
Package xcolor Info: Model `HSB' substituted by `hsb' on input line 1369.
Package xcolor Info: Model `Gray' substituted by `gray' on input line 1370.
Package xcolor Info: Model `wave' substituted by `hsb' on input line 1371.
)
(/gnu/store/62p0ys0vb83hjxryj3nmicdniqga7km7-texlive-texmf-20210325/share/texmf
-dist/tex/generic/pgf/basiclayer/pgfcore.code.tex
Package: pgfcore 2020/12/27 v3.1.8b (3.1.8b)

(/gnu/store/62p0ys0vb83hjxryj3nmicdniqga7km7-texlive-texmf-20210325/share/texmf
-dist/tex/generic/pgf/math/pgfmath.code.tex
(/gnu/store/62p0ys0vb83hjxryj3nmicdniqga7km7-texlive-texmf-20210325/share/texmf
-dist/tex/generic/pgf/math/pgfmathcalc.code.tex
(/gnu/store/62p0ys0vb83hjxryj3nmicdniqga7km7-texlive-texmf-20210325/share/texmf
-dist/tex/generic/pgf/math/pgfmathutil.code.tex)
(/gnu/store/62p0ys0vb83hjxryj3nmicdniqga7km7-texlive-texmf-20210325/share/texmf
-dist/tex/generic/pgf/math/pgfmathparser.code.tex
\pgfmath@dimen=\dimen189
\pgfmath@count=\count299
\pgfmath@box=\box63
\pgfmath@toks=\toks36
\pgfmath@stack@operand=\toks37
\pgfmath@stack@operation=\toks38
)
(/gnu/store/62p0ys0vb83hjxryj3nmicdniqga7km7-texlive-texmf-20210325/share/texmf
-dist/tex/generic/pgf/math/pgfmathfunctions.code.tex
(/gnu/store/62p0ys0vb83hjxryj3nmicdniqga7km7-texlive-texmf-20210325/share/texmf
-dist/tex/generic/pgf/math/pgfmathfunctions.basic.code.tex)
(/gnu/store/62p0ys0vb83hjxryj3nmicdniqga7km7-texlive-texmf-20210325/share/texmf
-dist/tex/generic/pgf/math/pgfmathfunctions.trigonometric.code.tex)
(/gnu/store/62p0ys0vb83hjxryj3nmicdniqga7km7-texlive-texmf-20210325/share/texmf
-dist/tex/generic/pgf/math/pgfmathfunctions.random.code.tex)
(/gnu/store/62p0ys0vb83hjxryj3nmicdniqga7km7-texlive-texmf-20210325/share/texmf
-dist/tex/generic/pgf/math/pgfmathfunctions.comparison.code.tex)
(/gnu/store/62p0ys0vb83hjxryj3nmicdniqga7km7-texlive-texmf-20210325/share/texmf
-dist/tex/generic/pgf/math/pgfmathfunctions.base.code.tex)
(/gnu/store/62p0ys0vb83hjxryj3nmicdniqga7km7-texlive-texmf-20210325/share/texmf
-dist/tex/generic/pgf/math/pgfmathfunctions.round.code.tex)
(/gnu/store/62p0ys0vb83hjxryj3nmicdniqga7km7-texlive-texmf-20210325/share/texmf
-dist/tex/generic/pgf/math/pgfmathfunctions.misc.code.tex)
(/gnu/store/62p0ys0vb83hjxryj3nmicdniqga7km7-texlive-texmf-20210325/share/texmf
-dist/tex/generic/pgf/math/pgfmathfunctions.integerarithmetics.code.tex)))
(/gnu/store/62p0ys0vb83hjxryj3nmicdniqga7km7-texlive-texmf-20210325/share/texmf
-dist/tex/generic/pgf/math/pgfmathfloat.code.tex
\c@pgfmathroundto@lastzeros=\count300
))
(/gnu/store/62p0ys0vb83hjxryj3nmicdniqga7km7-texlive-texmf-20210325/share/texmf
-dist/tex/generic/pgf/math/pgfint.code.tex)
(/gnu/store/62p0ys0vb83hjxryj3nmicdniqga7km7-texlive-texmf-20210325/share/texmf
-dist/tex/generic/pgf/basiclayer/pgfcorepoints.code.tex
File: pgfcorepoints.code.tex 2020/12/27 v3.1.8b (3.1.8b)
\pgf@picminx=\dimen190
\pgf@picmaxx=\dimen191
\pgf@picminy=\dimen192
\pgf@picmaxy=\dimen193
\pgf@pathminx=\dimen194
\pgf@pathmaxx=\dimen195
\pgf@pathminy=\dimen196
\pgf@pathmaxy=\dimen197
\pgf@xx=\dimen198
\pgf@xy=\dimen199
\pgf@yx=\dimen256
\pgf@yy=\dimen257
\pgf@zx=\dimen258
\pgf@zy=\dimen259
LaTeX Font Info:    Trying to load font information for OT1+qpl on input line 9
26.

(/gnu/store/62p0ys0vb83hjxryj3nmicdniqga7km7-texlive-texmf-20210325/share/texmf
-dist/tex/latex/tex-gyre/ot1qpl.fd
File: ot1qpl.fd 2009/09/25 v1.2 font definition file for OT1/qpl
))
(/gnu/store/62p0ys0vb83hjxryj3nmicdniqga7km7-texlive-texmf-20210325/share/texmf
-dist/tex/generic/pgf/basiclayer/pgfcorepathconstruct.code.tex
File: pgfcorepathconstruct.code.tex 2020/12/27 v3.1.8b (3.1.8b)
\pgf@path@lastx=\dimen260
\pgf@path@lasty=\dimen261
)
(/gnu/store/62p0ys0vb83hjxryj3nmicdniqga7km7-texlive-texmf-20210325/share/texmf
-dist/tex/generic/pgf/basiclayer/pgfcorepathusage.code.tex
File: pgfcorepathusage.code.tex 2020/12/27 v3.1.8b (3.1.8b)
\pgf@shorten@end@additional=\dimen262
\pgf@shorten@start@additional=\dimen263
)
(/gnu/store/62p0ys0vb83hjxryj3nmicdniqga7km7-texlive-texmf-20210325/share/texmf
-dist/tex/generic/pgf/basiclayer/pgfcorescopes.code.tex
File: pgfcorescopes.code.tex 2020/12/27 v3.1.8b (3.1.8b)
\pgfpic=\box64
\pgf@hbox=\box65
\pgf@layerbox@main=\box66
\pgf@picture@serial@count=\count301
)
(/gnu/store/62p0ys0vb83hjxryj3nmicdniqga7km7-texlive-texmf-20210325/share/texmf
-dist/tex/generic/pgf/basiclayer/pgfcoregraphicstate.code.tex
File: pgfcoregraphicstate.code.tex 2020/12/27 v3.1.8b (3.1.8b)
\pgflinewidth=\dimen264
)
(/gnu/store/62p0ys0vb83hjxryj3nmicdniqga7km7-texlive-texmf-20210325/share/texmf
-dist/tex/generic/pgf/basiclayer/pgfcoretransformations.code.tex
File: pgfcoretransformations.code.tex 2020/12/27 v3.1.8b (3.1.8b)
\pgf@pt@x=\dimen265
\pgf@pt@y=\dimen266
\pgf@pt@temp=\dimen267
)
(/gnu/store/62p0ys0vb83hjxryj3nmicdniqga7km7-texlive-texmf-20210325/share/texmf
-dist/tex/generic/pgf/basiclayer/pgfcorequick.code.tex
File: pgfcorequick.code.tex 2020/12/27 v3.1.8b (3.1.8b)
)
(/gnu/store/62p0ys0vb83hjxryj3nmicdniqga7km7-texlive-texmf-20210325/share/texmf
-dist/tex/generic/pgf/basiclayer/pgfcoreobjects.code.tex
File: pgfcoreobjects.code.tex 2020/12/27 v3.1.8b (3.1.8b)
)
(/gnu/store/62p0ys0vb83hjxryj3nmicdniqga7km7-texlive-texmf-20210325/share/texmf
-dist/tex/generic/pgf/basiclayer/pgfcorepathprocessing.code.tex
File: pgfcorepathprocessing.code.tex 2020/12/27 v3.1.8b (3.1.8b)
)
(/gnu/store/62p0ys0vb83hjxryj3nmicdniqga7km7-texlive-texmf-20210325/share/texmf
-dist/tex/generic/pgf/basiclayer/pgfcorearrows.code.tex
File: pgfcorearrows.code.tex 2020/12/27 v3.1.8b (3.1.8b)
\pgfarrowsep=\dimen268
)
(/gnu/store/62p0ys0vb83hjxryj3nmicdniqga7km7-texlive-texmf-20210325/share/texmf
-dist/tex/generic/pgf/basiclayer/pgfcoreshade.code.tex
File: pgfcoreshade.code.tex 2020/12/27 v3.1.8b (3.1.8b)
\pgf@max=\dimen269
\pgf@sys@shading@range@num=\count302
\pgf@shadingcount=\count303
)
(/gnu/store/62p0ys0vb83hjxryj3nmicdniqga7km7-texlive-texmf-20210325/share/texmf
-dist/tex/generic/pgf/basiclayer/pgfcoreimage.code.tex
File: pgfcoreimage.code.tex 2020/12/27 v3.1.8b (3.1.8b)

(/gnu/store/62p0ys0vb83hjxryj3nmicdniqga7km7-texlive-texmf-20210325/share/texmf
-dist/tex/generic/pgf/basiclayer/pgfcoreexternal.code.tex
File: pgfcoreexternal.code.tex 2020/12/27 v3.1.8b (3.1.8b)
\pgfexternal@startupbox=\box67
))
(/gnu/store/62p0ys0vb83hjxryj3nmicdniqga7km7-texlive-texmf-20210325/share/texmf
-dist/tex/generic/pgf/basiclayer/pgfcorelayers.code.tex
File: pgfcorelayers.code.tex 2020/12/27 v3.1.8b (3.1.8b)
)
(/gnu/store/62p0ys0vb83hjxryj3nmicdniqga7km7-texlive-texmf-20210325/share/texmf
-dist/tex/generic/pgf/basiclayer/pgfcoretransparency.code.tex
File: pgfcoretransparency.code.tex 2020/12/27 v3.1.8b (3.1.8b)
)
(/gnu/store/62p0ys0vb83hjxryj3nmicdniqga7km7-texlive-texmf-20210325/share/texmf
-dist/tex/generic/pgf/basiclayer/pgfcorepatterns.code.tex
File: pgfcorepatterns.code.tex 2020/12/27 v3.1.8b (3.1.8b)
)
(/gnu/store/62p0ys0vb83hjxryj3nmicdniqga7km7-texlive-texmf-20210325/share/texmf
-dist/tex/generic/pgf/basiclayer/pgfcorerdf.code.tex
File: pgfcorerdf.code.tex 2020/12/27 v3.1.8b (3.1.8b)
)))
(/gnu/store/62p0ys0vb83hjxryj3nmicdniqga7km7-texlive-texmf-20210325/share/texmf
-dist/tex/generic/pgf/modules/pgfmoduleshapes.code.tex
File: pgfmoduleshapes.code.tex 2020/12/27 v3.1.8b (3.1.8b)
\pgfnodeparttextbox=\box68
)
(/gnu/store/62p0ys0vb83hjxryj3nmicdniqga7km7-texlive-texmf-20210325/share/texmf
-dist/tex/generic/pgf/modules/pgfmoduleplot.code.tex
File: pgfmoduleplot.code.tex 2020/12/27 v3.1.8b (3.1.8b)
)
(/gnu/store/62p0ys0vb83hjxryj3nmicdniqga7km7-texlive-texmf-20210325/share/texmf
-dist/tex/latex/pgf/compatibility/pgfcomp-version-0-65.sty
Package: pgfcomp-version-0-65 2020/12/27 v3.1.8b (3.1.8b)
\pgf@nodesepstart=\dimen270
\pgf@nodesepend=\dimen271
)
(/gnu/store/62p0ys0vb83hjxryj3nmicdniqga7km7-texlive-texmf-20210325/share/texmf
-dist/tex/latex/pgf/compatibility/pgfcomp-version-1-18.sty
Package: pgfcomp-version-1-18 2020/12/27 v3.1.8b (3.1.8b)
))
(/gnu/store/62p0ys0vb83hjxryj3nmicdniqga7km7-texlive-texmf-20210325/share/texmf
-dist/tex/latex/pgf/utilities/pgffor.sty
(/gnu/store/62p0ys0vb83hjxryj3nmicdniqga7km7-texlive-texmf-20210325/share/texmf
-dist/tex/latex/pgf/utilities/pgfkeys.sty
(/gnu/store/62p0ys0vb83hjxryj3nmicdniqga7km7-texlive-texmf-20210325/share/texmf
-dist/tex/generic/pgf/utilities/pgfkeys.code.tex))
(/gnu/store/62p0ys0vb83hjxryj3nmicdniqga7km7-texlive-texmf-20210325/share/texmf
-dist/tex/latex/pgf/math/pgfmath.sty
(/gnu/store/62p0ys0vb83hjxryj3nmicdniqga7km7-texlive-texmf-20210325/share/texmf
-dist/tex/generic/pgf/math/pgfmath.code.tex))
(/gnu/store/62p0ys0vb83hjxryj3nmicdniqga7km7-texlive-texmf-20210325/share/texmf
-dist/tex/generic/pgf/utilities/pgffor.code.tex
Package: pgffor 2020/12/27 v3.1.8b (3.1.8b)

(/gnu/store/62p0ys0vb83hjxryj3nmicdniqga7km7-texlive-texmf-20210325/share/texmf
-dist/tex/generic/pgf/math/pgfmath.code.tex)
\pgffor@iter=\dimen272
\pgffor@skip=\dimen273
\pgffor@stack=\toks39
\pgffor@toks=\toks40
))
(/gnu/store/62p0ys0vb83hjxryj3nmicdniqga7km7-texlive-texmf-20210325/share/texmf
-dist/tex/generic/pgf/frontendlayer/tikz/tikz.code.tex
Package: tikz 2020/12/27 v3.1.8b (3.1.8b)

(/gnu/store/62p0ys0vb83hjxryj3nmicdniqga7km7-texlive-texmf-20210325/share/texmf
-dist/tex/generic/pgf/libraries/pgflibraryplothandlers.code.tex
File: pgflibraryplothandlers.code.tex 2020/12/27 v3.1.8b (3.1.8b)
\pgf@plot@mark@count=\count304
\pgfplotmarksize=\dimen274
)
\tikz@lastx=\dimen275
\tikz@lasty=\dimen276
\tikz@lastxsaved=\dimen277
\tikz@lastysaved=\dimen278
\tikz@lastmovetox=\dimen279
\tikz@lastmovetoy=\dimen280
\tikzleveldistance=\dimen281
\tikzsiblingdistance=\dimen282
\tikz@figbox=\box69
\tikz@figbox@bg=\box70
\tikz@tempbox=\box71
\tikz@tempbox@bg=\box72
\tikztreelevel=\count305
\tikznumberofchildren=\count306
\tikznumberofcurrentchild=\count307
\tikz@fig@count=\count308

(/gnu/store/62p0ys0vb83hjxryj3nmicdniqga7km7-texlive-texmf-20210325/share/texmf
-dist/tex/generic/pgf/modules/pgfmodulematrix.code.tex
File: pgfmodulematrix.code.tex 2020/12/27 v3.1.8b (3.1.8b)
\pgfmatrixcurrentrow=\count309
\pgfmatrixcurrentcolumn=\count310
\pgf@matrix@numberofcolumns=\count311
)
\tikz@expandcount=\count312

(/gnu/store/62p0ys0vb83hjxryj3nmicdniqga7km7-texlive-texmf-20210325/share/texmf
-dist/tex/generic/pgf/frontendlayer/tikz/libraries/tikzlibrarytopaths.code.tex
File: tikzlibrarytopaths.code.tex 2020/12/27 v3.1.8b (3.1.8b)
)))
(/gnu/store/62p0ys0vb83hjxryj3nmicdniqga7km7-texlive-texmf-20210325/share/texmf
-dist/tex/generic/pgf/frontendlayer/tikz/libraries/tikzlibrarycalc.code.tex
File: tikzlibrarycalc.code.tex 2020/12/27 v3.1.8b (3.1.8b)
)
(/gnu/store/62p0ys0vb83hjxryj3nmicdniqga7km7-texlive-texmf-20210325/share/texmf
-dist/tex/generic/pgf/frontendlayer/tikz/libraries/tikzlibrarydecorations.pathm
orphing.code.tex
(/gnu/store/62p0ys0vb83hjxryj3nmicdniqga7km7-texlive-texmf-20210325/share/texmf
-dist/tex/generic/pgf/frontendlayer/tikz/libraries/tikzlibrarydecorations.code.
tex
(/gnu/store/62p0ys0vb83hjxryj3nmicdniqga7km7-texlive-texmf-20210325/share/texmf
-dist/tex/generic/pgf/modules/pgfmoduledecorations.code.tex
\pgfdecoratedcompleteddistance=\dimen283
\pgfdecoratedremainingdistance=\dimen284
\pgfdecoratedinputsegmentcompleteddistance=\dimen285
\pgfdecoratedinputsegmentremainingdistance=\dimen286
\pgf@decorate@distancetomove=\dimen287
\pgf@decorate@repeatstate=\count313
\pgfdecorationsegmentamplitude=\dimen288
\pgfdecorationsegmentlength=\dimen289
)
\tikz@lib@dec@box=\box73
)
(/gnu/store/62p0ys0vb83hjxryj3nmicdniqga7km7-texlive-texmf-20210325/share/texmf
-dist/tex/generic/pgf/libraries/decorations/pgflibrarydecorations.pathmorphing.
code.tex))
\l__chemmacros_el_length_dim=\dimen290
)
\l__chemmacros_cip_kern_dim=\dimen291
\l__chemmacros_iupac_hyphen_pre_dim=\dimen292
\l__chemmacros_iupac_hyphen_post_dim=\dimen293
\l__chemmacros_iupac_break_dim=\dimen294
\l__chemmacros_iupac_break_skip=\skip61
)))
\c@prob=\count314
\c@lem=\count315
Package translations Info: No language package found. I am going to use `englis
h' as default language. on input line 20.

Package chemmacros Info: You haven't chosen a formula method so I'm assuming
(chemmacros)             the default method `chemformula'.


(/gnu/store/62p0ys0vb83hjxryj3nmicdniqga7km7-texlive-texmf-20210325/share/texmf
-dist/tex/latex/chemformula/chemformula.sty
(/gnu/store/62p0ys0vb83hjxryj3nmicdniqga7km7-texlive-texmf-20210325/share/texmf
-dist/tex/latex/l3packages/xfrac/xfrac.sty
(/gnu/store/62p0ys0vb83hjxryj3nmicdniqga7km7-texlive-texmf-20210325/share/texmf
-dist/tex/latex/base/textcomp.sty
Package: textcomp 2020/02/02 v2.0n Standard LaTeX package
)
(/gnu/store/62p0ys0vb83hjxryj3nmicdniqga7km7-texlive-texmf-20210325/share/texmf
-dist/tex/latex/l3packages/xtemplate/xtemplate.sty
Package: xtemplate 2021-03-12 L3 Experimental prototype document functions
\l__xtemplate_tmp_dim=\dimen295
\l__xtemplate_tmp_int=\count316
\l__xtemplate_tmp_muskip=\muskip17
\l__xtemplate_tmp_skip=\skip62
)
Package: xfrac 2021-03-12 L3 Experimental split-level fractions
\l__xfrac_slash_box=\box74
\l__xfrac_tmp_box=\box75
\l__xfrac_denominator_bot_sep_dim=\dimen296
\l__xfrac_numerator_bot_sep_dim=\dimen297
\l__xfrac_numerator_top_sep_dim=\dimen298
\l__xfrac_slash_left_sep_dim=\dimen299
\l__xfrac_slash_right_sep_dim=\dimen300
\l__xfrac_slash_left_muskip=\muskip18
\l__xfrac_slash_right_muskip=\muskip19

Package xtemplate Info: Declaring object type 'xfrac' taking 3 argument(s) on
(xtemplate)             line 80.

)
(/gnu/store/62p0ys0vb83hjxryj3nmicdniqga7km7-texlive-texmf-20210325/share/texmf
-dist/tex/latex/units/nicefrac.sty
Package: nicefrac 1998/08/04 v0.9b Nice fractions
\L@UnitsRaiseDisplaystyle=\skip63
\L@UnitsRaiseTextstyle=\skip64
\L@UnitsRaiseScriptstyle=\skip65

(/gnu/store/62p0ys0vb83hjxryj3nmicdniqga7km7-texlive-texmf-20210325/share/texmf
-dist/tex/latex/base/ifthen.sty
Package: ifthen 2014/09/29 v1.1c Standard LaTeX ifthen package (DPC)
))
(/gnu/store/62p0ys0vb83hjxryj3nmicdniqga7km7-texlive-texmf-20210325/share/texmf
-dist/tex/generic/pgf/libraries/pgflibraryarrows.meta.code.tex
File: pgflibraryarrows.meta.code.tex 2020/12/27 v3.1.8b (3.1.8b)
\pgfarrowinset=\dimen301
\pgfarrowlength=\dimen302
\pgfarrowwidth=\dimen303
\pgfarrowlinewidth=\dimen304
)
Package: chemformula 2020/12/22 v4.16 typeset chemical compounds and reactions 
(CN)
\l__chemformula_tmpa_dim=\dimen305
\l__chemformula_tmpb_dim=\dimen306
\l__chemformula_tmpc_dim=\dimen307
\l__chemformula_tmpa_int=\count317
\l__chemformula_tmpb_int=\count318
\l__chemformula_tmpc_int=\count319
\l__chemformula_tmpa_box=\box76
\l__chemformula_tmpb_box=\box77
\l__chemformula_arrow_length_dim=\dimen308
\l__chemformula_arrow_label_height_dim=\dimen309
\l__chemformula_arrow_label_offset_dim=\dimen310
\l__chemformula_arrow_minimum_length_dim=\dimen311
\l__chemformula_arrow_shortage_dim=\dimen312
\l__chemformula_arrow_offset_dim=\dimen313
\l__chemformula_arrow_yshift_dim=\dimen314
\l__chemformula_radical_radius_dim=\dimen315
\l__chemformula_radical_hshift_dim=\dimen316
\l__chemformula_radical_vshift_dim=\dimen317
\l__chemformula_radical_space_dim=\dimen318
\l__chemformula_arrow_head_dim=\dimen319
\l__chemformula_name_dim=\dimen320
\l__chemformula_adduct_space_dim=\dimen321
\l__chemformula_charge_shift_dim=\dimen322
\l__chemformula_subscript_shift_dim=\dimen323
\l__chemformula_superscript_shift_dim=\dimen324
\l__chemformula_subscript_dim=\dimen325
\l__chemformula_superscript_dim=\dimen326
\l__chemformula_bond_dim=\dimen327
\l__chemformula_bond_space_dim=\dimen328
\l__chemformula_elspec_pair_distance_dim=\dimen329
\l__chemformula_elspec_pair_line_length_dim=\dimen330
\l__chemformula_elspec_pair_width_dim=\dimen331
\l__chemformula_kroegervink_positive_radius_dim=\dimen332
\l__chemformula_kroegervink_positive_hshift_dim=\dimen333
\l__chemformula_kroegervink_positive_vshift_dim=\dimen334
\l__chemformula_kroegervink_positive_space_dim=\dimen335
\l__chemformula_stoich_space_skip=\skip66
\l__chemformula_math_space_skip=\skip67
\l__chemformula_additions_symbol_space_skip=\skip68
\l__chemformula_count_tokens_int=\count320
\g__chemformula_lewis_int=\count321
\l__chemformula_arrow_arg_i_box=\box78
\l__chemformula_arrow_arg_ii_box=\box79
\l__chemformula_superscript_box=\box80
\l__chemformula_subscript_box=\box81
\l__chemformula_plus_space_skip=\skip69
\l__chemformula_minus_space_skip=\skip70
) (./hw3.aux)
\openout1 = `hw3.aux'.

LaTeX Font Info:    Checking defaults for OML/cmm/m/it on input line 20.
LaTeX Font Info:    ... okay on input line 20.
LaTeX Font Info:    Checking defaults for OMS/cmsy/m/n on input line 20.
LaTeX Font Info:    ... okay on input line 20.
LaTeX Font Info:    Checking defaults for OT1/cmr/m/n on input line 20.
LaTeX Font Info:    ... okay on input line 20.
LaTeX Font Info:    Checking defaults for T1/cmr/m/n on input line 20.
LaTeX Font Info:    ... okay on input line 20.
LaTeX Font Info:    Checking defaults for TS1/cmr/m/n on input line 20.
LaTeX Font Info:    ... okay on input line 20.
LaTeX Font Info:    Checking defaults for OMX/cmex/m/n on input line 20.
LaTeX Font Info:    ... okay on input line 20.
LaTeX Font Info:    Checking defaults for U/cmr/m/n on input line 20.
LaTeX Font Info:    ... okay on input line 20.

*geometry* driver: auto-detecting
*geometry* detected driver: pdftex
*geometry* verbose mode - [ preamble ] result:
* driver: pdftex
* paper: letterpaper
* layout: <same size as paper>
* layoutoffset:(h,v)=(0.0pt,0.0pt)
* modes: 
* h-part:(L,W,R)=(92.14519pt, 430.00462pt, 92.14519pt)
* v-part:(T,H,B)=(95.39737pt, 556.47656pt, 143.09605pt)
* \paperwidth=614.295pt
* \paperheight=794.96999pt
* \textwidth=430.00462pt
* \textheight=556.47656pt
* \oddsidemargin=19.8752pt
* \evensidemargin=19.8752pt
* \topmargin=-13.87262pt
* \headheight=12.0pt
* \headsep=25.0pt
* \topskip=10.0pt
* \footskip=30.0pt
* \marginparwidth=65.0pt
* \marginparsep=11.0pt
* \columnsep=10.0pt
* \skip\footins=9.0pt plus 4.0pt minus 2.0pt
* \hoffset=0.0pt
* \voffset=0.0pt
* \mag=1000
* \@twocolumnfalse
* \@twosidefalse
* \@mparswitchfalse
* \@reversemarginfalse
* (1in=72.27pt=25.4mm, 1cm=28.453pt)


(/gnu/store/62p0ys0vb83hjxryj3nmicdniqga7km7-texlive-texmf-20210325/share/texmf
-dist/tex/latex/siunitx/siunitx-abbreviations.cfg
File: siunitx-abbreviations.cfg 2017/11/26 v2.7k siunitx: Abbreviated units
)
(/gnu/store/62p0ys0vb83hjxryj3nmicdniqga7km7-texlive-texmf-20210325/share/texmf
-dist/tex/latex/translator/translator-basic-dictionary-English.dict
Dictionary: translator-basic-dictionary, Language: English 
)
(/gnu/store/62p0ys0vb83hjxryj3nmicdniqga7km7-texlive-texmf-20210325/share/texmf
-dist/tex/latex/translations/translations-basic-dictionary-english.trsl
File: translations-basic-dictionary-english.trsl (english translation file `tra
nslations-basic-dictionary')
)
Package translations Info: loading dictionary `translations-basic-dictionary' f
or `english'. on input line 20.

Package chemgreek Info: Activating mapping `default' on line 20.



Package chemmacros Warning: You haven't loaded any package for upright Greek
(chemmacros)                letters or no unique choice was possible. Either
(chemmacros)                load one of packages specified in the manual or
(chemmacros)                select a chemgreek mapping manually.


(/gnu/store/62p0ys0vb83hjxryj3nmicdniqga7km7-texlive-texmf-20210325/share/texmf
-dist/tex/context/base/mkii/supp-pdf.mkii
[Loading MPS to PDF converter (version 2006.09.02).]
\scratchcounter=\count322
\scratchdimen=\dimen336
\scratchbox=\box82
\nofMPsegments=\count323
\nofMParguments=\count324
\everyMPshowfont=\toks41
\MPscratchCnt=\count325
\MPscratchDim=\dimen337
\MPnumerator=\count326
\makeMPintoPDFobject=\count327
\everyMPtoPDFconversion=\toks42
)
(/gnu/store/62p0ys0vb83hjxryj3nmicdniqga7km7-texlive-texmf-20210325/share/texmf
-dist/tex/latex/epstopdf-pkg/epstopdf-base.sty
Package: epstopdf-base 2020-01-24 v2.11 Base part for package epstopdf
Package epstopdf-base Info: Redefining graphics rule for `.eps' on input line 4
85.

(/gnu/store/62p0ys0vb83hjxryj3nmicdniqga7km7-texlive-texmf-20210325/share/texmf
-dist/tex/latex/latexconfig/epstopdf-sys.cfg
File: epstopdf-sys.cfg 2010/07/13 v1.3 Configuration of (r)epstopdf for TeX Liv
e
))
LaTeX Font Info:    Trying to load font information for U+msa on input line 20.


(/gnu/store/62p0ys0vb83hjxryj3nmicdniqga7km7-texlive-texmf-20210325/share/texmf
-dist/tex/latex/amsfonts/umsa.fd
File: umsa.fd 2013/01/14 v3.01 AMS symbols A
)
LaTeX Font Info:    Trying to load font information for U+msb on input line 20.


(/gnu/store/62p0ys0vb83hjxryj3nmicdniqga7km7-texlive-texmf-20210325/share/texmf
-dist/tex/latex/amsfonts/umsb.fd
File: umsb.fd 2013/01/14 v3.01 AMS symbols B
) [1

{/gnu/store/62p0ys0vb83hjxryj3nmicdniqga7km7-texlive-texmf-20210325/share/texmf
-dist/fonts/map/pdftex/updmap/pdftex.map}]
[2] [3] [4] (./hw3.aux) ) 
Here is how much of TeX's memory you used:
 21807 strings out of 478994
 496108 string characters out of 5833535
 747532 words of memory out of 5000000
 38862 multiletter control sequences out of 15000+600000
 444250 words of font info for 92 fonts, out of 8000000 for 9000
 1141 hyphenation exceptions out of 8191
 176i,14n,179p,601b,729s stack positions out of 5000i,500n,10000p,200000b,80000s
{/gnu/store/62p0ys0vb83hjxryj3nmicdniqga7km7-texlive-t
exmf-20210325/share/texmf-dist/fonts/enc/dvips/tex-gyre/q-rm.enc}</gnu/store/62
p0ys0vb83hjxryj3nmicdniqga7km7-texlive-texmf-20210325/share/texmf-dist/fonts/ty
pe1/public/amsfonts/cm/cmex10.pfb></gnu/store/62p0ys0vb83hjxryj3nmicdniqga7km7-
texlive-texmf-20210325/share/texmf-dist/fonts/type1/public/amsfonts/cm/cmmi10.p
fb></gnu/store/62p0ys0vb83hjxryj3nmicdniqga7km7-texlive-texmf-20210325/share/te
xmf-dist/fonts/type1/public/amsfonts/cm/cmmi5.pfb></gnu/store/62p0ys0vb83hjxryj
3nmicdniqga7km7-texlive-texmf-20210325/share/texmf-dist/fonts/type1/public/amsf
onts/cm/cmmi7.pfb></gnu/store/62p0ys0vb83hjxryj3nmicdniqga7km7-texlive-texmf-20
210325/share/texmf-dist/fonts/type1/public/amsfonts/cm/cmr10.pfb></gnu/store/62
p0ys0vb83hjxryj3nmicdniqga7km7-texlive-texmf-20210325/share/texmf-dist/fonts/ty
pe1/public/amsfonts/cm/cmr5.pfb></gnu/store/62p0ys0vb83hjxryj3nmicdniqga7km7-te
xlive-texmf-20210325/share/texmf-dist/fonts/type1/public/amsfonts/cm/cmr7.pfb><
/gnu/store/62p0ys0vb83hjxryj3nmicdniqga7km7-texlive-texmf-20210325/share/texmf-
dist/fonts/type1/public/amsfonts/cm/cmsy10.pfb></gnu/store/62p0ys0vb83hjxryj3nm
icdniqga7km7-texlive-texmf-20210325/share/texmf-dist/fonts/type1/public/amsfont
s/cm/cmsy5.pfb></gnu/store/62p0ys0vb83hjxryj3nmicdniqga7km7-texlive-texmf-20210
325/share/texmf-dist/fonts/type1/public/amsfonts/cm/cmsy7.pfb></gnu/store/62p0y
s0vb83hjxryj3nmicdniqga7km7-texlive-texmf-20210325/share/texmf-dist/fonts/type1
/public/amsfonts/symbols/msbm10.pfb></gnu/store/62p0ys0vb83hjxryj3nmicdniqga7km
7-texlive-texmf-20210325/share/texmf-dist/fonts/type1/public/tex-gyre/qplb.pfb>
</gnu/store/62p0ys0vb83hjxryj3nmicdniqga7km7-texlive-texmf-20210325/share/texmf
-dist/fonts/type1/public/tex-gyre/qplr.pfb></gnu/store/62p0ys0vb83hjxryj3nmicdn
iqga7km7-texlive-texmf-20210325/share/texmf-dist/fonts/type1/public/tex-gyre/qp
lri.pfb>
Output written on hw3.pdf (4 pages, 266497 bytes).
PDF statistics:
 77 PDF objects out of 1000 (max. 8388607)
 56 compressed objects within 1 object stream
 0 named destinations out of 1000 (max. 500000)
 13 words of extra memory for PDF output out of 10000 (max. 10000000)

