

*******************************************************************************
Sun Apr  3 16:55:31 2022


FIT:    data read from 'water.dat' using ($3/$1):2
        format = x:z
        #datapoints = 3
        residuals are weighted equally (unit weight)

function used for fitting: p(x)
fitted parameters initialized with current variable values



*******************************************************************************
Sun Apr  3 16:55:37 2022


FIT:    data read from 'water.dat' using ($3/$1):2
        format = x:z
        #datapoints = 3
        residuals are weighted equally (unit weight)

function used for fitting: P(x)
	P(r) = c*exp(-r / 8.31)
fitted parameters initialized with current variable values

iter      chisq       delta/lim  lambda   c            
   0 1.2104969850e+00   0.00e+00  7.00e-01    1.000000e+00
   4 3.4965918417e-03  -2.64e-08  7.00e-05    9.327664e-02

After 4 iterations the fit converged.
final sum of squares of residuals : 0.00349659
rel. change during last iteration : -2.64431e-13

degrees of freedom    (FIT_NDF)                        : 2
rms of residuals      (FIT_STDFIT) = sqrt(WSSR/ndf)    : 0.0418126
variance of residuals (reduced chisquare) = WSSR/ndf   : 0.0017483

Final set of parameters            Asymptotic Standard Error
=======================            ==========================
c               = 0.0932766        +/- 0.03451      (37%)


*******************************************************************************
Sun Apr  3 17:12:19 2022


FIT:    data read from 'water.dat' using ($3/($1 + 273)):2
        format = x:z
        #datapoints = 4
        residuals are weighted equally (unit weight)

function used for fitting: P(x)
	P(r) = c*exp(-r / 8.31)
fitted parameters initialized with current variable values

iter      chisq       delta/lim  lambda   c            
   0 1.9111197138e-02   0.00e+00  9.15e-02    9.327664e-02
   3 9.2748494876e-03  -2.64e-02  9.15e-05    4.273500e-02

After 3 iterations the fit converged.
final sum of squares of residuals : 0.00927485
rel. change during last iteration : -2.63814e-07

degrees of freedom    (FIT_NDF)                        : 3
rms of residuals      (FIT_STDFIT) = sqrt(WSSR/ndf)    : 0.0556023
variance of residuals (reduced chisquare) = WSSR/ndf   : 0.00309162

Final set of parameters            Asymptotic Standard Error
=======================            ==========================
c               = 0.042735         +/- 0.02834      (66.3%)


*******************************************************************************
Sun Apr  3 17:15:22 2022


FIT:    data read from 'water.dat' using ($3/($1 + 273)):2
        format = x:z
        #datapoints = 4
        residuals are weighted equally (unit weight)

function used for fitting: P(x)
	P(r) = c*exp(-r / 8.31)
fitted parameters initialized with current variable values

iter      chisq       delta/lim  lambda   c            
   0 9.2748494876e-03   0.00e+00  4.19e-02    4.273500e-02
   1 9.2748494876e-03  -3.74e-11  4.19e-03    4.273500e-02

After 1 iterations the fit converged.
final sum of squares of residuals : 0.00927485
rel. change during last iteration : -3.7407e-16

degrees of freedom    (FIT_NDF)                        : 3
rms of residuals      (FIT_STDFIT) = sqrt(WSSR/ndf)    : 0.0556023
variance of residuals (reduced chisquare) = WSSR/ndf   : 0.00309162

Final set of parameters            Asymptotic Standard Error
=======================            ==========================
c               = 0.042735         +/- 0.02834      (66.3%)


*******************************************************************************
Sun Apr  3 17:16:03 2022


FIT:    data read from 'water.dat' using ($3/($1 + 273)):2
        format = x:z
        #datapoints = 4
        residuals are weighted equally (unit weight)

function used for fitting: P(x)
	P(r) = c*exp(-r / 8.31)
fitted parameters initialized with current variable values

iter      chisq       delta/lim  lambda   c            
   0 9.2748494876e-03   0.00e+00  4.19e-02    4.273500e-02
   1 9.2748494876e-03   0.00e+00  4.19e-03    4.273500e-02

After 1 iterations the fit converged.
final sum of squares of residuals : 0.00927485
rel. change during last iteration : 0

degrees of freedom    (FIT_NDF)                        : 3
rms of residuals      (FIT_STDFIT) = sqrt(WSSR/ndf)    : 0.0556023
variance of residuals (reduced chisquare) = WSSR/ndf   : 0.00309162

Final set of parameters            Asymptotic Standard Error
=======================            ==========================
c               = 0.042735         +/- 0.02834      (66.3%)


*******************************************************************************
Sun Apr  3 17:20:07 2022


FIT:    data read from 'water.dat' using ($3/($1 + 273)):2
        format = x:z
        #datapoints = 4
        residuals are weighted equally (unit weight)

function used for fitting: P(x)
	P(r) = c*exp(r / 8.31)
fitted parameters initialized with current variable values

iter      chisq       delta/lim  lambda   c            
   0 9.3532092268e-03   0.00e+00  4.36e-02    4.273500e-02
   3 9.3399426881e-03  -3.53e-05  4.36e-05    4.094818e-02

After 3 iterations the fit converged.
final sum of squares of residuals : 0.00933994
rel. change during last iteration : -3.53333e-10

degrees of freedom    (FIT_NDF)                        : 3
rms of residuals      (FIT_STDFIT) = sqrt(WSSR/ndf)    : 0.0557971
variance of residuals (reduced chisquare) = WSSR/ndf   : 0.00311331

Final set of parameters            Asymptotic Standard Error
=======================            ==========================
c               = 0.0409482        +/- 0.02737      (66.85%)


*******************************************************************************
Sun Apr  3 17:24:47 2022


FIT:    data read from 'water.dat' using ($3*1000/($1+273)):2
        format = x:z
        #datapoints = 4
        residuals are weighted equally (unit weight)

function used for fitting: P(x)
	P(r)= c*exp(r/8.31)
fitted parameters initialized with current variable values

iter      chisq       delta/lim  lambda   c            
   0 3.5918371552e+19   0.00e+00  3.00e+09    1.000000e+00
   5 1.6258521833e-02  -2.15e-03  3.00e+04    1.164586e-12

After 5 iterations the fit converged.
final sum of squares of residuals : 0.0162585
rel. change during last iteration : -2.14657e-08

degrees of freedom    (FIT_NDF)                        : 3
rms of residuals      (FIT_STDFIT) = sqrt(WSSR/ndf)    : 0.0736173
variance of residuals (reduced chisquare) = WSSR/ndf   : 0.00541951

Final set of parameters            Asymptotic Standard Error
=======================            ==========================
c               = 1.16459e-12      +/- 1.228e-11    (1055%)


*******************************************************************************
Sun Apr  3 17:25:45 2022


FIT:    data read from 'water.dat' using (-$3*1000/($1+273)):2
        format = x:z
        #datapoints = 4
        residuals are weighted equally (unit weight)

function used for fitting: P(x)
	P(r)= c*exp(r/8.31)
fitted parameters initialized with current variable values

iter      chisq       delta/lim  lambda   c            
   0 1.6307236500e-02   0.00e+00  6.71e-20    1.164586e-12
   4 1.5980144736e-04  -1.56e-05  6.71e-21    1.102259e+06

After 4 iterations the fit converged.
final sum of squares of residuals : 0.000159801
rel. change during last iteration : -1.56316e-10

degrees of freedom    (FIT_NDF)                        : 3
rms of residuals      (FIT_STDFIT) = sqrt(WSSR/ndf)    : 0.00729843
variance of residuals (reduced chisquare) = WSSR/ndf   : 5.32671e-05

Final set of parameters            Asymptotic Standard Error
=======================            ==========================
c               = 1.10226e+06      +/- 6.331e+04    (5.744%)


*******************************************************************************
Sun Apr  3 17:26:03 2022


FIT:    data read from 'water.dat' using ($3*1000/($1+273)):2
        format = x:z
        #datapoints = 4
        residuals are weighted equally (unit weight)

function used for fitting: P(x)
	P(r)= c*exp(-r/8.31)
fitted parameters initialized with current variable values

iter      chisq       delta/lim  lambda   c            
   0 1.5980144736e-04   0.00e+00  6.35e-02    1.102259e+06
   1 1.5980144736e-04  -8.48e-11  6.35e-03    1.102259e+06

After 1 iterations the fit converged.
final sum of squares of residuals : 0.000159801
rel. change during last iteration : -8.48085e-16

degrees of freedom    (FIT_NDF)                        : 3
rms of residuals      (FIT_STDFIT) = sqrt(WSSR/ndf)    : 0.00729843
variance of residuals (reduced chisquare) = WSSR/ndf   : 5.32671e-05

Final set of parameters            Asymptotic Standard Error
=======================            ==========================
c               = 1.10226e+06      +/- 6.331e+04    (5.744%)


*******************************************************************************
Sun Apr  3 17:30:11 2022


FIT:    data read from 'water.dat' using ($3*1000/($1+273)):2
        format = x:z
        #datapoints = 4
        residuals are weighted equally (unit weight)

function used for fitting: P(x)
	P(r)= c*exp(-r/8.31)
fitted parameters initialized with current variable values

iter      chisq       delta/lim  lambda   c            
   0 1.6307207201e-02   0.00e+00  5.76e-08    1.000000e+00
   4 1.5980144736e-04  -1.59e-09  5.76e-12    1.102259e+06

After 4 iterations the fit converged.
final sum of squares of residuals : 0.000159801
rel. change during last iteration : -1.5944e-14

degrees of freedom    (FIT_NDF)                        : 3
rms of residuals      (FIT_STDFIT) = sqrt(WSSR/ndf)    : 0.00729843
variance of residuals (reduced chisquare) = WSSR/ndf   : 5.32671e-05

Final set of parameters            Asymptotic Standard Error
=======================            ==========================
c               = 1.10226e+06      +/- 6.331e+04    (5.744%)
